#
# There is insufficient memory for the Java Runtime Environment to continue.
# Native memory allocation (malloc) failed to allocate 783456 bytes for Chunk::new
# Possible reasons:
#   The system is out of physical RAM or swap space
#   In 32 bit mode, the process size limit was hit
# Possible solutions:
#   Reduce memory load on the system
#   Increase physical memory or swap space
#   Check if swap backing store is full
#   Use 64 bit Java on a 64 bit OS
#   Decrease Java heap size (-Xmx/-Xms)
#   Decrease number of Java threads
#   Decrease Java thread stack sizes (-Xss)
#   Set larger code cache with -XX:ReservedCodeCacheSize=
# This output file may be truncated or incomplete.
#
#  Out of Memory Error (allocation.cpp:390), pid=5516, tid=15604
#
# JRE version: Java(TM) SE Runtime Environment (8.0_60-b27) (build 1.8.0_60-b27)
# Java VM: Java HotSpot(TM) 64-Bit Server VM (25.60-b23 mixed mode windows-amd64 compressed oops)
# Failed to write core dump. Minidumps are not enabled by default on client versions of Windows
#

---------------  T H R E A D  ---------------

Current thread (0x0000000016fce000):  JavaThread "C2 CompilerThread1" daemon [_thread_in_native, id=15604, stack(0x00000000176a0000,0x00000000177a0000)]

Stack: [0x00000000176a0000,0x00000000177a0000]
[error occurred during error reporting (printing stack bounds), id 0xc0000005]

Native frames: (J=compiled Java code, j=interpreted, Vv=VM code, C=native code)


Current CompileTask:
C2:   1708 1447       4       com.android.dx.ssa.SCCP::simulateBlock (54 bytes)


---------------  P R O C E S S  ---------------

Java Threads: ( => current thread )
  0x0000000017282000 JavaThread "pool-2-thread-4" [_thread_blocked, id=2220, stack(0x00000000187a0000,0x00000000188a0000)]
  0x0000000017280800 JavaThread "pool-2-thread-3" [_thread_blocked, id=13388, stack(0x00000000186a0000,0x00000000187a0000)]
  0x000000001737d000 JavaThread "pool-2-thread-2" [_thread_blocked, id=9356, stack(0x00000000185a0000,0x00000000186a0000)]
  0x0000000017c1c800 JavaThread "pool-3-thread-1" [_thread_blocked, id=17120, stack(0x00000000184a0000,0x00000000185a0000)]
  0x0000000017be4800 JavaThread "pool-2-thread-1" [_thread_in_Java, id=1132, stack(0x00000000183a0000,0x00000000184a0000)]
  0x0000000016fdb800 JavaThread "Service Thread" daemon [_thread_blocked, id=13812, stack(0x00000000179a0000,0x0000000017aa0000)]
  0x0000000016fd6800 JavaThread "C1 CompilerThread3" daemon [_thread_in_native, id=17808, stack(0x00000000178a0000,0x00000000179a0000)]
  0x0000000016fcf000 JavaThread "C2 CompilerThread2" daemon [_thread_in_native, id=15880, stack(0x00000000177a0000,0x00000000178a0000)]
=>0x0000000016fce000 JavaThread "C2 CompilerThread1" daemon [_thread_in_native, id=15604, stack(0x00000000176a0000,0x00000000177a0000)]
  0x0000000016fc8000 JavaThread "C2 CompilerThread0" daemon [_thread_in_native, id=9072, stack(0x00000000175a0000,0x00000000176a0000)]
  0x0000000016fc2800 JavaThread "Attach Listener" daemon [_thread_blocked, id=16508, stack(0x00000000174a0000,0x00000000175a0000)]
  0x0000000014fbe000 JavaThread "Signal Dispatcher" daemon [_thread_blocked, id=9632, stack(0x00000000173a0000,0x00000000174a0000)]
  0x0000000002484000 JavaThread "Finalizer" daemon [_thread_blocked, id=12088, stack(0x0000000016ea0000,0x0000000016fa0000)]
  0x0000000002483000 JavaThread "Reference Handler" daemon [_thread_blocked, id=13956, stack(0x0000000016da0000,0x0000000016ea0000)]
  0x0000000002390800 JavaThread "main" [_thread_in_Java, id=7136, stack(0x0000000002290000,0x0000000002390000)]

Other Threads:
  0x0000000014fa9800 VMThread [stack: 0x0000000016ca0000,0x0000000016da0000] [id=8076]
  0x000000001704b800 WatcherThread [stack: 0x0000000017aa0000,0x0000000017ba0000] [id=8608]

VM state:not at safepoint (normal execution)

VM Mutex/Monitor currently owned by a thread: None

Heap:
 PSYoungGen      total 38400K, used 36455K [0x00000000eab00000, 0x00000000ef600000, 0x0000000100000000)
  eden space 33280K, 94% used [0x00000000eab00000,0x00000000ec99fd50,0x00000000ecb80000)
  from space 5120K, 99% used [0x00000000ecb80000,0x00000000ed079fe8,0x00000000ed080000)
  to   space 5120K, 0% used [0x00000000ef100000,0x00000000ef100000,0x00000000ef600000)
 ParOldGen       total 87552K, used 62K [0x00000000c0000000, 0x00000000c5580000, 0x00000000eab00000)
  object space 87552K, 0% used [0x00000000c0000000,0x00000000c000fb18,0x00000000c5580000)
 Metaspace       used 6124K, capacity 7024K, committed 7296K, reserved 1056768K
  class space    used 602K, capacity 616K, committed 640K, reserved 1048576K

Card table byte_map: [0x0000000011850000,0x0000000011a60000] byte_map_base: 0x0000000011250000

Marking Bits: (ParMarkBitMap*) 0x0000000053f0a5b0
 Begin Bits: [0x00000000123c0000, 0x00000000133c0000)
 End Bits:   [0x00000000133c0000, 0x00000000143c0000)

Polling page: 0x0000000000850000

CodeCache: size=245760Kb used=6001Kb max_used=6001Kb free=239758Kb
 bounds [0x0000000002490000, 0x0000000002a80000, 0x0000000011490000]
 total_blobs=1744 nmethods=1476 adapters=182
 compilation: enabled

Compilation events (10 events):
Event: 1.694 Thread 0x0000000016fd6800 nmethod 1488 0x0000000002a6ccd0 code [0x0000000002a6ce40, 0x0000000002a6d098]
Event: 1.694 Thread 0x0000000016fd6800 1489       3       com.android.dx.cf.code.LineNumberList::concat (92 bytes)
Event: 1.695 Thread 0x0000000016fd6800 nmethod 1489 0x0000000002a6d190 code [0x0000000002a6d4c0, 0x0000000002a6f128]
Event: 1.695 Thread 0x0000000016fd6800 1490       3       com.android.dx.rop.code.LocalVariableExtractor::extract (14 bytes)
Event: 1.695 Thread 0x0000000016fd6800 nmethod 1490 0x0000000002a70610 code [0x0000000002a70780, 0x0000000002a70978]
Event: 1.698 Thread 0x0000000016fd6800 1492       3       com.android.dx.rop.code.RegisterSpec::withType (13 bytes)
Event: 1.698 Thread 0x0000000016fd6800 nmethod 1492 0x0000000002a70a50 code [0x0000000002a70bc0, 0x0000000002a70da8]
Event: 1.699 Thread 0x0000000016fd6800 1493       3       com.android.dx.ssa.NormalSsaInsn::isMoveException (20 bytes)
Event: 1.699 Thread 0x0000000016fd6800 nmethod 1493 0x0000000002a70e90 code [0x0000000002a71000, 0x0000000002a712f0]
Event: 1.701 Thread 0x0000000016fd6800 1495   !   2       com.android.dx.cf.code.BytecodeArray::parseInstruction (2764 bytes)

GC Heap History (2 events):
Event: 1.134 GC heap before
{Heap before GC invocations=1 (full 0):
 PSYoungGen      total 38400K, used 33280K [0x00000000eab00000, 0x00000000ed580000, 0x0000000100000000)
  eden space 33280K, 100% used [0x00000000eab00000,0x00000000ecb80000,0x00000000ecb80000)
  from space 5120K, 0% used [0x00000000ed080000,0x00000000ed080000,0x00000000ed580000)
  to   space 5120K, 0% used [0x00000000ecb80000,0x00000000ecb80000,0x00000000ed080000)
 ParOldGen       total 87552K, used 0K [0x00000000c0000000, 0x00000000c5580000, 0x00000000eab00000)
  object space 87552K, 0% used [0x00000000c0000000,0x00000000c0000000,0x00000000c5580000)
 Metaspace       used 5872K, capacity 6832K, committed 7040K, reserved 1056768K
  class space    used 600K, capacity 616K, committed 640K, reserved 1048576K
Event: 1.172 GC heap after
Heap after GC invocations=1 (full 0):
 PSYoungGen      total 38400K, used 5095K [0x00000000eab00000, 0x00000000ef600000, 0x0000000100000000)
  eden space 33280K, 0% used [0x00000000eab00000,0x00000000eab00000,0x00000000ecb80000)
  from space 5120K, 99% used [0x00000000ecb80000,0x00000000ed079fe8,0x00000000ed080000)
  to   space 5120K, 0% used [0x00000000ef100000,0x00000000ef100000,0x00000000ef600000)
 ParOldGen       total 87552K, used 62K [0x00000000c0000000, 0x00000000c5580000, 0x00000000eab00000)
  object space 87552K, 0% used [0x00000000c0000000,0x00000000c000fb18,0x00000000c5580000)
 Metaspace       used 5872K, capacity 6832K, committed 7040K, reserved 1056768K
  class space    used 600K, capacity 616K, committed 640K, reserved 1048576K
}

Deoptimization events (10 events):
Event: 1.509 Thread 0x000000001737d000 Uncommon trap: reason=bimorphic action=maybe_recompile pc=0x0000000002990e2c method=com.android.dx.cf.code.BytecodeArray.parseInstruction(ILcom/android/dx/cf/code/BytecodeArray$Visitor;)I @ 2135
Event: 1.509 Thread 0x000000001737d000 Uncommon trap: reason=class_check action=maybe_recompile pc=0x000000000277c0a0 method=com.android.dx.rop.type.Type.equals(Ljava/lang/Object;)Z @ 8
Event: 1.510 Thread 0x000000001737d000 Uncommon trap: reason=null_check action=make_not_entrant pc=0x000000000277c0b0 method=com.android.dx.rop.type.Type.equals(Ljava/lang/Object;)Z @ 8
Event: 1.521 Thread 0x000000001737d000 Uncommon trap: reason=unstable_if action=reinterpret pc=0x00000000028b6868 method=com.android.dx.util.LabeledList.set(ILcom/android/dx/util/LabeledItem;)V @ 16
Event: 1.538 Thread 0x0000000017282000 Uncommon trap: reason=unstable_if action=reinterpret pc=0x00000000028978f8 method=com.android.dx.cf.code.Ropper.labelToResultIndex(I)I @ 34
Event: 1.542 Thread 0x0000000017282000 Uncommon trap: reason=class_check action=maybe_recompile pc=0x000000000275cf4c method=com.android.dx.rop.type.Type.equals(Ljava/lang/Object;)Z @ 8
Event: 1.542 Thread 0x0000000017282000 Uncommon trap: reason=class_check action=maybe_recompile pc=0x000000000275cf4c method=com.android.dx.rop.type.Type.equals(Ljava/lang/Object;)Z @ 8
Event: 1.542 Thread 0x0000000017282000 Uncommon trap: reason=bimorphic action=maybe_recompile pc=0x00000000029ab4e8 method=com.android.dx.ssa.LiteralOpUpgrader.tryReplacingWithConstant(Lcom/android/dx/ssa/NormalSsaInsn;)Z @ 52
Event: 1.699 Thread 0x0000000017be4800 Uncommon trap: reason=bimorphic action=maybe_recompile pc=0x000000000299111c method=com.android.dx.cf.code.BytecodeArray.parseInstruction(ILcom/android/dx/cf/code/BytecodeArray$Visitor;)I @ 2484
Event: 1.700 Thread 0x0000000017be4800 Uncommon trap: reason=bimorphic action=maybe_recompile pc=0x000000000299111c method=com.android.dx.cf.code.BytecodeArray.parseInstruction(ILcom/android/dx/cf/code/BytecodeArray$Visitor;)I @ 2484

Internal exceptions (3 events):
Event: 0.052 Thread 0x0000000002390800 Exception <a 'java/lang/NoSuchMethodError': Method sun.misc.Unsafe.defineClass(Ljava/lang/String;[BII)Ljava/lang/Class; name or signature does not match> (0x00000000eab0d738) thrown at [C:\re\workspace\8-2-build-windows-amd64-cygwin\jdk8u60\4407\hotspot\sr+œ$ìäª?
Event: 0.053 Thread 0x0000000002390800 Exception <a 'java/lang/NoSuchMethodError': Method sun.misc.Unsafe.prefetchRead(Ljava/lang/Object;J)V name or signature does not match> (0x00000000eab0da20) thrown at [C:\re\workspace\8-2-build-windows-amd64-cygwin\jdk8u60\4407\hotspot\src\share\vm\prims\jï_ÑJ'ø?
Event: 1.510 Thread 0x000000001737d000 Implicit null exception at 0x000000000277bfa2 to 0x000000000277c0a1

Events (10 events):
Event: 1.662 Thread 0x0000000017282000 DEOPT PACKING pc=0x00000000029f2f02 sp=0x000000001889e540
Event: 1.662 Thread 0x0000000017282000 DEOPT UNPACKING pc=0x00000000024d747f sp=0x000000001889e2a8 mode 0
Event: 1.671 loading class com/android/dx/rop/code/RegisterSpec$1
Event: 1.671 loading class com/android/dx/rop/code/RegisterSpec$1 done
Event: 1.699 Thread 0x0000000017be4800 Uncommon trap: trap_request=0xffffffc6 fr.pc=0x000000000299111c
Event: 1.699 Thread 0x0000000017be4800 DEOPT PACKING pc=0x000000000299111c sp=0x000000001849ed00
Event: 1.700 Thread 0x0000000017be4800 DEOPT UNPACKING pc=0x00000000024d582a sp=0x000000001849eca8 mode 2
Event: 1.700 Thread 0x0000000017be4800 Uncommon trap: trap_request=0xffffffc6 fr.pc=0x000000000299111c
Event: 1.700 Thread 0x0000000017be4800 DEOPT PACKING pc=0x000000000299111c sp=0x000000001849eab0
Event: 1.700 Thread 0x0000000017be4800 DEOPT UNPACKING pc=0x00000000024d582a sp=0x000000001849ea58 mode 2


Dynamic libraries:
0x00007ff7b7250000 - 0x00007ff7b7287000 	C:\Program Files\Java\jdk1.8.0_60\bin\java.exe
0x00007ff82dc20000 - 0x00007ff82dde1000 	C:\WINDOWS\SYSTEM32\ntdll.dll
0x00007ff82d940000 - 0x00007ff82d9ed000 	C:\WINDOWS\system32\KERNEL32.DLL
0x00007ff82a9f0000 - 0x00007ff82abd8000 	C:\WINDOWS\system32\KERNELBASE.dll
0x00007ff82b180000 - 0x00007ff82b227000 	C:\WINDOWS\system32\ADVAPI32.dll
0x00007ff82cc50000 - 0x00007ff82cced000 	C:\WINDOWS\system32\msvcrt.dll
0x00007ff82cbb0000 - 0x00007ff82cc0b000 	C:\WINDOWS\system32\sechost.dll
0x00007ff82d9f0000 - 0x00007ff82db0c000 	C:\WINDOWS\system32\RPCRT4.dll
0x00007ff82b020000 - 0x00007ff82b176000 	C:\WINDOWS\system32\USER32.dll
0x00007ff82b4c0000 - 0x00007ff82b646000 	C:\WINDOWS\system32\GDI32.dll
0x00007ff8261d0000 - 0x00007ff826444000 	C:\WINDOWS\WinSxS\amd64_microsoft.windows.common-controls_6595b64144ccf1df_6.0.10586.0_none_8c15ae12515e1c22\COMCTL32.dll
0x00007ff82d660000 - 0x00007ff82d8dd000 	C:\WINDOWS\system32\combase.dll
0x00007ff82abe0000 - 0x00007ff82ac4a000 	C:\WINDOWS\system32\bcryptPrimitives.dll
0x00007ff82ccf0000 - 0x00007ff82cd2b000 	C:\WINDOWS\system32\IMM32.DLL
0x0000000053250000 - 0x0000000053322000 	C:\Program Files\Java\jdk1.8.0_60\jre\bin\msvcr100.dll
0x0000000053700000 - 0x0000000053f89000 	C:\Program Files\Java\jdk1.8.0_60\jre\bin\server\jvm.dll
0x00007ff82cc10000 - 0x00007ff82cc18000 	C:\WINDOWS\system32\PSAPI.DLL
0x00007ff81e2c0000 - 0x00007ff81e2c9000 	C:\WINDOWS\SYSTEM32\WSOCK32.dll
0x00007ff828580000 - 0x00007ff8285a3000 	C:\WINDOWS\SYSTEM32\WINMM.dll
0x00007ff82cd30000 - 0x00007ff82cd9b000 	C:\WINDOWS\system32\WS2_32.dll
0x00007ff8267e0000 - 0x00007ff8267ea000 	C:\WINDOWS\SYSTEM32\VERSION.dll
0x00007ff828520000 - 0x00007ff82854c000 	C:\WINDOWS\SYSTEM32\WINMMBASE.dll
0x00007ff82ad70000 - 0x00007ff82adb3000 	C:\WINDOWS\system32\cfgmgr32.dll
0x00000000536f0000 - 0x00000000536ff000 	C:\Program Files\Java\jdk1.8.0_60\jre\bin\verify.dll
0x00000000536c0000 - 0x00000000536e9000 	C:\Program Files\Java\jdk1.8.0_60\jre\bin\java.dll
0x00000000536a0000 - 0x00000000536b6000 	C:\Program Files\Java\jdk1.8.0_60\jre\bin\zip.dll
0x00007ff82b650000 - 0x00007ff82cbac000 	C:\WINDOWS\system32\SHELL32.dll
0x00007ff82a380000 - 0x00007ff82a9c4000 	C:\WINDOWS\system32\windows.storage.dll
0x00007ff82d390000 - 0x00007ff82d3e2000 	C:\WINDOWS\system32\shlwapi.dll
0x00007ff82a2a0000 - 0x00007ff82a2af000 	C:\WINDOWS\system32\kernel.appcore.dll
0x00007ff82ac50000 - 0x00007ff82ad05000 	C:\WINDOWS\system32\shcore.dll
0x00007ff82a240000 - 0x00007ff82a28b000 	C:\WINDOWS\system32\powrprof.dll
0x00007ff82a2b0000 - 0x00007ff82a2c4000 	C:\WINDOWS\system32\profapi.dll

VM Arguments:
jvm_args: -Djava.awt.headless=true -Xmx1024M -Dfile.encoding=windows-1252 -Duser.country=US -Duser.language=en -Duser.variant 
java_command: com.android.dx.command.Main --dex --force-jumbo --num-threads=4 --multi-dex --output C:\Users\Benny\workspace\ElegantErowid\app\build\intermediates\transforms\dex\debug\folders\1000\10\com.android.support-support-v4-23.3.0_5adfbc399647925b415b1ef1995a082577f36212 C:\Users\Benny\workspace\ElegantErowid\app\build\intermediates\exploded-aar\com.android.support\support-v4\23.3.0\jars\classes.jar
java_class_path (initial): C:\Users\Benny\AppData\Local\Android\sdk\build-tools\23.0.3\lib\dx.jar
Launcher Type: SUN_STANDARD

Environment Variables:
CLASSPATH=.;
PATH=C:\ProgramData\Oracle\Java\javapath;C:\WINDOWS\system32;C:\WINDOWS;C:\WINDOWS\System32\Wbem;C:\WINDOWS\System32\WindowsPowerShell\v1.0\;C:\Program Files (x86)\GNU\GnuPG\pub;C:\Program Files\Java\jdk1.8.0_60\bin;C:\Program Files (x86)\NVIDIA Corporation\PhysX\Common;C:\WINDOWS\system32;C:\WINDOWS;C:\WINDOWS\System32\Wbem;C:\WINDOWS\System32\WindowsPowerShell\v1.0\;C:\Program Files (x86)\MySQL\MySQL Fabric 1.5 & MySQL Utilities 1.5\;C:\Program Files (x86)\MySQL\MySQL Fabric 1.5 & MySQL Utilities 1.5\Doctrine extensions for PHP\;C:\Program Files (x86)\Skype\Phone\
USERNAME=Benny
OS=Windows_NT
PROCESSOR_IDENTIFIER=AMD64 Family 21 Model 2 Stepping 0, AuthenticAMD



---------------  S Y S T E M  ---------------

OS: Windows 10.0 , 64 bit Build 10586 (10.0.10586.0)

CPU:total 8 (8 cores per cpu, 1 threads per core) family 21 model 2 stepping 0, cmov, cx8, fxsr, mmx, sse, sse2, sse3, ssse3, sse4.1, sse4.2, popcnt, avx, aes, clmul, mmxext, 3dnowpref, lzcnt, sse4a, tsc, tscinvbit, tscinv, bmi1

Memory: 4k page, physical 8370292k(1492392k free), swap 17139976k(5372k free)

vm_info: Java HotSpot(TM) 64-Bit Server VM (25.60-b23) for windows-amd64 JRE (1.8.0_60-b27), built on Aug  4 2015 11:06:27 by "java_re" with MS VC++ 10.0 (VS2010)

time: Thu May 19 20:39:28 2016
elapsed time: 1 seconds (0d 0h 0m 1s)

