#
# There is insufficient memory for the Java Runtime Environment to continue.
# Native memory allocation (malloc) failed to allocate 697296 bytes for Chunk::new
# Possible reasons:
#   The system is out of physical RAM or swap space
#   In 32 bit mode, the process size limit was hit
# Possible solutions:
#   Reduce memory load on the system
#   Increase physical memory or swap space
#   Check if swap backing store is full
#   Use 64 bit Java on a 64 bit OS
#   Decrease Java heap size (-Xmx/-Xms)
#   Decrease number of Java threads
#   Decrease Java thread stack sizes (-Xss)
#   Set larger code cache with -XX:ReservedCodeCacheSize=
# This output file may be truncated or incomplete.
#
#  Out of Memory Error (allocation.cpp:390), pid=15760, tid=1000
#
# JRE version: Java(TM) SE Runtime Environment (8.0_60-b27) (build 1.8.0_60-b27)
# Java VM: Java HotSpot(TM) 64-Bit Server VM (25.60-b23 mixed mode windows-amd64 compressed oops)
# Failed to write core dump. Minidumps are not enabled by default on client versions of Windows
#

---------------  T H R E A D  ---------------

Current thread (0x0000000016f2d800):  JavaThread "C2 CompilerThread2" daemon [_thread_in_native, id=1000, stack(0x00000000176b0000,0x00000000177b0000)]

Stack: [0x00000000176b0000,0x00000000177b0000]
[error occurred during error reporting (printing stack bounds), id 0xc0000005]

Native frames: (J=compiled Java code, j=interpreted, Vv=VM code, C=native code)


Current CompileTask:
C2:   1474 1325       4       com.android.dx.ssa.LocalVariableExtractor::processBlock (383 bytes)


---------------  P R O C E S S  ---------------

Java Threads: ( => current thread )
  0x0000000017b27000 JavaThread "pool-2-thread-4" [_thread_blocked, id=8980, stack(0x00000000186b0000,0x00000000187b0000)]
  0x0000000017278000 JavaThread "pool-2-thread-3" [_thread_blocked, id=18180, stack(0x00000000185b0000,0x00000000186b0000)]
  0x0000000017277000 JavaThread "pool-2-thread-2" [_thread_blocked, id=10988, stack(0x00000000184b0000,0x00000000185b0000)]
  0x0000000017b21000 JavaThread "pool-3-thread-1" [_thread_blocked, id=14800, stack(0x00000000183b0000,0x00000000184b0000)]
  0x0000000017b20800 JavaThread "pool-2-thread-1" [_thread_in_Java, id=16392, stack(0x00000000182b0000,0x00000000183b0000)]
  0x0000000016f55800 JavaThread "Service Thread" daemon [_thread_blocked, id=16900, stack(0x00000000178b0000,0x00000000179b0000)]
  0x0000000016f34800 JavaThread "C1 CompilerThread3" daemon [_thread_blocked, id=15624, stack(0x00000000177b0000,0x00000000178b0000)]
=>0x0000000016f2d800 JavaThread "C2 CompilerThread2" daemon [_thread_in_native, id=1000, stack(0x00000000176b0000,0x00000000177b0000)]
  0x0000000016f2d000 JavaThread "C2 CompilerThread1" daemon [_thread_in_native, id=10492, stack(0x00000000175b0000,0x00000000176b0000)]
  0x0000000016ed6800 JavaThread "C2 CompilerThread0" daemon [_thread_in_native, id=13048, stack(0x00000000174b0000,0x00000000175b0000)]
  0x0000000016ed4800 JavaThread "Attach Listener" daemon [_thread_blocked, id=2252, stack(0x00000000173b0000,0x00000000174b0000)]
  0x0000000016ed3800 JavaThread "Signal Dispatcher" daemon [_thread_blocked, id=15300, stack(0x00000000172b0000,0x00000000173b0000)]
  0x00000000022d3000 JavaThread "Finalizer" daemon [_thread_blocked, id=1340, stack(0x0000000016cd0000,0x0000000016dd0000)]
  0x00000000022d2000 JavaThread "Reference Handler" daemon [_thread_blocked, id=7640, stack(0x0000000016bd0000,0x0000000016cd0000)]
  0x00000000021e0800 JavaThread "main" [_thread_blocked, id=13956, stack(0x0000000002090000,0x0000000002190000)]

Other Threads:
  0x0000000014dfa000 VMThread [stack: 0x0000000016ad0000,0x0000000016bd0000] [id=4580]
  0x0000000016f58000 WatcherThread [stack: 0x00000000179b0000,0x0000000017ab0000] [id=12300]

VM state:not at safepoint (normal execution)

VM Mutex/Monitor currently owned by a thread: None

Heap:
 PSYoungGen      total 38400K, used 15692K [0x00000000eab00000, 0x00000000ef600000, 0x0000000100000000)
  eden space 33280K, 31% used [0x00000000eab00000,0x00000000eb556f20,0x00000000ecb80000)
  from space 5120K, 99% used [0x00000000ecb80000,0x00000000ed07c368,0x00000000ed080000)
  to   space 5120K, 0% used [0x00000000ef100000,0x00000000ef100000,0x00000000ef600000)
 ParOldGen       total 87552K, used 952K [0x00000000c0000000, 0x00000000c5580000, 0x00000000eab00000)
  object space 87552K, 1% used [0x00000000c0000000,0x00000000c00ee210,0x00000000c5580000)
 Metaspace       used 6068K, capacity 6960K, committed 7040K, reserved 1056768K
  class space    used 602K, capacity 616K, committed 640K, reserved 1048576K

Card table byte_map: [0x00000000116a0000,0x00000000118b0000] byte_map_base: 0x00000000110a0000

Marking Bits: (ParMarkBitMap*) 0x0000000053f0a5b0
 Begin Bits: [0x0000000012210000, 0x0000000013210000)
 End Bits:   [0x0000000013210000, 0x0000000014210000)

Polling page: 0x0000000000790000

CodeCache: size=245760Kb used=5449Kb max_used=5457Kb free=240310Kb
 bounds [0x00000000022e0000, 0x0000000002840000, 0x00000000112e0000]
 total_blobs=1629 nmethods=1361 adapters=182
 compilation: enabled

Compilation events (10 events):
Event: 1.406 Thread 0x0000000016f34800 1366       3       com.android.dx.cf.code.OneLocalsArray::getMaxLocals (6 bytes)
Event: 1.406 Thread 0x0000000016f34800 nmethod 1366 0x000000000282a990 code [0x000000000282aae0, 0x000000000282ac30]
Event: 1.417 Thread 0x0000000016f2d000 nmethod 1263 0x000000000282ff10 code [0x0000000002830240, 0x00000000028327b0]
Event: 1.418 Thread 0x0000000016f2d000 1327       4       com.android.dx.ssa.LiteralOpUpgrader$1::visitNonMoveInsn (203 bytes)
Event: 1.436 Thread 0x0000000016ed6800 nmethod 1322 0x0000000002835fd0 code [0x0000000002836240, 0x0000000002837db8]
Event: 1.436 Thread 0x0000000016ed6800 1328       4       com.android.dx.ssa.LiteralOpUpgrader::tryReplacingWithConstant (161 bytes)
Event: 1.470 Thread 0x0000000016f34800 1368       3       com.android.dx.rop.cst.CstNat::equals (48 bytes)
Event: 1.471 Thread 0x0000000016f34800 nmethod 1368 0x000000000282f0d0 code [0x000000000282f2a0, 0x000000000282fc98]
Event: 1.471 Thread 0x0000000016f34800 1369       3       com.android.dx.cf.code.Frame::mergeWith (80 bytes)
Event: 1.472 Thread 0x0000000016f34800 nmethod 1369 0x000000000282da10 code [0x000000000282dc40, 0x000000000282ec28]

GC Heap History (2 events):
Event: 1.193 GC heap before
{Heap before GC invocations=1 (full 0):
 PSYoungGen      total 38400K, used 33280K [0x00000000eab00000, 0x00000000ed580000, 0x0000000100000000)
  eden space 33280K, 100% used [0x00000000eab00000,0x00000000ecb80000,0x00000000ecb80000)
  from space 5120K, 0% used [0x00000000ed080000,0x00000000ed080000,0x00000000ed580000)
  to   space 5120K, 0% used [0x00000000ecb80000,0x00000000ecb80000,0x00000000ed080000)
 ParOldGen       total 87552K, used 0K [0x00000000c0000000, 0x00000000c5580000, 0x00000000eab00000)
  object space 87552K, 0% used [0x00000000c0000000,0x00000000c0000000,0x00000000c5580000)
 Metaspace       used 5982K, capacity 6896K, committed 7040K, reserved 1056768K
  class space    used 602K, capacity 616K, committed 640K, reserved 1048576K
Event: 1.318 GC heap after
Heap after GC invocations=1 (full 0):
 PSYoungGen      total 38400K, used 5104K [0x00000000eab00000, 0x00000000ef600000, 0x0000000100000000)
  eden space 33280K, 0% used [0x00000000eab00000,0x00000000eab00000,0x00000000ecb80000)
  from space 5120K, 99% used [0x00000000ecb80000,0x00000000ed07c368,0x00000000ed080000)
  to   space 5120K, 0% used [0x00000000ef100000,0x00000000ef100000,0x00000000ef600000)
 ParOldGen       total 87552K, used 952K [0x00000000c0000000, 0x00000000c5580000, 0x00000000eab00000)
  object space 87552K, 1% used [0x00000000c0000000,0x00000000c00ee210,0x00000000c5580000)
 Metaspace       used 5982K, capacity 6896K, committed 7040K, reserved 1056768K
  class space    used 602K, capacity 616K, committed 640K, reserved 1048576K
}

Deoptimization events (7 events):
Event: 0.247 Thread 0x00000000021e0800 Uncommon trap: reason=unstable_if action=reinterpret pc=0x0000000002430514 method=java.lang.String.compareTo(Ljava/lang/String;)I @ 38
Event: 0.653 Thread 0x0000000017b27000 Uncommon trap: reason=bimorphic action=maybe_recompile pc=0x00000000024fb748 method=java.util.HashMap.getNode(ILjava/lang/Object;)Ljava/util/HashMap$Node; @ 126
Event: 0.654 Thread 0x0000000017b27000 Uncommon trap: reason=unstable_if action=reinterpret pc=0x00000000024fb704 method=java.util.HashMap.getNode(ILjava/lang/Object;)Ljava/util/HashMap$Node; @ 62
Event: 0.669 Thread 0x0000000017277000 Uncommon trap: reason=unstable_if action=reinterpret pc=0x00000000024fdf30 method=java.util.BitSet.nextSetBit(I)I @ 87
Event: 0.844 Thread 0x0000000017278000 Uncommon trap: reason=unstable_if action=reinterpret pc=0x00000000025d6a64 method=com.android.dx.rop.code.RegisterSpecSet.put(Lcom/android/dx/rop/code/RegisterSpec;)V @ 77
Event: 0.845 Thread 0x0000000017278000 Uncommon trap: reason=unstable_if action=reinterpret pc=0x0000000002634f80 method=com.android.dx.rop.code.RegisterSpecSet.put(Lcom/android/dx/rop/code/RegisterSpec;)V @ 77
Event: 1.347 Thread 0x0000000017b27000 Uncommon trap: reason=unstable_if action=reinterpret pc=0x00000000025b16a0 method=com.android.dx.rop.code.RegisterSpec.equals(ILcom/android/dx/rop/type/TypeBearer;Lcom/android/dx/rop/code/LocalItem;)Z @ 42

Internal exceptions (2 events):
Event: 0.059 Thread 0x00000000021e0800 Exception <a 'java/lang/NoSuchMethodError': Method sun.misc.Unsafe.defineClass(Ljava/lang/String;[BII)Ljava/lang/Class; name or signature does not match> (0x00000000eab0d5c0) thrown at [C:\re\workspace\8-2-build-windows-amd64-cygwin\jdk8u60\4407\hotspot\sr :†z®?
Event: 0.060 Thread 0x00000000021e0800 Exception <a 'java/lang/NoSuchMethodError': Method sun.misc.Unsafe.prefetchRead(Ljava/lang/Object;J)V name or signature does not match> (0x00000000eab0d8a8) thrown at [C:\re\workspace\8-2-build-windows-amd64-cygwin\jdk8u60\4407\hotspot\src\share\vm\prims\j

Events (10 events):
Event: 0.848 loading class com/android/dx/dex/file/FieldAnnotationStruct done
Event: 0.911 loading class java/util/DualPivotQuicksort
Event: 0.912 loading class java/util/DualPivotQuicksort done
Event: 1.063 Executing VM operation: ForceSafepoint
Event: 1.191 Executing VM operation: ForceSafepoint done
Event: 1.193 Executing VM operation: ParallelGCFailedAllocation
Event: 1.318 Executing VM operation: ParallelGCFailedAllocation done
Event: 1.347 Thread 0x0000000017b27000 Uncommon trap: trap_request=0xffffff65 fr.pc=0x00000000025b16a0
Event: 1.347 Thread 0x0000000017b27000 DEOPT PACKING pc=0x00000000025b16a0 sp=0x00000000187ae470
Event: 1.347 Thread 0x0000000017b27000 DEOPT UNPACKING pc=0x000000000232582a sp=0x00000000187ae3f8 mode 2


Dynamic libraries:
0x00007ff7b7250000 - 0x00007ff7b7287000 	C:\Program Files\Java\jdk1.8.0_60\bin\java.exe
0x00007ff82dc20000 - 0x00007ff82dde1000 	C:\WINDOWS\SYSTEM32\ntdll.dll
0x00007ff82d940000 - 0x00007ff82d9ed000 	C:\WINDOWS\system32\KERNEL32.DLL
0x00007ff82a9f0000 - 0x00007ff82abd8000 	C:\WINDOWS\system32\KERNELBASE.dll
0x00007ff82b180000 - 0x00007ff82b227000 	C:\WINDOWS\system32\ADVAPI32.dll
0x00007ff82cc50000 - 0x00007ff82cced000 	C:\WINDOWS\system32\msvcrt.dll
0x00007ff82cbb0000 - 0x00007ff82cc0b000 	C:\WINDOWS\system32\sechost.dll
0x00007ff82d9f0000 - 0x00007ff82db0c000 	C:\WINDOWS\system32\RPCRT4.dll
0x00007ff82b020000 - 0x00007ff82b176000 	C:\WINDOWS\system32\USER32.dll
0x00007ff82b4c0000 - 0x00007ff82b646000 	C:\WINDOWS\system32\GDI32.dll
0x00007ff8261d0000 - 0x00007ff826444000 	C:\WINDOWS\WinSxS\amd64_microsoft.windows.common-controls_6595b64144ccf1df_6.0.10586.0_none_8c15ae12515e1c22\COMCTL32.dll
0x00007ff82d660000 - 0x00007ff82d8dd000 	C:\WINDOWS\system32\combase.dll
0x00007ff82abe0000 - 0x00007ff82ac4a000 	C:\WINDOWS\system32\bcryptPrimitives.dll
0x00007ff82ccf0000 - 0x00007ff82cd2b000 	C:\WINDOWS\system32\IMM32.DLL
0x0000000053250000 - 0x0000000053322000 	C:\Program Files\Java\jdk1.8.0_60\jre\bin\msvcr100.dll
0x0000000053700000 - 0x0000000053f89000 	C:\Program Files\Java\jdk1.8.0_60\jre\bin\server\jvm.dll
0x00007ff82cc10000 - 0x00007ff82cc18000 	C:\WINDOWS\system32\PSAPI.DLL
0x00007ff81e2c0000 - 0x00007ff81e2c9000 	C:\WINDOWS\SYSTEM32\WSOCK32.dll
0x00007ff82cd30000 - 0x00007ff82cd9b000 	C:\WINDOWS\system32\WS2_32.dll
0x00007ff828580000 - 0x00007ff8285a3000 	C:\WINDOWS\SYSTEM32\WINMM.dll
0x00007ff8267e0000 - 0x00007ff8267ea000 	C:\WINDOWS\SYSTEM32\VERSION.dll
0x00007ff828520000 - 0x00007ff82854c000 	C:\WINDOWS\SYSTEM32\WINMMBASE.dll
0x00007ff82ad70000 - 0x00007ff82adb3000 	C:\WINDOWS\system32\cfgmgr32.dll
0x00000000536f0000 - 0x00000000536ff000 	C:\Program Files\Java\jdk1.8.0_60\jre\bin\verify.dll
0x00000000536c0000 - 0x00000000536e9000 	C:\Program Files\Java\jdk1.8.0_60\jre\bin\java.dll
0x00000000536a0000 - 0x00000000536b6000 	C:\Program Files\Java\jdk1.8.0_60\jre\bin\zip.dll
0x00007ff82b650000 - 0x00007ff82cbac000 	C:\WINDOWS\system32\SHELL32.dll
0x00007ff82a380000 - 0x00007ff82a9c4000 	C:\WINDOWS\system32\windows.storage.dll
0x00007ff82d390000 - 0x00007ff82d3e2000 	C:\WINDOWS\system32\shlwapi.dll
0x00007ff82a2a0000 - 0x00007ff82a2af000 	C:\WINDOWS\system32\kernel.appcore.dll
0x00007ff82ac50000 - 0x00007ff82ad05000 	C:\WINDOWS\system32\shcore.dll
0x00007ff82a240000 - 0x00007ff82a28b000 	C:\WINDOWS\system32\powrprof.dll
0x00007ff82a2b0000 - 0x00007ff82a2c4000 	C:\WINDOWS\system32\profapi.dll

VM Arguments:
jvm_args: -Djava.awt.headless=true -Xmx1024M -Dfile.encoding=windows-1252 -Duser.country=US -Duser.language=en -Duser.variant 
java_command: com.android.dx.command.Main --dex --force-jumbo --num-threads=4 --multi-dex --output C:\Users\Benny\workspace\ElegantErowid\app\build\intermediates\transforms\dex\debug\folders\1000\10\com.android.support-appcompat-v7-23.3.0_73ad6f6fea3e9f60832859fe48c49ad90b1b633b C:\Users\Benny\workspace\ElegantErowid\app\build\intermediates\exploded-aar\com.android.support\appcompat-v7\23.3.0\jars\classes.jar
java_class_path (initial): C:\Users\Benny\AppData\Local\Android\sdk\build-tools\23.0.3\lib\dx.jar
Launcher Type: SUN_STANDARD

Environment Variables:
CLASSPATH=.;
PATH=C:\ProgramData\Oracle\Java\javapath;C:\WINDOWS\system32;C:\WINDOWS;C:\WINDOWS\System32\Wbem;C:\WINDOWS\System32\WindowsPowerShell\v1.0\;C:\Program Files (x86)\GNU\GnuPG\pub;C:\Program Files\Java\jdk1.8.0_60\bin;C:\Program Files (x86)\NVIDIA Corporation\PhysX\Common;C:\WINDOWS\system32;C:\WINDOWS;C:\WINDOWS\System32\Wbem;C:\WINDOWS\System32\WindowsPowerShell\v1.0\;C:\Program Files (x86)\MySQL\MySQL Fabric 1.5 & MySQL Utilities 1.5\;C:\Program Files (x86)\MySQL\MySQL Fabric 1.5 & MySQL Utilities 1.5\Doctrine extensions for PHP\;C:\Program Files (x86)\Skype\Phone\
USERNAME=Benny
OS=Windows_NT
PROCESSOR_IDENTIFIER=AMD64 Family 21 Model 2 Stepping 0, AuthenticAMD



---------------  S Y S T E M  ---------------

OS: Windows 10.0 , 64 bit Build 10586 (10.0.10586.0)

CPU:total 8 (8 cores per cpu, 1 threads per core) family 21 model 2 stepping 0, cmov, cx8, fxsr, mmx, sse, sse2, sse3, ssse3, sse4.1, sse4.2, popcnt, avx, aes, clmul, mmxext, 3dnowpref, lzcnt, sse4a, tsc, tscinvbit, tscinv, bmi1

Memory: 4k page, physical 8370292k(1361724k free), swap 17139976k(5376k free)

vm_info: Java HotSpot(TM) 64-Bit Server VM (25.60-b23) for windows-amd64 JRE (1.8.0_60-b27), built on Aug  4 2015 11:06:27 by "java_re" with MS VC++ 10.0 (VS2010)

time: Thu May 19 20:40:12 2016
elapsed time: 1 seconds (0d 0h 0m 1s)

