#
# There is insufficient memory for the Java Runtime Environment to continue.
# Native memory allocation (malloc) failed to allocate 32744 bytes for ChunkPool::allocate
# Possible reasons:
#   The system is out of physical RAM or swap space
#   In 32 bit mode, the process size limit was hit
# Possible solutions:
#   Reduce memory load on the system
#   Increase physical memory or swap space
#   Check if swap backing store is full
#   Use 64 bit Java on a 64 bit OS
#   Decrease Java heap size (-Xmx/-Xms)
#   Decrease number of Java threads
#   Decrease Java thread stack sizes (-Xss)
#   Set larger code cache with -XX:ReservedCodeCacheSize=
# This output file may be truncated or incomplete.
#
#  Out of Memory Error (allocation.cpp:273), pid=16264, tid=10852
#
# JRE version: Java(TM) SE Runtime Environment (8.0_60-b27) (build 1.8.0_60-b27)
# Java VM: Java HotSpot(TM) 64-Bit Server VM (25.60-b23 mixed mode windows-amd64 compressed oops)
# Failed to write core dump. Minidumps are not enabled by default on client versions of Windows
#

---------------  T H R E A D  ---------------

Current thread (0x0000000016eeb000):  JavaThread "C2 CompilerThread1" daemon [_thread_in_native, id=10852, stack(0x00000000175c0000,0x00000000176c0000)]

Stack: [0x00000000175c0000,0x00000000176c0000]
[error occurred during error reporting (printing stack bounds), id 0xc0000005]

Native frames: (J=compiled Java code, j=interpreted, Vv=VM code, C=native code)


Current CompileTask:
C2:   3516 1876       4       com.android.dx.ssa.SsaConverter::placePhiFunctions (394 bytes)


---------------  P R O C E S S  ---------------

Java Threads: ( => current thread )
  0x00000000171db000 JavaThread "pool-2-thread-4" [_thread_blocked, id=13784, stack(0x00000000186c0000,0x00000000187c0000)]
  0x00000000171da000 JavaThread "pool-2-thread-3" [_thread_blocked, id=16616, stack(0x00000000185c0000,0x00000000186c0000)]
  0x00000000171ba800 JavaThread "pool-2-thread-2" [_thread_in_Java, id=11488, stack(0x00000000184c0000,0x00000000185c0000)]
  0x00000000171b5000 JavaThread "pool-3-thread-1" [_thread_blocked, id=13124, stack(0x00000000183c0000,0x00000000184c0000)]
  0x00000000171b3800 JavaThread "pool-2-thread-1" [_thread_blocked, id=16080, stack(0x00000000182c0000,0x00000000183c0000)]
  0x0000000016f9c800 JavaThread "Service Thread" daemon [_thread_blocked, id=18056, stack(0x00000000178c0000,0x00000000179c0000)]
  0x0000000016ef3000 JavaThread "C1 CompilerThread3" daemon [_thread_blocked, id=18184, stack(0x00000000177c0000,0x00000000178c0000)]
  0x0000000016eeb800 JavaThread "C2 CompilerThread2" daemon [_thread_in_native, id=10800, stack(0x00000000176c0000,0x00000000177c0000)]
=>0x0000000016eeb000 JavaThread "C2 CompilerThread1" daemon [_thread_in_native, id=10852, stack(0x00000000175c0000,0x00000000176c0000)]
  0x0000000016ee7000 JavaThread "C2 CompilerThread0" daemon [_thread_in_native, id=18376, stack(0x00000000174c0000,0x00000000175c0000)]
  0x0000000016ee5000 JavaThread "Attach Listener" daemon [_thread_blocked, id=14612, stack(0x00000000173c0000,0x00000000174c0000)]
  0x0000000016ee4800 JavaThread "Signal Dispatcher" daemon [_thread_blocked, id=11948, stack(0x00000000172c0000,0x00000000173c0000)]
  0x00000000022e4800 JavaThread "Finalizer" daemon [_thread_blocked, id=13708, stack(0x0000000016ce0000,0x0000000016de0000)]
  0x0000000014e0d800 JavaThread "Reference Handler" daemon [_thread_blocked, id=16104, stack(0x0000000016be0000,0x0000000016ce0000)]
  0x00000000021f0800 JavaThread "main" [_thread_blocked, id=13172, stack(0x0000000002040000,0x0000000002140000)]

Other Threads:
  0x0000000014e0a000 VMThread [stack: 0x0000000016ae0000,0x0000000016be0000] [id=2252]
  0x0000000016f9d000 WatcherThread [stack: 0x00000000179c0000,0x0000000017ac0000] [id=14288]

VM state:not at safepoint (normal execution)

VM Mutex/Monitor currently owned by a thread: None

Heap:
 PSYoungGen      total 71680K, used 36190K [0x00000000eab00000, 0x00000000ef600000, 0x0000000100000000)
  eden space 66560K, 46% used [0x00000000eab00000,0x00000000ec95ca10,0x00000000eec00000)
  from space 5120K, 99% used [0x00000000ef100000,0x00000000ef5fafe0,0x00000000ef600000)
  to   space 5120K, 0% used [0x00000000eec00000,0x00000000eec00000,0x00000000ef100000)
 ParOldGen       total 87552K, used 25615K [0x00000000c0000000, 0x00000000c5580000, 0x00000000eab00000)
  object space 87552K, 29% used [0x00000000c0000000,0x00000000c1903ce8,0x00000000c5580000)
 Metaspace       used 6413K, capacity 7192K, committed 7424K, reserved 1056768K
  class space    used 623K, capacity 656K, committed 768K, reserved 1048576K

Card table byte_map: [0x00000000116b0000,0x00000000118c0000] byte_map_base: 0x00000000110b0000

Marking Bits: (ParMarkBitMap*) 0x0000000053f0a5b0
 Begin Bits: [0x0000000012220000, 0x0000000013220000)
 End Bits:   [0x0000000013220000, 0x0000000014220000)

Polling page: 0x0000000000550000

CodeCache: size=245760Kb used=8206Kb max_used=8206Kb free=237553Kb
 bounds [0x00000000022f0000, 0x0000000002b00000, 0x00000000112f0000]
 total_blobs=2148 nmethods=1879 adapters=182
 compilation: enabled

Compilation events (10 events):
Event: 3.421 Thread 0x0000000016ef3000 1932       2       com.android.dx.dex.file.ClassDefItem::<init> (110 bytes)
Event: 3.422 Thread 0x0000000016ef3000 nmethod 1932 0x0000000002af2510 code [0x0000000002af26e0, 0x0000000002af2d08]
Event: 3.427 Thread 0x0000000016ef3000 1935       3       com.android.dx.dex.cf.CfTranslator::translate0 (259 bytes)
Event: 3.430 Thread 0x0000000016ef3000 nmethod 1935 0x0000000002af3010 code [0x0000000002af34a0, 0x0000000002af6378]
Event: 3.430 Thread 0x0000000016ef3000 1936       2       com.android.dx.command.dexer.Main$ClassTranslatorTask::call (5 bytes)
Event: 3.430 Thread 0x0000000016ef3000 nmethod 1936 0x0000000002af8190 code [0x0000000002af8300, 0x0000000002af8488]
Event: 3.430 Thread 0x0000000016ef3000 1937       2       com.android.dx.command.dexer.Main$ClassTranslatorTask::call (14 bytes)
Event: 3.430 Thread 0x0000000016ef3000 nmethod 1937 0x0000000002af8550 code [0x0000000002af86c0, 0x0000000002af8848]
Event: 3.434 Thread 0x0000000016ef3000 1939       2       com.android.dx.ssa.back.RegisterAllocator::insertMoveBefore (240 bytes)
Event: 3.436 Thread 0x0000000016ef3000 nmethod 1939 0x0000000002af8910 code [0x0000000002af8c20, 0x0000000002af9bc8]

GC Heap History (8 events):
Event: 1.296 GC heap before
{Heap before GC invocations=1 (full 0):
 PSYoungGen      total 38400K, used 33280K [0x00000000eab00000, 0x00000000ed580000, 0x0000000100000000)
  eden space 33280K, 100% used [0x00000000eab00000,0x00000000ecb80000,0x00000000ecb80000)
  from space 5120K, 0% used [0x00000000ed080000,0x00000000ed080000,0x00000000ed580000)
  to   space 5120K, 0% used [0x00000000ecb80000,0x00000000ecb80000,0x00000000ed080000)
 ParOldGen       total 87552K, used 0K [0x00000000c0000000, 0x00000000c5580000, 0x00000000eab00000)
  object space 87552K, 0% used [0x00000000c0000000,0x00000000c0000000,0x00000000c5580000)
 Metaspace       used 5974K, capacity 6896K, committed 7040K, reserved 1056768K
  class space    used 602K, capacity 616K, committed 640K, reserved 1048576K
Event: 1.362 GC heap after
Heap after GC invocations=1 (full 0):
 PSYoungGen      total 38400K, used 5103K [0x00000000eab00000, 0x00000000ef600000, 0x0000000100000000)
  eden space 33280K, 0% used [0x00000000eab00000,0x00000000eab00000,0x00000000ecb80000)
  from space 5120K, 99% used [0x00000000ecb80000,0x00000000ed07be80,0x00000000ed080000)
  to   space 5120K, 0% used [0x00000000ef100000,0x00000000ef100000,0x00000000ef600000)
 ParOldGen       total 87552K, used 1252K [0x00000000c0000000, 0x00000000c5580000, 0x00000000eab00000)
  object space 87552K, 1% used [0x00000000c0000000,0x00000000c01392d8,0x00000000c5580000)
 Metaspace       used 5974K, capacity 6896K, committed 7040K, reserved 1056768K
  class space    used 602K, capacity 616K, committed 640K, reserved 1048576K
}
Event: 1.817 GC heap before
{Heap before GC invocations=2 (full 0):
 PSYoungGen      total 38400K, used 38383K [0x00000000eab00000, 0x00000000ef600000, 0x0000000100000000)
  eden space 33280K, 100% used [0x00000000eab00000,0x00000000ecb80000,0x00000000ecb80000)
  from space 5120K, 99% used [0x00000000ecb80000,0x00000000ed07be80,0x00000000ed080000)
  to   space 5120K, 0% used [0x00000000ef100000,0x00000000ef100000,0x00000000ef600000)
 ParOldGen       total 87552K, used 1489K [0x00000000c0000000, 0x00000000c5580000, 0x00000000eab00000)
  object space 87552K, 1% used [0x00000000c0000000,0x00000000c0174460,0x00000000c5580000)
 Metaspace       used 6176K, capacity 7088K, committed 7296K, reserved 1056768K
  class space    used 602K, capacity 616K, committed 640K, reserved 1048576K
Event: 1.857 GC heap after
Heap after GC invocations=2 (full 0):
 PSYoungGen      total 71680K, used 5106K [0x00000000eab00000, 0x00000000ef600000, 0x0000000100000000)
  eden space 66560K, 0% used [0x00000000eab00000,0x00000000eab00000,0x00000000eec00000)
  from space 5120K, 99% used [0x00000000ef100000,0x00000000ef5fcb98,0x00000000ef600000)
  to   space 5120K, 0% used [0x00000000eec00000,0x00000000eec00000,0x00000000ef100000)
 ParOldGen       total 87552K, used 5621K [0x00000000c0000000, 0x00000000c5580000, 0x00000000eab00000)
  object space 87552K, 6% used [0x00000000c0000000,0x00000000c057d458,0x00000000c5580000)
 Metaspace       used 6176K, capacity 7088K, committed 7296K, reserved 1056768K
  class space    used 602K, capacity 616K, committed 640K, reserved 1048576K
}
Event: 2.314 GC heap before
{Heap before GC invocations=3 (full 0):
 PSYoungGen      total 71680K, used 71666K [0x00000000eab00000, 0x00000000ef600000, 0x0000000100000000)
  eden space 66560K, 100% used [0x00000000eab00000,0x00000000eec00000,0x00000000eec00000)
  from space 5120K, 99% used [0x00000000ef100000,0x00000000ef5fcb98,0x00000000ef600000)
  to   space 5120K, 0% used [0x00000000eec00000,0x00000000eec00000,0x00000000ef100000)
 ParOldGen       total 87552K, used 5624K [0x00000000c0000000, 0x00000000c5580000, 0x00000000eab00000)
  object space 87552K, 6% used [0x00000000c0000000,0x00000000c057e3e0,0x00000000c5580000)
 Metaspace       used 6276K, capacity 7152K, committed 7296K, reserved 1056768K
  class space    used 603K, capacity 616K, committed 640K, reserved 1048576K
Event: 2.558 GC heap after
Heap after GC invocations=3 (full 0):
 PSYoungGen      total 71680K, used 5092K [0x00000000eab00000, 0x00000000ef600000, 0x0000000100000000)
  eden space 66560K, 0% used [0x00000000eab00000,0x00000000eab00000,0x00000000eec00000)
  from space 5120K, 99% used [0x00000000eec00000,0x00000000ef0f93e0,0x00000000ef100000)
  to   space 5120K, 0% used [0x00000000ef100000,0x00000000ef100000,0x00000000ef600000)
 ParOldGen       total 87552K, used 15893K [0x00000000c0000000, 0x00000000c5580000, 0x00000000eab00000)
  object space 87552K, 18% used [0x00000000c0000000,0x00000000c0f857e0,0x00000000c5580000)
 Metaspace       used 6276K, capacity 7152K, committed 7296K, reserved 1056768K
  class space    used 603K, capacity 616K, committed 640K, reserved 1048576K
}
Event: 3.253 GC heap before
{Heap before GC invocations=4 (full 0):
 PSYoungGen      total 71680K, used 71652K [0x00000000eab00000, 0x00000000ef600000, 0x0000000100000000)
  eden space 66560K, 100% used [0x00000000eab00000,0x00000000eec00000,0x00000000eec00000)
  from space 5120K, 99% used [0x00000000eec00000,0x00000000ef0f93e0,0x00000000ef100000)
  to   space 5120K, 0% used [0x00000000ef100000,0x00000000ef100000,0x00000000ef600000)
 ParOldGen       total 87552K, used 15893K [0x00000000c0000000, 0x00000000c5580000, 0x00000000eab00000)
  object space 87552K, 18% used [0x00000000c0000000,0x00000000c0f857e0,0x00000000c5580000)
 Metaspace       used 6388K, capacity 7192K, committed 7424K, reserved 1056768K
  class space    used 623K, capacity 656K, committed 768K, reserved 1048576K
Event: 3.355 GC heap after
Heap after GC invocations=4 (full 0):
 PSYoungGen      total 71680K, used 5099K [0x00000000eab00000, 0x00000000ef600000, 0x0000000100000000)
  eden space 66560K, 0% used [0x00000000eab00000,0x00000000eab00000,0x00000000eec00000)
  from space 5120K, 99% used [0x00000000ef100000,0x00000000ef5fafe0,0x00000000ef600000)
  to   space 5120K, 0% used [0x00000000eec00000,0x00000000eec00000,0x00000000ef100000)
 ParOldGen       total 87552K, used 25615K [0x00000000c0000000, 0x00000000c5580000, 0x00000000eab00000)
  object space 87552K, 29% used [0x00000000c0000000,0x00000000c1903ce8,0x00000000c5580000)
 Metaspace       used 6388K, capacity 7192K, committed 7424K, reserved 1056768K
  class space    used 623K, capacity 656K, committed 768K, reserved 1048576K
}

Deoptimization events (10 events):
Event: 2.880 Thread 0x00000000171da000 Uncommon trap: reason=bimorphic action=maybe_recompile pc=0x00000000026cf61c method=java.util.HashMap.putVal(ILjava/lang/Object;Ljava/lang/Object;ZZ)Ljava/lang/Object; @ 203
Event: 2.884 Thread 0x00000000171ba800 Uncommon trap: reason=bimorphic action=maybe_recompile pc=0x00000000029adc50 method=com.android.dx.ssa.SCCP.simulatePhi(Lcom/android/dx/ssa/PhiInsn;)V @ 124
Event: 2.886 Thread 0x00000000171da000 Uncommon trap: reason=unstable_if action=reinterpret pc=0x00000000026cf110 method=java.util.HashMap.putVal(ILjava/lang/Object;Ljava/lang/Object;ZZ)Ljava/lang/Object; @ 162
Event: 2.886 Thread 0x00000000171da000 Uncommon trap: reason=unstable_if action=reinterpret pc=0x000000000257bad0 method=java.util.HashMap.getNode(ILjava/lang/Object;)Ljava/util/HashMap$Node; @ 84
Event: 3.357 Thread 0x00000000171b3800 Uncommon trap: reason=bimorphic action=maybe_recompile pc=0x0000000002882a6c method=com.android.dx.ssa.LiteralOpUpgrader.tryReplacingWithConstant(Lcom/android/dx/ssa/NormalSsaInsn;)Z @ 62
Event: 3.369 Thread 0x00000000171db000 Uncommon trap: reason=bimorphic action=maybe_recompile pc=0x0000000002a9148c method=com.android.dx.cf.code.BytecodeArray.parseInstruction(ILcom/android/dx/cf/code/BytecodeArray$Visitor;)I @ 1130
Event: 3.369 Thread 0x00000000171db000 Uncommon trap: reason=bimorphic action=maybe_recompile pc=0x0000000002a9148c method=com.android.dx.cf.code.BytecodeArray.parseInstruction(ILcom/android/dx/cf/code/BytecodeArray$Visitor;)I @ 1130
Event: 3.371 Thread 0x00000000171db000 Uncommon trap: reason=bimorphic action=maybe_recompile pc=0x0000000002a90fcc method=com.android.dx.cf.code.BytecodeArray.parseInstruction(ILcom/android/dx/cf/code/BytecodeArray$Visitor;)I @ 955
Event: 3.371 Thread 0x00000000171db000 Uncommon trap: reason=bimorphic action=maybe_recompile pc=0x0000000002a90fcc method=com.android.dx.cf.code.BytecodeArray.parseInstruction(ILcom/android/dx/cf/code/BytecodeArray$Visitor;)I @ 955
Event: 3.389 Thread 0x00000000171ba800 Uncommon trap: reason=unstable_if action=reinterpret pc=0x000000000283a24c method=com.android.dx.ssa.MoveParamCombiner$1.visitNonMoveInsn(Lcom/android/dx/ssa/NormalSsaInsn;)V @ 27

Internal exceptions (6 events):
Event: 0.443 Thread 0x00000000021f0800 Exception <a 'java/lang/NoSuchMethodError': Method sun.misc.Unsafe.defineClass(Ljava/lang/String;[BII)Ljava/lang/Class; name or signature does not match> (0x00000000eab0d740) thrown at [C:\re\workspace\8-2-build-windows-amd64-cygwin\jdk8u60\4407\hotspot\srèSqÂ1Y‹?
Event: 0.443 Thread 0x00000000021f0800 Exception <a 'java/lang/NoSuchMethodError': Method sun.misc.Unsafe.prefetchRead(Ljava/lang/Object;J)V name or signature does not match> (0x00000000eab0da28) thrown at [C:\re\workspace\8-2-build-windows-amd64-cygwin\jdk8u60\4407\hotspot\src\share\vm\prims\j>:˛OYcÚ?
Event: 1.149 Thread 0x00000000171da000 Implicit null exception at 0x00000000025e5344 to 0x00000000025e6c75
Event: 2.882 Thread 0x00000000171db000 Exception <a 'java/lang/ArrayIndexOutOfBoundsException': 18> (0x00000000ece21eb0) thrown at [C:\re\workspace\8-2-build-windows-amd64-cygwin\jdk8u60\4407\hotspot\src\share\vm\interpreter\interpreterRuntime.cpp, line 366]
Event: 2.882 Thread 0x00000000171db000 Exception <a 'java/lang/ArrayIndexOutOfBoundsException': 145> (0x00000000ece23a30) thrown at [C:\re\workspace\8-2-build-windows-amd64-cygwin\jdk8u60\4407\hotspot\src\share\vm\interpreter\interpreterRuntime.cpp, line 366]
Event: 2.883 Thread 0x00000000171db000 Exception <a 'java/lang/ArrayIndexOutOfBoundsException'> (0x00000000ece24d18) thrown at [C:\re\workspace\8-2-build-windows-amd64-cygwin\jdk8u60\4407\hotspot\src\share\vm\runtime\sharedRuntime.cpp, line 605]

Events (10 events):
Event: 3.371 Thread 0x00000000171db000 DEOPT PACKING pc=0x0000000002a90fcc sp=0x00000000187be7f0
Event: 3.371 Thread 0x00000000171db000 DEOPT UNPACKING pc=0x000000000233582a sp=0x00000000187be7a8 mode 2
Event: 3.371 Thread 0x00000000171db000 Uncommon trap: trap_request=0xffffffc6 fr.pc=0x0000000002a90fcc
Event: 3.371 Thread 0x00000000171db000 DEOPT PACKING pc=0x0000000002a90fcc sp=0x00000000187be650
Event: 3.371 Thread 0x00000000171db000 DEOPT UNPACKING pc=0x000000000233582a sp=0x00000000187be608 mode 2
Event: 3.389 Thread 0x00000000171ba800 Uncommon trap: trap_request=0xffffff65 fr.pc=0x000000000283a24c
Event: 3.389 Thread 0x00000000171ba800 DEOPT PACKING pc=0x000000000283a24c sp=0x00000000185be9f0
Event: 3.389 Thread 0x00000000171ba800 DEOPT UNPACKING pc=0x000000000233582a sp=0x00000000185be948 mode 2
Event: 3.427 Thread 0x00000000171b3800 DEOPT PACKING pc=0x0000000002a12169 sp=0x00000000183bf110
Event: 3.427 Thread 0x00000000171b3800 DEOPT UNPACKING pc=0x000000000233747f sp=0x00000000183bef18 mode 0


Dynamic libraries:
0x00007ff7b7250000 - 0x00007ff7b7287000 	C:\Program Files\Java\jdk1.8.0_60\bin\java.exe
0x00007ff82dc20000 - 0x00007ff82dde1000 	C:\WINDOWS\SYSTEM32\ntdll.dll
0x00007ff82d940000 - 0x00007ff82d9ed000 	C:\WINDOWS\system32\KERNEL32.DLL
0x00007ff82a9f0000 - 0x00007ff82abd8000 	C:\WINDOWS\system32\KERNELBASE.dll
0x00007ff82b180000 - 0x00007ff82b227000 	C:\WINDOWS\system32\ADVAPI32.dll
0x00007ff82cc50000 - 0x00007ff82cced000 	C:\WINDOWS\system32\msvcrt.dll
0x00007ff82cbb0000 - 0x00007ff82cc0b000 	C:\WINDOWS\system32\sechost.dll
0x00007ff82d9f0000 - 0x00007ff82db0c000 	C:\WINDOWS\system32\RPCRT4.dll
0x00007ff82b020000 - 0x00007ff82b176000 	C:\WINDOWS\system32\USER32.dll
0x00007ff82b4c0000 - 0x00007ff82b646000 	C:\WINDOWS\system32\GDI32.dll
0x00007ff8261d0000 - 0x00007ff826444000 	C:\WINDOWS\WinSxS\amd64_microsoft.windows.common-controls_6595b64144ccf1df_6.0.10586.0_none_8c15ae12515e1c22\COMCTL32.dll
0x00007ff82d660000 - 0x00007ff82d8dd000 	C:\WINDOWS\system32\combase.dll
0x00007ff82abe0000 - 0x00007ff82ac4a000 	C:\WINDOWS\system32\bcryptPrimitives.dll
0x00007ff82ccf0000 - 0x00007ff82cd2b000 	C:\WINDOWS\system32\IMM32.DLL
0x0000000053250000 - 0x0000000053322000 	C:\Program Files\Java\jdk1.8.0_60\jre\bin\msvcr100.dll
0x0000000053700000 - 0x0000000053f89000 	C:\Program Files\Java\jdk1.8.0_60\jre\bin\server\jvm.dll
0x00007ff82cc10000 - 0x00007ff82cc18000 	C:\WINDOWS\system32\PSAPI.DLL
0x00007ff81e2c0000 - 0x00007ff81e2c9000 	C:\WINDOWS\SYSTEM32\WSOCK32.dll
0x00007ff82cd30000 - 0x00007ff82cd9b000 	C:\WINDOWS\system32\WS2_32.dll
0x00007ff828580000 - 0x00007ff8285a3000 	C:\WINDOWS\SYSTEM32\WINMM.dll
0x00007ff8267e0000 - 0x00007ff8267ea000 	C:\WINDOWS\SYSTEM32\VERSION.dll
0x00007ff828520000 - 0x00007ff82854c000 	C:\WINDOWS\SYSTEM32\WINMMBASE.dll
0x00007ff82ad70000 - 0x00007ff82adb3000 	C:\WINDOWS\system32\cfgmgr32.dll
0x00000000536f0000 - 0x00000000536ff000 	C:\Program Files\Java\jdk1.8.0_60\jre\bin\verify.dll
0x00000000536c0000 - 0x00000000536e9000 	C:\Program Files\Java\jdk1.8.0_60\jre\bin\java.dll
0x00000000536a0000 - 0x00000000536b6000 	C:\Program Files\Java\jdk1.8.0_60\jre\bin\zip.dll
0x00007ff82b650000 - 0x00007ff82cbac000 	C:\WINDOWS\system32\SHELL32.dll
0x00007ff82a380000 - 0x00007ff82a9c4000 	C:\WINDOWS\system32\windows.storage.dll
0x00007ff82d390000 - 0x00007ff82d3e2000 	C:\WINDOWS\system32\shlwapi.dll
0x00007ff82a2a0000 - 0x00007ff82a2af000 	C:\WINDOWS\system32\kernel.appcore.dll
0x00007ff82ac50000 - 0x00007ff82ad05000 	C:\WINDOWS\system32\shcore.dll
0x00007ff82a240000 - 0x00007ff82a28b000 	C:\WINDOWS\system32\powrprof.dll
0x00007ff82a2b0000 - 0x00007ff82a2c4000 	C:\WINDOWS\system32\profapi.dll

VM Arguments:
jvm_args: -Djava.awt.headless=true -Xmx1024M -Dfile.encoding=windows-1252 -Duser.country=US -Duser.language=en -Duser.variant 
java_command: com.android.dx.command.Main --dex --force-jumbo --num-threads=4 --multi-dex --output C:\Users\Benny\workspace\ElegantErowid\app\build\intermediates\transforms\dex\debug\folders\1000\10\com.android.support-appcompat-v7-23.3.0_73ad6f6fea3e9f60832859fe48c49ad90b1b633b C:\Users\Benny\workspace\ElegantErowid\app\build\intermediates\exploded-aar\com.android.support\appcompat-v7\23.3.0\jars\classes.jar
java_class_path (initial): C:\Users\Benny\AppData\Local\Android\sdk\build-tools\23.0.3\lib\dx.jar
Launcher Type: SUN_STANDARD

Environment Variables:
CLASSPATH=.;
PATH=C:\ProgramData\Oracle\Java\javapath;C:\WINDOWS\system32;C:\WINDOWS;C:\WINDOWS\System32\Wbem;C:\WINDOWS\System32\WindowsPowerShell\v1.0\;C:\Program Files (x86)\GNU\GnuPG\pub;C:\Program Files\Java\jdk1.8.0_60\bin;C:\Program Files (x86)\NVIDIA Corporation\PhysX\Common;C:\WINDOWS\system32;C:\WINDOWS;C:\WINDOWS\System32\Wbem;C:\WINDOWS\System32\WindowsPowerShell\v1.0\;C:\Program Files (x86)\MySQL\MySQL Fabric 1.5 & MySQL Utilities 1.5\;C:\Program Files (x86)\MySQL\MySQL Fabric 1.5 & MySQL Utilities 1.5\Doctrine extensions for PHP\;C:\Program Files (x86)\Skype\Phone\
USERNAME=Benny
OS=Windows_NT
PROCESSOR_IDENTIFIER=AMD64 Family 21 Model 2 Stepping 0, AuthenticAMD



---------------  S Y S T E M  ---------------

OS: Windows 10.0 , 64 bit Build 10586 (10.0.10586.0)

CPU:total 8 (8 cores per cpu, 1 threads per core) family 21 model 2 stepping 0, cmov, cx8, fxsr, mmx, sse, sse2, sse3, ssse3, sse4.1, sse4.2, popcnt, avx, aes, clmul, mmxext, 3dnowpref, lzcnt, sse4a, tsc, tscinvbit, tscinv, bmi1

Memory: 4k page, physical 8370292k(1811768k free), swap 17134620k(4164k free)

vm_info: Java HotSpot(TM) 64-Bit Server VM (25.60-b23) for windows-amd64 JRE (1.8.0_60-b27), built on Aug  4 2015 11:06:27 by "java_re" with MS VC++ 10.0 (VS2010)

time: Thu May 19 20:38:04 2016
elapsed time: 3 seconds (0d 0h 0m 3s)

