#
# There is insufficient memory for the Java Runtime Environment to continue.
# Native memory allocation (malloc) failed to allocate 1046976 bytes for Chunk::new
# Possible reasons:
#   The system is out of physical RAM or swap space
#   In 32 bit mode, the process size limit was hit
# Possible solutions:
#   Reduce memory load on the system
#   Increase physical memory or swap space
#   Check if swap backing store is full
#   Use 64 bit Java on a 64 bit OS
#   Decrease Java heap size (-Xmx/-Xms)
#   Decrease number of Java threads
#   Decrease Java thread stack sizes (-Xss)
#   Set larger code cache with -XX:ReservedCodeCacheSize=
# This output file may be truncated or incomplete.
#
#  Out of Memory Error (allocation.cpp:390), pid=13176, tid=16104
#
# JRE version: Java(TM) SE Runtime Environment (8.0_60-b27) (build 1.8.0_60-b27)
# Java VM: Java HotSpot(TM) 64-Bit Server VM (25.60-b23 mixed mode windows-amd64 compressed oops)
# Failed to write core dump. Minidumps are not enabled by default on client versions of Windows
#

---------------  T H R E A D  ---------------

Current thread (0x0000000016fbc000):  JavaThread "C2 CompilerThread1" daemon [_thread_in_native, id=16104, stack(0x0000000017690000,0x0000000017790000)]

Stack: [0x0000000017690000,0x0000000017790000]
[error occurred during error reporting (printing stack bounds), id 0xc0000005]

Native frames: (J=compiled Java code, j=interpreted, Vv=VM code, C=native code)


Current CompileTask:
C2:   2298 2146 %     4       com.android.dx.dex.code.LocalList::make @ 16 (102 bytes)


---------------  P R O C E S S  ---------------

Java Threads: ( => current thread )
  0x00000000172b1800 JavaThread "pool-1-thread-1" [_thread_in_vm, id=17512, stack(0x0000000019860000,0x0000000019960000)]
  0x0000000017058000 JavaThread "Service Thread" daemon [_thread_blocked, id=15644, stack(0x0000000017990000,0x0000000017a90000)]
  0x0000000016fc9800 JavaThread "C1 CompilerThread3" daemon [_thread_blocked, id=3700, stack(0x0000000017890000,0x0000000017990000)]
  0x0000000016fbd000 JavaThread "C2 CompilerThread2" daemon [_thread_blocked, id=10540, stack(0x0000000017790000,0x0000000017890000)]
=>0x0000000016fbc000 JavaThread "C2 CompilerThread1" daemon [_thread_in_native, id=16104, stack(0x0000000017690000,0x0000000017790000)]
  0x0000000016fb8000 JavaThread "C2 CompilerThread0" daemon [_thread_blocked, id=16220, stack(0x0000000017590000,0x0000000017690000)]
  0x0000000016fb6800 JavaThread "Attach Listener" daemon [_thread_blocked, id=18084, stack(0x0000000017490000,0x0000000017590000)]
  0x0000000016fb5800 JavaThread "Signal Dispatcher" daemon [_thread_blocked, id=16996, stack(0x0000000017390000,0x0000000017490000)]
  0x000000000239a800 JavaThread "Finalizer" daemon [_thread_blocked, id=2416, stack(0x0000000016db0000,0x0000000016eb0000)]
  0x0000000002394000 JavaThread "Reference Handler" daemon [_thread_blocked, id=15916, stack(0x0000000016cb0000,0x0000000016db0000)]
  0x00000000022a0800 JavaThread "main" [_thread_blocked, id=1132, stack(0x00000000021a0000,0x00000000022a0000)]

Other Threads:
  0x0000000014eb9800 VMThread [stack: 0x0000000016bb0000,0x0000000016cb0000] [id=11488]
  0x000000001706f000 WatcherThread [stack: 0x0000000017a90000,0x0000000017b90000] [id=12268]

VM state:not at safepoint (normal execution)

VM Mutex/Monitor currently owned by a thread: None

Heap:
 PSYoungGen      total 71680K, used 27631K [0x00000000eab00000, 0x00000000f4b00000, 0x0000000100000000)
  eden space 66560K, 33% used [0x00000000eab00000,0x00000000ec0fee78,0x00000000eec00000)
  from space 5120K, 99% used [0x00000000eec00000,0x00000000ef0fce88,0x00000000ef100000)
  to   space 15360K, 0% used [0x00000000f3c00000,0x00000000f3c00000,0x00000000f4b00000)
 ParOldGen       total 87552K, used 25015K [0x00000000c0000000, 0x00000000c5580000, 0x00000000eab00000)
  object space 87552K, 28% used [0x00000000c0000000,0x00000000c186ded8,0x00000000c5580000)
 Metaspace       used 6715K, capacity 7480K, committed 7680K, reserved 1056768K
  class space    used 642K, capacity 688K, committed 768K, reserved 1048576K

Card table byte_map: [0x0000000011760000,0x0000000011970000] byte_map_base: 0x0000000011160000

Marking Bits: (ParMarkBitMap*) 0x0000000053f0a5b0
 Begin Bits: [0x00000000122d0000, 0x00000000132d0000)
 End Bits:   [0x00000000132d0000, 0x00000000142d0000)

Polling page: 0x0000000000990000

CodeCache: size=245760Kb used=8412Kb max_used=8414Kb free=237347Kb
 bounds [0x00000000023a0000, 0x0000000002be0000, 0x00000000113a0000]
 total_blobs=2449 nmethods=2179 adapters=183
 compilation: enabled

Compilation events (10 events):
Event: 2.295 Thread 0x0000000016fc9800 2213       3       com.android.dx.dex.file.DebugInfoEncoder::getParamBase (29 bytes)
Event: 2.295 Thread 0x0000000016fc9800 nmethod 2213 0x0000000002bdbc50 code [0x0000000002bdbe00, 0x0000000002bdc658]
Event: 2.295 Thread 0x0000000016fbd000 2216       4       com.android.dx.util.ByteArrayAnnotatedOutput::ensureCapacity (39 bytes)
Event: 2.295 Thread 0x0000000016fc9800 2214       3       com.android.dx.dex.file.DebugInfoEncoder::emitUnsignedLeb128 (41 bytes)
Event: 2.296 Thread 0x0000000016fbd000 nmethod 2216 0x0000000002acbf90 code [0x0000000002acc0c0, 0x0000000002acc158]
Event: 2.296 Thread 0x0000000016fc9800 nmethod 2214 0x0000000002bde5d0 code [0x0000000002bde7e0, 0x0000000002bdf1b8]
Event: 2.296 Thread 0x0000000016fc9800 2215       3       com.android.dx.dex.file.TypeIdsSection::indexOf (23 bytes)
Event: 2.296 Thread 0x0000000016fc9800 nmethod 2215 0x0000000002bddf90 code [0x0000000002bde120, 0x0000000002bde4b8]
Event: 2.296 Thread 0x0000000016fc9800 2217       3       com.android.dx.dex.file.DebugInfoEncoder::emitTypeIndex (45 bytes)
Event: 2.297 Thread 0x0000000016fc9800 nmethod 2217 0x0000000002bdd150 code [0x0000000002bdd340, 0x0000000002bddc58]

GC Heap History (10 events):
Event: 0.812 GC heap before
{Heap before GC invocations=1 (full 0):
 PSYoungGen      total 38400K, used 33280K [0x00000000eab00000, 0x00000000ed580000, 0x0000000100000000)
  eden space 33280K, 100% used [0x00000000eab00000,0x00000000ecb80000,0x00000000ecb80000)
  from space 5120K, 0% used [0x00000000ed080000,0x00000000ed080000,0x00000000ed580000)
  to   space 5120K, 0% used [0x00000000ecb80000,0x00000000ecb80000,0x00000000ed080000)
 ParOldGen       total 87552K, used 0K [0x00000000c0000000, 0x00000000c5580000, 0x00000000eab00000)
  object space 87552K, 0% used [0x00000000c0000000,0x00000000c0000000,0x00000000c5580000)
 Metaspace       used 5922K, capacity 6832K, committed 7040K, reserved 1056768K
  class space    used 598K, capacity 616K, committed 640K, reserved 1048576K
Event: 0.820 GC heap after
Heap after GC invocations=1 (full 0):
 PSYoungGen      total 38400K, used 5108K [0x00000000eab00000, 0x00000000ed580000, 0x0000000100000000)
  eden space 33280K, 0% used [0x00000000eab00000,0x00000000eab00000,0x00000000ecb80000)
  from space 5120K, 99% used [0x00000000ecb80000,0x00000000ed07d2a8,0x00000000ed080000)
  to   space 5120K, 0% used [0x00000000ed080000,0x00000000ed080000,0x00000000ed580000)
 ParOldGen       total 87552K, used 1381K [0x00000000c0000000, 0x00000000c5580000, 0x00000000eab00000)
  object space 87552K, 1% used [0x00000000c0000000,0x00000000c01596a8,0x00000000c5580000)
 Metaspace       used 5922K, capacity 6832K, committed 7040K, reserved 1056768K
  class space    used 598K, capacity 616K, committed 640K, reserved 1048576K
}
Event: 1.046 GC heap before
{Heap before GC invocations=2 (full 0):
 PSYoungGen      total 38400K, used 38388K [0x00000000eab00000, 0x00000000ed580000, 0x0000000100000000)
  eden space 33280K, 100% used [0x00000000eab00000,0x00000000ecb80000,0x00000000ecb80000)
  from space 5120K, 99% used [0x00000000ecb80000,0x00000000ed07d2a8,0x00000000ed080000)
  to   space 5120K, 0% used [0x00000000ed080000,0x00000000ed080000,0x00000000ed580000)
 ParOldGen       total 87552K, used 1381K [0x00000000c0000000, 0x00000000c5580000, 0x00000000eab00000)
  object space 87552K, 1% used [0x00000000c0000000,0x00000000c01596a8,0x00000000c5580000)
 Metaspace       used 6095K, capacity 7024K, committed 7296K, reserved 1056768K
  class space    used 598K, capacity 616K, committed 640K, reserved 1048576K
Event: 1.061 GC heap after
Heap after GC invocations=2 (full 0):
 PSYoungGen      total 38400K, used 5112K [0x00000000eab00000, 0x00000000ef600000, 0x0000000100000000)
  eden space 33280K, 0% used [0x00000000eab00000,0x00000000eab00000,0x00000000ecb80000)
  from space 5120K, 99% used [0x00000000ed080000,0x00000000ed57e0d0,0x00000000ed580000)
  to   space 5120K, 0% used [0x00000000ecb80000,0x00000000ecb80000,0x00000000ed080000)
 ParOldGen       total 87552K, used 5633K [0x00000000c0000000, 0x00000000c5580000, 0x00000000eab00000)
  object space 87552K, 6% used [0x00000000c0000000,0x00000000c0580708,0x00000000c5580000)
 Metaspace       used 6095K, capacity 7024K, committed 7296K, reserved 1056768K
  class space    used 598K, capacity 616K, committed 640K, reserved 1048576K
}
Event: 1.176 GC heap before
{Heap before GC invocations=3 (full 0):
 PSYoungGen      total 38400K, used 38392K [0x00000000eab00000, 0x00000000ef600000, 0x0000000100000000)
  eden space 33280K, 100% used [0x00000000eab00000,0x00000000ecb80000,0x00000000ecb80000)
  from space 5120K, 99% used [0x00000000ed080000,0x00000000ed57e0d0,0x00000000ed580000)
  to   space 5120K, 0% used [0x00000000ecb80000,0x00000000ecb80000,0x00000000ed080000)
 ParOldGen       total 87552K, used 5633K [0x00000000c0000000, 0x00000000c5580000, 0x00000000eab00000)
  object space 87552K, 6% used [0x00000000c0000000,0x00000000c0580708,0x00000000c5580000)
 Metaspace       used 6288K, capacity 7128K, committed 7424K, reserved 1056768K
  class space    used 622K, capacity 656K, committed 768K, reserved 1048576K
Event: 1.192 GC heap after
Heap after GC invocations=3 (full 0):
 PSYoungGen      total 38400K, used 5093K [0x00000000eab00000, 0x00000000ef600000, 0x0000000100000000)
  eden space 33280K, 0% used [0x00000000eab00000,0x00000000eab00000,0x00000000ecb80000)
  from space 5120K, 99% used [0x00000000ecb80000,0x00000000ed079550,0x00000000ed080000)
  to   space 5120K, 0% used [0x00000000ef100000,0x00000000ef100000,0x00000000ef600000)
 ParOldGen       total 87552K, used 10943K [0x00000000c0000000, 0x00000000c5580000, 0x00000000eab00000)
  object space 87552K, 12% used [0x00000000c0000000,0x00000000c0aafcf0,0x00000000c5580000)
 Metaspace       used 6288K, capacity 7128K, committed 7424K, reserved 1056768K
  class space    used 622K, capacity 656K, committed 768K, reserved 1048576K
}
Event: 1.286 GC heap before
{Heap before GC invocations=4 (full 0):
 PSYoungGen      total 38400K, used 38373K [0x00000000eab00000, 0x00000000ef600000, 0x0000000100000000)
  eden space 33280K, 100% used [0x00000000eab00000,0x00000000ecb80000,0x00000000ecb80000)
  from space 5120K, 99% used [0x00000000ecb80000,0x00000000ed079550,0x00000000ed080000)
  to   space 5120K, 0% used [0x00000000ef100000,0x00000000ef100000,0x00000000ef600000)
 ParOldGen       total 87552K, used 10943K [0x00000000c0000000, 0x00000000c5580000, 0x00000000eab00000)
  object space 87552K, 12% used [0x00000000c0000000,0x00000000c0aafcf0,0x00000000c5580000)
 Metaspace       used 6325K, capacity 7128K, committed 7424K, reserved 1056768K
  class space    used 622K, capacity 656K, committed 768K, reserved 1048576K
Event: 1.308 GC heap after
Heap after GC invocations=4 (full 0):
 PSYoungGen      total 71680K, used 5096K [0x00000000eab00000, 0x00000000ef600000, 0x0000000100000000)
  eden space 66560K, 0% used [0x00000000eab00000,0x00000000eab00000,0x00000000eec00000)
  from space 5120K, 99% used [0x00000000ef100000,0x00000000ef5fa158,0x00000000ef600000)
  to   space 5120K, 0% used [0x00000000eec00000,0x00000000eec00000,0x00000000ef100000)
 ParOldGen       total 87552K, used 16117K [0x00000000c0000000, 0x00000000c5580000, 0x00000000eab00000)
  object space 87552K, 18% used [0x00000000c0000000,0x00000000c0fbd7c0,0x00000000c5580000)
 Metaspace       used 6325K, capacity 7128K, committed 7424K, reserved 1056768K
  class space    used 622K, capacity 656K, committed 768K, reserved 1048576K
}
Event: 1.550 GC heap before
{Heap before GC invocations=5 (full 0):
 PSYoungGen      total 71680K, used 71656K [0x00000000eab00000, 0x00000000ef600000, 0x0000000100000000)
  eden space 66560K, 100% used [0x00000000eab00000,0x00000000eec00000,0x00000000eec00000)
  from space 5120K, 99% used [0x00000000ef100000,0x00000000ef5fa158,0x00000000ef600000)
  to   space 5120K, 0% used [0x00000000eec00000,0x00000000eec00000,0x00000000ef100000)
 ParOldGen       total 87552K, used 16117K [0x00000000c0000000, 0x00000000c5580000, 0x00000000eab00000)
  object space 87552K, 18% used [0x00000000c0000000,0x00000000c0fbd7c0,0x00000000c5580000)
 Metaspace       used 6360K, capacity 7192K, committed 7424K, reserved 1056768K
  class space    used 624K, capacity 656K, committed 768K, reserved 1048576K
Event: 1.577 GC heap after
Heap after GC invocations=5 (full 0):
 PSYoungGen      total 71680K, used 5107K [0x00000000eab00000, 0x00000000f4b00000, 0x0000000100000000)
  eden space 66560K, 0% used [0x00000000eab00000,0x00000000eab00000,0x00000000eec00000)
  from space 5120K, 99% used [0x00000000eec00000,0x00000000ef0fce88,0x00000000ef100000)
  to   space 15360K, 0% used [0x00000000f3c00000,0x00000000f3c00000,0x00000000f4b00000)
 ParOldGen       total 87552K, used 25015K [0x00000000c0000000, 0x00000000c5580000, 0x00000000eab00000)
  object space 87552K, 28% used [0x00000000c0000000,0x00000000c186ded8,0x00000000c5580000)
 Metaspace       used 6360K, capacity 7192K, committed 7424K, reserved 1056768K
  class space    used 624K, capacity 656K, committed 768K, reserved 1048576K
}

Deoptimization events (10 events):
Event: 1.661 Thread 0x00000000172b1800 Uncommon trap: reason=class_check action=maybe_recompile pc=0x0000000002806668 method=java.util.Arrays.hashCode([Ljava/lang/Object;)I @ 43
Event: 1.932 Thread 0x00000000172b1800 Uncommon trap: reason=speculate_class_check action=maybe_recompile pc=0x0000000002698f70 method=com.android.dx.util.FixedSizeList.equals(Ljava/lang/Object;)Z @ 25
Event: 1.932 Thread 0x00000000172b1800 Uncommon trap: reason=unstable_if action=reinterpret pc=0x0000000002695dfc method=java.util.Arrays.equals([Ljava/lang/Object;[Ljava/lang/Object;)Z @ 23
Event: 1.932 Thread 0x00000000172b1800 Uncommon trap: reason=speculate_class_check action=maybe_recompile pc=0x0000000002698f70 method=com.android.dx.util.FixedSizeList.equals(Ljava/lang/Object;)Z @ 25
Event: 1.932 Thread 0x00000000172b1800 Uncommon trap: reason=speculate_class_check action=maybe_recompile pc=0x0000000002698f70 method=com.android.dx.util.FixedSizeList.equals(Ljava/lang/Object;)Z @ 25
Event: 1.933 Thread 0x00000000172b1800 Uncommon trap: reason=speculate_class_check action=maybe_recompile pc=0x0000000002698f70 method=com.android.dx.util.FixedSizeList.equals(Ljava/lang/Object;)Z @ 25
Event: 1.933 Thread 0x00000000172b1800 Uncommon trap: reason=unstable_if action=reinterpret pc=0x0000000002aad47c method=java.util.TreeMap.put(Ljava/lang/Object;Ljava/lang/Object;)Ljava/lang/Object; @ 163
Event: 1.988 Thread 0x00000000172b1800 Uncommon trap: reason=unstable_if action=reinterpret pc=0x0000000002b1ef0c method=com.android.dx.dex.code.OutputFinisher.findOpcodeForInsn(Lcom/android/dx/dex/code/DalvInsn;Lcom/android/dx/dex/code/Dop;)Lcom/android/dx/dex/code/Dop; @ 1
Event: 2.255 Thread 0x00000000172b1800 Uncommon trap: reason=unstable_if action=reinterpret pc=0x0000000002b89a60 method=java.util.HashMap.putVal(ILjava/lang/Object;Ljava/lang/Object;ZZ)Ljava/lang/Object; @ 109
Event: 2.273 Thread 0x00000000172b1800 Uncommon trap: reason=unstable_if action=reinterpret pc=0x0000000002b20f7c method=java.util.ArrayList.<init>(I)V @ 5

Internal exceptions (6 events):
Event: 0.043 Thread 0x00000000022a0800 Exception <a 'java/lang/NoSuchMethodError': Method sun.misc.Unsafe.defineClass(Ljava/lang/String;[BII)Ljava/lang/Class; name or signature does not match> (0x00000000eab0d5c8) thrown at [C:\re\workspace\8-2-build-windows-amd64-cygwin\jdk8u60\4407\hotspot\sr;°,á¦?
Event: 0.043 Thread 0x00000000022a0800 Exception <a 'java/lang/NoSuchMethodError': Method sun.misc.Unsafe.prefetchRead(Ljava/lang/Object;J)V name or signature does not match> (0x00000000eab0d8b0) thrown at [C:\re\workspace\8-2-build-windows-amd64-cygwin\jdk8u60\4407\hotspot\src\share\vm\prims\jGALášþî?
Event: 0.969 Thread 0x0000000017b9b800 Implicit null exception at 0x0000000002650cb8 to 0x0000000002652039
Event: 1.108 Thread 0x0000000017299000 Exception <a 'java/lang/ArrayIndexOutOfBoundsException': 18> (0x00000000eb8b4838) thrown at [C:\re\workspace\8-2-build-windows-amd64-cygwin\jdk8u60\4407\hotspot\src\share\vm\interpreter\interpreterRuntime.cpp, line 366]
Event: 1.109 Thread 0x0000000017299000 Exception <a 'java/lang/ArrayIndexOutOfBoundsException': 145> (0x00000000eb8b63b8) thrown at [C:\re\workspace\8-2-build-windows-amd64-cygwin\jdk8u60\4407\hotspot\src\share\vm\interpreter\interpreterRuntime.cpp, line 366]
Event: 1.109 Thread 0x0000000017299000 Exception <a 'java/lang/ArrayIndexOutOfBoundsException'> (0x00000000eb8b76a0) thrown at [C:\re\workspace\8-2-build-windows-amd64-cygwin\jdk8u60\4407\hotspot\src\share\vm\runtime\sharedRuntime.cpp, line 605]

Events (10 events):
Event: 2.255 Thread 0x00000000172b1800 DEOPT UNPACKING pc=0x00000000023e582a sp=0x000000001995ec28 mode 2
Event: 2.271 loading class com/android/dx/dex/file/DebugInfoEncoder
Event: 2.271 loading class com/android/dx/dex/file/DebugInfoEncoder done
Event: 2.272 loading class com/android/dx/dex/file/DebugInfoEncoder$1
Event: 2.272 loading class com/android/dx/dex/file/DebugInfoEncoder$1 done
Event: 2.273 Thread 0x00000000172b1800 Uncommon trap: trap_request=0xffffff65 fr.pc=0x0000000002b20f7c
Event: 2.273 Thread 0x00000000172b1800 DEOPT PACKING pc=0x0000000002b20f7c sp=0x000000001995eed0
Event: 2.273 Thread 0x00000000172b1800 DEOPT UNPACKING pc=0x00000000023e582a sp=0x000000001995ee78 mode 2
Event: 2.273 loading class com/android/dx/dex/file/DebugInfoEncoder$2
Event: 2.273 loading class com/android/dx/dex/file/DebugInfoEncoder$2 done


Dynamic libraries:
0x00007ff7b7250000 - 0x00007ff7b7287000 	C:\Program Files\Java\jdk1.8.0_60\bin\java.exe
0x00007ff82dc20000 - 0x00007ff82dde1000 	C:\WINDOWS\SYSTEM32\ntdll.dll
0x00007ff82d940000 - 0x00007ff82d9ed000 	C:\WINDOWS\system32\KERNEL32.DLL
0x00007ff82a9f0000 - 0x00007ff82abd8000 	C:\WINDOWS\system32\KERNELBASE.dll
0x00007ff82b180000 - 0x00007ff82b227000 	C:\WINDOWS\system32\ADVAPI32.dll
0x00007ff82cc50000 - 0x00007ff82cced000 	C:\WINDOWS\system32\msvcrt.dll
0x00007ff82cbb0000 - 0x00007ff82cc0b000 	C:\WINDOWS\system32\sechost.dll
0x00007ff82d9f0000 - 0x00007ff82db0c000 	C:\WINDOWS\system32\RPCRT4.dll
0x00007ff82b020000 - 0x00007ff82b176000 	C:\WINDOWS\system32\USER32.dll
0x00007ff82b4c0000 - 0x00007ff82b646000 	C:\WINDOWS\system32\GDI32.dll
0x00007ff8261d0000 - 0x00007ff826444000 	C:\WINDOWS\WinSxS\amd64_microsoft.windows.common-controls_6595b64144ccf1df_6.0.10586.0_none_8c15ae12515e1c22\COMCTL32.dll
0x00007ff82d660000 - 0x00007ff82d8dd000 	C:\WINDOWS\system32\combase.dll
0x00007ff82abe0000 - 0x00007ff82ac4a000 	C:\WINDOWS\system32\bcryptPrimitives.dll
0x00007ff82ccf0000 - 0x00007ff82cd2b000 	C:\WINDOWS\system32\IMM32.DLL
0x0000000053250000 - 0x0000000053322000 	C:\Program Files\Java\jdk1.8.0_60\jre\bin\msvcr100.dll
0x0000000053700000 - 0x0000000053f89000 	C:\Program Files\Java\jdk1.8.0_60\jre\bin\server\jvm.dll
0x00007ff82cc10000 - 0x00007ff82cc18000 	C:\WINDOWS\system32\PSAPI.DLL
0x00007ff81e2c0000 - 0x00007ff81e2c9000 	C:\WINDOWS\SYSTEM32\WSOCK32.dll
0x00007ff828580000 - 0x00007ff8285a3000 	C:\WINDOWS\SYSTEM32\WINMM.dll
0x0000000000960000 - 0x000000000098c000 	C:\WINDOWS\SYSTEM32\WINMMBASE.dll
0x00007ff82cd30000 - 0x00007ff82cd9b000 	C:\WINDOWS\system32\WS2_32.dll
0x00007ff8267e0000 - 0x00007ff8267ea000 	C:\WINDOWS\SYSTEM32\VERSION.dll
0x00007ff82ad70000 - 0x00007ff82adb3000 	C:\WINDOWS\system32\cfgmgr32.dll
0x00000000536f0000 - 0x00000000536ff000 	C:\Program Files\Java\jdk1.8.0_60\jre\bin\verify.dll
0x00000000536c0000 - 0x00000000536e9000 	C:\Program Files\Java\jdk1.8.0_60\jre\bin\java.dll
0x00000000536a0000 - 0x00000000536b6000 	C:\Program Files\Java\jdk1.8.0_60\jre\bin\zip.dll
0x00007ff82b650000 - 0x00007ff82cbac000 	C:\WINDOWS\system32\SHELL32.dll
0x00007ff82a380000 - 0x00007ff82a9c4000 	C:\WINDOWS\system32\windows.storage.dll
0x00007ff82d390000 - 0x00007ff82d3e2000 	C:\WINDOWS\system32\shlwapi.dll
0x00007ff82a2a0000 - 0x00007ff82a2af000 	C:\WINDOWS\system32\kernel.appcore.dll
0x00007ff82ac50000 - 0x00007ff82ad05000 	C:\WINDOWS\system32\shcore.dll
0x00007ff82a240000 - 0x00007ff82a28b000 	C:\WINDOWS\system32\powrprof.dll
0x00007ff82a2b0000 - 0x00007ff82a2c4000 	C:\WINDOWS\system32\profapi.dll

VM Arguments:
jvm_args: -Djava.awt.headless=true -Xmx1024M -Dfile.encoding=windows-1252 -Duser.country=US -Duser.language=en -Duser.variant 
java_command: com.android.dx.command.Main --dex --force-jumbo --num-threads=4 --multi-dex --output C:\Users\Benny\workspace\ElegantErowid\app\build\intermediates\transforms\dex\debug\folders\1000\10\com.android.support-recyclerview-v7-23.3.0_38a4b90f05f7e5491b98e8d7d20fd0238710dfd5 C:\Users\Benny\workspace\ElegantErowid\app\build\intermediates\exploded-aar\com.android.support\recyclerview-v7\23.3.0\jars\classes.jar
java_class_path (initial): C:\Users\Benny\AppData\Local\Android\sdk\build-tools\23.0.3\lib\dx.jar
Launcher Type: SUN_STANDARD

Environment Variables:
CLASSPATH=.;
PATH=C:\ProgramData\Oracle\Java\javapath;C:\WINDOWS\system32;C:\WINDOWS;C:\WINDOWS\System32\Wbem;C:\WINDOWS\System32\WindowsPowerShell\v1.0\;C:\Program Files (x86)\GNU\GnuPG\pub;C:\Program Files\Java\jdk1.8.0_60\bin;C:\Program Files (x86)\NVIDIA Corporation\PhysX\Common;C:\WINDOWS\system32;C:\WINDOWS;C:\WINDOWS\System32\Wbem;C:\WINDOWS\System32\WindowsPowerShell\v1.0\;C:\Program Files (x86)\MySQL\MySQL Fabric 1.5 & MySQL Utilities 1.5\;C:\Program Files (x86)\MySQL\MySQL Fabric 1.5 & MySQL Utilities 1.5\Doctrine extensions for PHP\;C:\Program Files (x86)\Skype\Phone\
USERNAME=Benny
OS=Windows_NT
PROCESSOR_IDENTIFIER=AMD64 Family 21 Model 2 Stepping 0, AuthenticAMD



---------------  S Y S T E M  ---------------

OS: Windows 10.0 , 64 bit Build 10586 (10.0.10586.0)

CPU:total 8 (8 cores per cpu, 1 threads per core) family 21 model 2 stepping 0, cmov, cx8, fxsr, mmx, sse, sse2, sse3, ssse3, sse4.1, sse4.2, popcnt, avx, aes, clmul, mmxext, 3dnowpref, lzcnt, sse4a, tsc, tscinvbit, tscinv, bmi1

Memory: 4k page, physical 8370292k(1439600k free), swap 17139976k(6004k free)

vm_info: Java HotSpot(TM) 64-Bit Server VM (25.60-b23) for windows-amd64 JRE (1.8.0_60-b27), built on Aug  4 2015 11:06:27 by "java_re" with MS VC++ 10.0 (VS2010)

time: Thu May 19 20:39:26 2016
elapsed time: 2 seconds (0d 0h 0m 2s)

