#
# There is insufficient memory for the Java Runtime Environment to continue.
# Native memory allocation (malloc) failed to allocate 729696 bytes for Chunk::new
# Possible reasons:
#   The system is out of physical RAM or swap space
#   In 32 bit mode, the process size limit was hit
# Possible solutions:
#   Reduce memory load on the system
#   Increase physical memory or swap space
#   Check if swap backing store is full
#   Use 64 bit Java on a 64 bit OS
#   Decrease Java heap size (-Xmx/-Xms)
#   Decrease number of Java threads
#   Decrease Java thread stack sizes (-Xss)
#   Set larger code cache with -XX:ReservedCodeCacheSize=
# This output file may be truncated or incomplete.
#
#  Out of Memory Error (allocation.cpp:390), pid=17276, tid=9452
#
# JRE version: Java(TM) SE Runtime Environment (8.0_60-b27) (build 1.8.0_60-b27)
# Java VM: Java HotSpot(TM) 64-Bit Server VM (25.60-b23 mixed mode windows-amd64 compressed oops)
# Failed to write core dump. Minidumps are not enabled by default on client versions of Windows
#

---------------  T H R E A D  ---------------

Current thread (0x000000001700a800):  JavaThread "C2 CompilerThread1" daemon [_thread_in_native, id=9452, stack(0x00000000176e0000,0x00000000177e0000)]

Stack: [0x00000000176e0000,0x00000000177e0000]
[error occurred during error reporting (printing stack bounds), id 0xc0000005]

Native frames: (J=compiled Java code, j=interpreted, Vv=VM code, C=native code)


Current CompileTask:
C2:   3216 1874       4       com.android.dx.ssa.SsaConverter::edgeSplitSuccessors (98 bytes)


---------------  P R O C E S S  ---------------

Java Threads: ( => current thread )
  0x000000001737a000 JavaThread "pool-2-thread-4" [_thread_blocked, id=14848, stack(0x00000000187e0000,0x00000000188e0000)]
  0x0000000017379800 JavaThread "pool-2-thread-3" [_thread_blocked, id=17928, stack(0x00000000186e0000,0x00000000187e0000)]
  0x00000000172d7800 JavaThread "pool-2-thread-2" [_thread_blocked, id=15920, stack(0x00000000185e0000,0x00000000186e0000)]
  0x00000000172d7000 JavaThread "pool-3-thread-1" [_thread_blocked, id=13728, stack(0x00000000184e0000,0x00000000185e0000)]
  0x00000000172d6000 JavaThread "pool-2-thread-1" [_thread_blocked, id=17492, stack(0x00000000183e0000,0x00000000184e0000)]
  0x0000000017084800 JavaThread "Service Thread" daemon [_thread_blocked, id=13264, stack(0x00000000179e0000,0x0000000017ae0000)]
  0x0000000017069000 JavaThread "C1 CompilerThread3" daemon [_thread_blocked, id=16264, stack(0x00000000178e0000,0x00000000179e0000)]
  0x0000000017047800 JavaThread "C2 CompilerThread2" daemon [_thread_in_native, id=16156, stack(0x00000000177e0000,0x00000000178e0000)]
=>0x000000001700a800 JavaThread "C2 CompilerThread1" daemon [_thread_in_native, id=9452, stack(0x00000000176e0000,0x00000000177e0000)]
  0x0000000017006000 JavaThread "C2 CompilerThread0" daemon [_thread_in_native, id=8688, stack(0x00000000175e0000,0x00000000176e0000)]
  0x0000000017004800 JavaThread "Attach Listener" daemon [_thread_blocked, id=15880, stack(0x00000000174e0000,0x00000000175e0000)]
  0x0000000017003800 JavaThread "Signal Dispatcher" daemon [_thread_blocked, id=13124, stack(0x00000000173e0000,0x00000000174e0000)]
  0x0000000002403000 JavaThread "Finalizer" daemon [_thread_blocked, id=17260, stack(0x0000000016e00000,0x0000000016f00000)]
  0x0000000002402000 JavaThread "Reference Handler" daemon [_thread_blocked, id=15504, stack(0x0000000016d00000,0x0000000016e00000)]
  0x0000000002310800 JavaThread "main" [_thread_in_Java, id=15236, stack(0x0000000002210000,0x0000000002310000)]

Other Threads:
  0x0000000014f2a000 VMThread [stack: 0x0000000016c00000,0x0000000016d00000] [id=15924]
  0x0000000017087000 WatcherThread [stack: 0x0000000017ae0000,0x0000000017be0000] [id=17228]

VM state:not at safepoint (normal execution)

VM Mutex/Monitor currently owned by a thread: None

Heap:
 PSYoungGen      total 71680K, used 38946K [0x00000000eab00000, 0x00000000ef600000, 0x0000000100000000)
  eden space 66560K, 50% used [0x00000000eab00000,0x00000000ecc09f60,0x00000000eec00000)
  from space 5120K, 99% used [0x00000000ef100000,0x00000000ef5feaa8,0x00000000ef600000)
  to   space 5120K, 0% used [0x00000000eec00000,0x00000000eec00000,0x00000000ef100000)
 ParOldGen       total 87552K, used 4457K [0x00000000c0000000, 0x00000000c5580000, 0x00000000eab00000)
  object space 87552K, 5% used [0x00000000c0000000,0x00000000c045a540,0x00000000c5580000)
 Metaspace       used 6396K, capacity 7152K, committed 7296K, reserved 1056768K
  class space    used 603K, capacity 616K, committed 640K, reserved 1048576K

Card table byte_map: [0x00000000117d0000,0x00000000119e0000] byte_map_base: 0x00000000111d0000

Marking Bits: (ParMarkBitMap*) 0x0000000053f0a5b0
 Begin Bits: [0x0000000012340000, 0x0000000013340000)
 End Bits:   [0x0000000013340000, 0x0000000014340000)

Polling page: 0x0000000001ef0000

CodeCache: size=245760Kb used=8195Kb max_used=8195Kb free=237564Kb
 bounds [0x0000000002410000, 0x0000000002c20000, 0x0000000011410000]
 total_blobs=2195 nmethods=1926 adapters=182
 compilation: enabled

Compilation events (10 events):
Event: 3.203 Thread 0x0000000017069000 1932       3       java.util.concurrent.locks.AbstractQueuedSynchronizer$ConditionObject::doSignal (43 bytes)
Event: 3.204 Thread 0x0000000017069000 nmethod 1932 0x0000000002c14c50 code [0x0000000002c14dc0, 0x0000000002c15148]
Event: 3.204 Thread 0x0000000017069000 1933   !   3       java.util.concurrent.ArrayBlockingQueue::offer (55 bytes)
Event: 3.204 Thread 0x0000000017069000 nmethod 1933 0x0000000002c15250 code [0x0000000002c15440, 0x0000000002c15e18]
Event: 3.204 Thread 0x0000000017069000 1934       3       java.util.concurrent.locks.ReentrantLock$FairSync::lock (6 bytes)
Event: 3.205 Thread 0x0000000017069000 nmethod 1934 0x0000000002c16250 code [0x0000000002c16400, 0x0000000002c168f8]
Event: 3.207 Thread 0x0000000017069000 1935       3       java.util.concurrent.locks.ReentrantLock$NonfairSync::tryAcquire (6 bytes)
Event: 3.208 Thread 0x0000000017069000 nmethod 1935 0x0000000002c16a90 code [0x0000000002c16c00, 0x0000000002c16e08]
Event: 3.208 Thread 0x0000000017069000 1936       3       java.util.concurrent.locks.ReentrantLock$Sync::nonfairTryAcquire (67 bytes)
Event: 3.208 Thread 0x0000000017069000 nmethod 1936 0x0000000002c16e90 code [0x0000000002c17020, 0x0000000002c17748]

GC Heap History (4 events):
Event: 0.876 GC heap before
{Heap before GC invocations=1 (full 0):
 PSYoungGen      total 38400K, used 33280K [0x00000000eab00000, 0x00000000ed580000, 0x0000000100000000)
  eden space 33280K, 100% used [0x00000000eab00000,0x00000000ecb80000,0x00000000ecb80000)
  from space 5120K, 0% used [0x00000000ed080000,0x00000000ed080000,0x00000000ed580000)
  to   space 5120K, 0% used [0x00000000ecb80000,0x00000000ecb80000,0x00000000ed080000)
 ParOldGen       total 87552K, used 0K [0x00000000c0000000, 0x00000000c5580000, 0x00000000eab00000)
  object space 87552K, 0% used [0x00000000c0000000,0x00000000c0000000,0x00000000c5580000)
 Metaspace       used 5892K, capacity 6832K, committed 7040K, reserved 1056768K
  class space    used 596K, capacity 616K, committed 640K, reserved 1048576K
Event: 0.901 GC heap after
Heap after GC invocations=1 (full 0):
 PSYoungGen      total 38400K, used 5088K [0x00000000eab00000, 0x00000000ef600000, 0x0000000100000000)
  eden space 33280K, 0% used [0x00000000eab00000,0x00000000eab00000,0x00000000ecb80000)
  from space 5120K, 99% used [0x00000000ecb80000,0x00000000ed078368,0x00000000ed080000)
  to   space 5120K, 0% used [0x00000000ef100000,0x00000000ef100000,0x00000000ef600000)
 ParOldGen       total 87552K, used 794K [0x00000000c0000000, 0x00000000c5580000, 0x00000000eab00000)
  object space 87552K, 0% used [0x00000000c0000000,0x00000000c00c6a78,0x00000000c5580000)
 Metaspace       used 5892K, capacity 6832K, committed 7040K, reserved 1056768K
  class space    used 596K, capacity 616K, committed 640K, reserved 1048576K
}
Event: 2.004 GC heap before
{Heap before GC invocations=2 (full 0):
 PSYoungGen      total 38400K, used 38368K [0x00000000eab00000, 0x00000000ef600000, 0x0000000100000000)
  eden space 33280K, 100% used [0x00000000eab00000,0x00000000ecb80000,0x00000000ecb80000)
  from space 5120K, 99% used [0x00000000ecb80000,0x00000000ed078368,0x00000000ed080000)
  to   space 5120K, 0% used [0x00000000ef100000,0x00000000ef100000,0x00000000ef600000)
 ParOldGen       total 87552K, used 794K [0x00000000c0000000, 0x00000000c5580000, 0x00000000eab00000)
  object space 87552K, 0% used [0x00000000c0000000,0x00000000c00c6a78,0x00000000c5580000)
 Metaspace       used 6267K, capacity 7088K, committed 7296K, reserved 1056768K
  class space    used 602K, capacity 616K, committed 640K, reserved 1048576K
Event: 2.046 GC heap after
Heap after GC invocations=2 (full 0):
 PSYoungGen      total 71680K, used 5114K [0x00000000eab00000, 0x00000000ef600000, 0x0000000100000000)
  eden space 66560K, 0% used [0x00000000eab00000,0x00000000eab00000,0x00000000eec00000)
  from space 5120K, 99% used [0x00000000ef100000,0x00000000ef5feaa8,0x00000000ef600000)
  to   space 5120K, 0% used [0x00000000eec00000,0x00000000eec00000,0x00000000ef100000)
 ParOldGen       total 87552K, used 4457K [0x00000000c0000000, 0x00000000c5580000, 0x00000000eab00000)
  object space 87552K, 5% used [0x00000000c0000000,0x00000000c045a540,0x00000000c5580000)
 Metaspace       used 6267K, capacity 7088K, committed 7296K, reserved 1056768K
  class space    used 602K, capacity 616K, committed 640K, reserved 1048576K
}

Deoptimization events (10 events):
Event: 1.679 Thread 0x00000000172d7800 Uncommon trap: reason=unstable_if action=reinterpret pc=0x0000000002862e2c method=com.android.dx.ssa.SCCP.simulateStmt(Lcom/android/dx/ssa/SsaInsn;)V @ 53
Event: 2.051 Thread 0x00000000172d6000 Uncommon trap: reason=bimorphic action=maybe_recompile pc=0x0000000002a1ac84 method=com.android.dx.ssa.SCCP.simulatePhi(Lcom/android/dx/ssa/PhiInsn;)V @ 124
Event: 2.224 Thread 0x0000000002310800 Uncommon trap: reason=unstable_if action=reinterpret pc=0x000000000294c010 method=com.android.dx.rop.cst.StdConstantPool.set(ILcom/android/dx/rop/cst/Constant;)V @ 12
Event: 2.232 Thread 0x00000000172d7800 Uncommon trap: reason=bimorphic action=maybe_recompile pc=0x000000000299ce0c method=com.android.dx.rop.code.RegisterSpec.withSimpleType()Lcom/android/dx/rop/code/RegisterSpec; @ 21
Event: 2.614 Thread 0x00000000172d7800 Uncommon trap: reason=unstable_if action=reinterpret pc=0x0000000002aff6e0 method=com.android.dx.rop.code.RegisterSpecSet.<init>(I)V @ 2
Event: 2.614 Thread 0x00000000172d7800 Uncommon trap: reason=unstable_if action=reinterpret pc=0x00000000027585a8 method=com.android.dx.rop.code.RegisterSpecSet.<init>(I)V @ 2
Event: 2.672 Thread 0x000000001737a000 Uncommon trap: reason=bimorphic action=maybe_recompile pc=0x0000000002ae47a8 method=com.android.dx.cf.code.RopperMachine.run(Lcom/android/dx/cf/code/Frame;II)V @ 988
Event: 2.672 Thread 0x000000001737a000 Uncommon trap: reason=unstable_if action=reinterpret pc=0x00000000029580bc method=com.android.dx.ssa.SCCP.simulateBranch(Lcom/android/dx/ssa/SsaInsn;)V @ 64
Event: 2.676 Thread 0x000000001737a000 Uncommon trap: reason=unloaded action=reinterpret pc=0x00000000029a5cb4 method=com.android.dx.ssa.LiteralOpUpgrader$1.visitNonMoveInsn(Lcom/android/dx/ssa/NormalSsaInsn;)V @ 72
Event: 2.676 Thread 0x000000001737a000 Uncommon trap: reason=unstable_if action=reinterpret pc=0x000000000280221c method=com.android.dx.ssa.SsaMethod.updateOneDefinition(Lcom/android/dx/ssa/SsaInsn;Lcom/android/dx/rop/code/RegisterSpec;)V @ 4

Internal exceptions (3 events):
Event: 0.052 Thread 0x0000000002310800 Exception <a 'java/lang/NoSuchMethodError': Method sun.misc.Unsafe.defineClass(Ljava/lang/String;[BII)Ljava/lang/Class; name or signature does not match> (0x00000000eab0d5b8) thrown at [C:\re\workspace\8-2-build-windows-amd64-cygwin\jdk8u60\4407\hotspot\sr=ç∂
Event: 0.052 Thread 0x0000000002310800 Exception <a 'java/lang/NoSuchMethodError': Method sun.misc.Unsafe.prefetchRead(Ljava/lang/Object;J)V name or signature does not match> (0x00000000eab0d8a0) thrown at [C:\re\workspace\8-2-build-windows-amd64-cygwin\jdk8u60\4407\hotspot\src\share\vm\prims\ju>,g∏‰·?
Event: 0.559 Thread 0x00000000172d7800 Implicit null exception at 0x00000000026c36d9 to 0x00000000026c4bdd

Events (10 events):
Event: 2.676 Thread 0x000000001737a000 Uncommon trap: trap_request=0x0000004e fr.pc=0x00000000029a5cb4
Event: 2.676 loading class com/android/dx/rop/code/RegOps
Event: 2.676 loading class com/android/dx/rop/code/RegOps done
Event: 2.676 Thread 0x000000001737a000 DEOPT PACKING pc=0x00000000029a5cb4 sp=0x00000000188de630
Event: 2.676 Thread 0x000000001737a000 DEOPT UNPACKING pc=0x000000000245582a sp=0x00000000188de5f8 mode 2
Event: 2.676 Thread 0x000000001737a000 Uncommon trap: trap_request=0xffffff65 fr.pc=0x000000000280221c
Event: 2.676 Thread 0x000000001737a000 DEOPT PACKING pc=0x000000000280221c sp=0x00000000188de470
Event: 2.676 Thread 0x000000001737a000 DEOPT UNPACKING pc=0x000000000245582a sp=0x00000000188de418 mode 2
Event: 3.018 Thread 0x00000000172d6000 DEOPT PACKING pc=0x00000000028d7309 sp=0x00000000184ded80
Event: 3.018 Thread 0x00000000172d6000 DEOPT UNPACKING pc=0x000000000245747f sp=0x00000000184debb0 mode 0


Dynamic libraries:
0x00007ff7b7250000 - 0x00007ff7b7287000 	C:\Program Files\Java\jdk1.8.0_60\bin\java.exe
0x00007ff82dc20000 - 0x00007ff82dde1000 	C:\WINDOWS\SYSTEM32\ntdll.dll
0x00007ff82d940000 - 0x00007ff82d9ed000 	C:\WINDOWS\system32\KERNEL32.DLL
0x00007ff82a9f0000 - 0x00007ff82abd8000 	C:\WINDOWS\system32\KERNELBASE.dll
0x00007ff82b180000 - 0x00007ff82b227000 	C:\WINDOWS\system32\ADVAPI32.dll
0x00007ff82cc50000 - 0x00007ff82cced000 	C:\WINDOWS\system32\msvcrt.dll
0x00007ff82cbb0000 - 0x00007ff82cc0b000 	C:\WINDOWS\system32\sechost.dll
0x00007ff82d9f0000 - 0x00007ff82db0c000 	C:\WINDOWS\system32\RPCRT4.dll
0x00007ff82b020000 - 0x00007ff82b176000 	C:\WINDOWS\system32\USER32.dll
0x00007ff82b4c0000 - 0x00007ff82b646000 	C:\WINDOWS\system32\GDI32.dll
0x00007ff8261d0000 - 0x00007ff826444000 	C:\WINDOWS\WinSxS\amd64_microsoft.windows.common-controls_6595b64144ccf1df_6.0.10586.0_none_8c15ae12515e1c22\COMCTL32.dll
0x00007ff82d660000 - 0x00007ff82d8dd000 	C:\WINDOWS\system32\combase.dll
0x00007ff82abe0000 - 0x00007ff82ac4a000 	C:\WINDOWS\system32\bcryptPrimitives.dll
0x00007ff82ccf0000 - 0x00007ff82cd2b000 	C:\WINDOWS\system32\IMM32.DLL
0x0000000053250000 - 0x0000000053322000 	C:\Program Files\Java\jdk1.8.0_60\jre\bin\msvcr100.dll
0x0000000053700000 - 0x0000000053f89000 	C:\Program Files\Java\jdk1.8.0_60\jre\bin\server\jvm.dll
0x00007ff82cc10000 - 0x00007ff82cc18000 	C:\WINDOWS\system32\PSAPI.DLL
0x00007ff81e2c0000 - 0x00007ff81e2c9000 	C:\WINDOWS\SYSTEM32\WSOCK32.dll
0x00007ff82cd30000 - 0x00007ff82cd9b000 	C:\WINDOWS\system32\WS2_32.dll
0x00007ff828580000 - 0x00007ff8285a3000 	C:\WINDOWS\SYSTEM32\WINMM.dll
0x00007ff8267e0000 - 0x00007ff8267ea000 	C:\WINDOWS\SYSTEM32\VERSION.dll
0x0000000001e80000 - 0x0000000001eac000 	C:\WINDOWS\SYSTEM32\WINMMBASE.dll
0x00007ff82ad70000 - 0x00007ff82adb3000 	C:\WINDOWS\system32\cfgmgr32.dll
0x00000000536f0000 - 0x00000000536ff000 	C:\Program Files\Java\jdk1.8.0_60\jre\bin\verify.dll
0x00000000536c0000 - 0x00000000536e9000 	C:\Program Files\Java\jdk1.8.0_60\jre\bin\java.dll
0x00000000536a0000 - 0x00000000536b6000 	C:\Program Files\Java\jdk1.8.0_60\jre\bin\zip.dll
0x00007ff82b650000 - 0x00007ff82cbac000 	C:\WINDOWS\system32\SHELL32.dll
0x00007ff82a380000 - 0x00007ff82a9c4000 	C:\WINDOWS\system32\windows.storage.dll
0x00007ff82d390000 - 0x00007ff82d3e2000 	C:\WINDOWS\system32\shlwapi.dll
0x00007ff82a2a0000 - 0x00007ff82a2af000 	C:\WINDOWS\system32\kernel.appcore.dll
0x00007ff82ac50000 - 0x00007ff82ad05000 	C:\WINDOWS\system32\shcore.dll
0x00007ff82a240000 - 0x00007ff82a28b000 	C:\WINDOWS\system32\powrprof.dll
0x00007ff82a2b0000 - 0x00007ff82a2c4000 	C:\WINDOWS\system32\profapi.dll

VM Arguments:
jvm_args: -Djava.awt.headless=true -Xmx1024M -Dfile.encoding=windows-1252 -Duser.country=US -Duser.language=en -Duser.variant 
java_command: com.android.dx.command.Main --dex --force-jumbo --num-threads=4 --multi-dex --output C:\Users\Benny\workspace\ElegantErowid\app\build\intermediates\transforms\dex\debug\folders\1000\10\internal_impl-23.3.0_a12476cda6b380969d16c64906111d291ccfa3c0 C:\Users\Benny\workspace\ElegantErowid\app\build\intermediates\exploded-aar\com.android.support\support-v4\23.3.0\jars\libs\internal_impl-23.3.0.jar
java_class_path (initial): C:\Users\Benny\AppData\Local\Android\sdk\build-tools\23.0.3\lib\dx.jar
Launcher Type: SUN_STANDARD

Environment Variables:
CLASSPATH=.;
PATH=C:\ProgramData\Oracle\Java\javapath;C:\WINDOWS\system32;C:\WINDOWS;C:\WINDOWS\System32\Wbem;C:\WINDOWS\System32\WindowsPowerShell\v1.0\;C:\Program Files (x86)\GNU\GnuPG\pub;C:\Program Files\Java\jdk1.8.0_60\bin;C:\Program Files (x86)\NVIDIA Corporation\PhysX\Common;C:\WINDOWS\system32;C:\WINDOWS;C:\WINDOWS\System32\Wbem;C:\WINDOWS\System32\WindowsPowerShell\v1.0\;C:\Program Files (x86)\MySQL\MySQL Fabric 1.5 & MySQL Utilities 1.5\;C:\Program Files (x86)\MySQL\MySQL Fabric 1.5 & MySQL Utilities 1.5\Doctrine extensions for PHP\;C:\Program Files (x86)\Skype\Phone\
USERNAME=Benny
OS=Windows_NT
PROCESSOR_IDENTIFIER=AMD64 Family 21 Model 2 Stepping 0, AuthenticAMD



---------------  S Y S T E M  ---------------

OS: Windows 10.0 , 64 bit Build 10586 (10.0.10586.0)

CPU:total 8 (8 cores per cpu, 1 threads per core) family 21 model 2 stepping 0, cmov, cx8, fxsr, mmx, sse, sse2, sse3, ssse3, sse4.1, sse4.2, popcnt, avx, aes, clmul, mmxext, 3dnowpref, lzcnt, sse4a, tsc, tscinvbit, tscinv, bmi1

Memory: 4k page, physical 8370292k(1277412k free), swap 17139976k(6644k free)

vm_info: Java HotSpot(TM) 64-Bit Server VM (25.60-b23) for windows-amd64 JRE (1.8.0_60-b27), built on Aug  4 2015 11:06:27 by "java_re" with MS VC++ 10.0 (VS2010)

time: Thu May 19 20:40:13 2016
elapsed time: 3 seconds (0d 0h 0m 3s)

