#
# There is insufficient memory for the Java Runtime Environment to continue.
# Native memory allocation (malloc) failed to allocate 661456 bytes for Chunk::new
# Possible reasons:
#   The system is out of physical RAM or swap space
#   In 32 bit mode, the process size limit was hit
# Possible solutions:
#   Reduce memory load on the system
#   Increase physical memory or swap space
#   Check if swap backing store is full
#   Use 64 bit Java on a 64 bit OS
#   Decrease Java heap size (-Xmx/-Xms)
#   Decrease number of Java threads
#   Decrease Java thread stack sizes (-Xss)
#   Set larger code cache with -XX:ReservedCodeCacheSize=
# This output file may be truncated or incomplete.
#
#  Out of Memory Error (allocation.cpp:390), pid=17524, tid=2252
#
# JRE version: Java(TM) SE Runtime Environment (8.0_60-b27) (build 1.8.0_60-b27)
# Java VM: Java HotSpot(TM) 64-Bit Server VM (25.60-b23 mixed mode windows-amd64 compressed oops)
# Failed to write core dump. Minidumps are not enabled by default on client versions of Windows
#

---------------  T H R E A D  ---------------

Current thread (0x0000000016f56800):  JavaThread "C2 CompilerThread0" daemon [_thread_in_native, id=2252, stack(0x0000000017530000,0x0000000017630000)]

Stack: [0x0000000017530000,0x0000000017630000]
[error occurred during error reporting (printing stack bounds), id 0xc0000005]

Native frames: (J=compiled Java code, j=interpreted, Vv=VM code, C=native code)


Current CompileTask:
C2:   2716 1752   !   4       com.android.dx.cf.code.RopperMachine::run (1550 bytes)


---------------  P R O C E S S  ---------------

Java Threads: ( => current thread )
  0x00000000172a3800 JavaThread "pool-2-thread-4" [_thread_blocked, id=15624, stack(0x0000000018730000,0x0000000018830000)]
  0x00000000172a2800 JavaThread "pool-2-thread-3" [_thread_blocked, id=12848, stack(0x0000000018630000,0x0000000018730000)]
  0x000000001729a000 JavaThread "pool-2-thread-2" [_thread_blocked, id=17368, stack(0x0000000018530000,0x0000000018630000)]
  0x0000000017297000 JavaThread "pool-3-thread-1" [_thread_blocked, id=7820, stack(0x0000000018430000,0x0000000018530000)]
  0x0000000017215800 JavaThread "pool-2-thread-1" [_thread_blocked, id=18064, stack(0x0000000018330000,0x0000000018430000)]
  0x0000000016fd1000 JavaThread "Service Thread" daemon [_thread_blocked, id=13832, stack(0x0000000017930000,0x0000000017a30000)]
  0x0000000016fb4800 JavaThread "C1 CompilerThread3" daemon [_thread_blocked, id=5564, stack(0x0000000017830000,0x0000000017930000)]
  0x0000000016fad800 JavaThread "C2 CompilerThread2" daemon [_thread_in_native, id=11668, stack(0x0000000017730000,0x0000000017830000)]
  0x0000000016fad000 JavaThread "C2 CompilerThread1" daemon [_thread_in_native, id=12640, stack(0x0000000017630000,0x0000000017730000)]
=>0x0000000016f56800 JavaThread "C2 CompilerThread0" daemon [_thread_in_native, id=2252, stack(0x0000000017530000,0x0000000017630000)]
  0x0000000016f54800 JavaThread "Attach Listener" daemon [_thread_blocked, id=18376, stack(0x0000000017430000,0x0000000017530000)]
  0x0000000016f53800 JavaThread "Signal Dispatcher" daemon [_thread_blocked, id=17416, stack(0x0000000017330000,0x0000000017430000)]
  0x0000000002313000 JavaThread "Finalizer" daemon [_thread_blocked, id=15588, stack(0x0000000016d50000,0x0000000016e50000)]
  0x0000000002312000 JavaThread "Reference Handler" daemon [_thread_blocked, id=10492, stack(0x0000000016c50000,0x0000000016d50000)]
  0x0000000002220800 JavaThread "main" [_thread_blocked, id=13104, stack(0x0000000002120000,0x0000000002220000)]

Other Threads:
  0x0000000014e3a000 VMThread [stack: 0x0000000016b50000,0x0000000016c50000] [id=4248]
  0x0000000016fd6000 WatcherThread [stack: 0x0000000017a30000,0x0000000017b30000] [id=9456]

VM state:not at safepoint (normal execution)

VM Mutex/Monitor currently owned by a thread: None

Heap:
 PSYoungGen      total 71680K, used 33155K [0x00000000eab00000, 0x00000000f3700000, 0x0000000100000000)
  eden space 66560K, 42% used [0x00000000eab00000,0x00000000ec666618,0x00000000eec00000)
  from space 5120K, 99% used [0x00000000eec00000,0x00000000ef0fa7a0,0x00000000ef100000)
  to   space 5120K, 0% used [0x00000000f3200000,0x00000000f3200000,0x00000000f3700000)
 ParOldGen       total 87552K, used 14670K [0x00000000c0000000, 0x00000000c5580000, 0x00000000eab00000)
  object space 87552K, 16% used [0x00000000c0000000,0x00000000c0e53938,0x00000000c5580000)
 Metaspace       used 6265K, capacity 7152K, committed 7296K, reserved 1056768K
  class space    used 603K, capacity 616K, committed 640K, reserved 1048576K

Card table byte_map: [0x00000000116e0000,0x00000000118f0000] byte_map_base: 0x00000000110e0000

Marking Bits: (ParMarkBitMap*) 0x0000000053f0a5b0
 Begin Bits: [0x0000000012250000, 0x0000000013250000)
 End Bits:   [0x0000000013250000, 0x0000000014250000)

Polling page: 0x0000000000590000

CodeCache: size=245760Kb used=7573Kb max_used=7588Kb free=238186Kb
 bounds [0x0000000002320000, 0x0000000002aa0000, 0x0000000011320000]
 total_blobs=2040 nmethods=1772 adapters=182
 compilation: enabled

Compilation events (10 events):
Event: 2.674 Thread 0x0000000016fad800 nmethod 1809 0x0000000002a6d9d0 code [0x0000000002a6db60, 0x0000000002a6e478]
Event: 2.675 Thread 0x0000000016fad800 1762       4       com.android.dx.rop.cst.CstFieldRef::compareTo0 (43 bytes)
Event: 2.678 Thread 0x0000000016fad800 nmethod 1762 0x0000000002a3ae50 code [0x0000000002a3afc0, 0x0000000002a3b418]
Event: 2.678 Thread 0x0000000016fad800 1771       4       com.android.dx.ssa.SsaConverter::needsNewSuccessor (53 bytes)
Event: 2.680 Thread 0x0000000016fad800 nmethod 1771 0x0000000002a6ba10 code [0x0000000002a6bb60, 0x0000000002a6bd58]
Event: 2.680 Thread 0x0000000016fad800 1785       4       com.android.dx.ssa.back.SsaToRop::convertBasicBlock (126 bytes)
Event: 2.693 Thread 0x0000000016fad000 nmethod 1763 0x0000000002a8ddd0 code [0x0000000002a8e080, 0x0000000002a8fd10]
Event: 2.693 Thread 0x0000000016fad000 1810   !   4       com.android.dx.rop.type.Type::intern (319 bytes)
Event: 2.698 Thread 0x0000000016fb4800 1811       2       com.android.dx.rop.annotation.Annotation::put (32 bytes)
Event: 2.699 Thread 0x0000000016fb4800 nmethod 1811 0x0000000002a50d90 code [0x0000000002a50f20, 0x0000000002a51228]

GC Heap History (6 events):
Event: 1.258 GC heap before
{Heap before GC invocations=1 (full 0):
 PSYoungGen      total 38400K, used 33280K [0x00000000eab00000, 0x00000000ed580000, 0x0000000100000000)
  eden space 33280K, 100% used [0x00000000eab00000,0x00000000ecb80000,0x00000000ecb80000)
  from space 5120K, 0% used [0x00000000ed080000,0x00000000ed080000,0x00000000ed580000)
  to   space 5120K, 0% used [0x00000000ecb80000,0x00000000ecb80000,0x00000000ed080000)
 ParOldGen       total 87552K, used 0K [0x00000000c0000000, 0x00000000c5580000, 0x00000000eab00000)
  object space 87552K, 0% used [0x00000000c0000000,0x00000000c0000000,0x00000000c5580000)
 Metaspace       used 5912K, capacity 6832K, committed 7040K, reserved 1056768K
  class space    used 602K, capacity 616K, committed 640K, reserved 1048576K
Event: 1.273 GC heap after
Heap after GC invocations=1 (full 0):
 PSYoungGen      total 38400K, used 5097K [0x00000000eab00000, 0x00000000ef600000, 0x0000000100000000)
  eden space 33280K, 0% used [0x00000000eab00000,0x00000000eab00000,0x00000000ecb80000)
  from space 5120K, 99% used [0x00000000ecb80000,0x00000000ed07a400,0x00000000ed080000)
  to   space 5120K, 0% used [0x00000000ef100000,0x00000000ef100000,0x00000000ef600000)
 ParOldGen       total 87552K, used 1015K [0x00000000c0000000, 0x00000000c5580000, 0x00000000eab00000)
  object space 87552K, 1% used [0x00000000c0000000,0x00000000c00fdd78,0x00000000c5580000)
 Metaspace       used 5912K, capacity 6832K, committed 7040K, reserved 1056768K
  class space    used 602K, capacity 616K, committed 640K, reserved 1048576K
}
Event: 1.584 GC heap before
{Heap before GC invocations=2 (full 0):
 PSYoungGen      total 38400K, used 38377K [0x00000000eab00000, 0x00000000ef600000, 0x0000000100000000)
  eden space 33280K, 100% used [0x00000000eab00000,0x00000000ecb80000,0x00000000ecb80000)
  from space 5120K, 99% used [0x00000000ecb80000,0x00000000ed07a400,0x00000000ed080000)
  to   space 5120K, 0% used [0x00000000ef100000,0x00000000ef100000,0x00000000ef600000)
 ParOldGen       total 87552K, used 1015K [0x00000000c0000000, 0x00000000c5580000, 0x00000000eab00000)
  object space 87552K, 1% used [0x00000000c0000000,0x00000000c00fdd78,0x00000000c5580000)
 Metaspace       used 6158K, capacity 7088K, committed 7296K, reserved 1056768K
  class space    used 602K, capacity 616K, committed 640K, reserved 1048576K
Event: 1.603 GC heap after
Heap after GC invocations=2 (full 0):
 PSYoungGen      total 71680K, used 5119K [0x00000000eab00000, 0x00000000ef600000, 0x0000000100000000)
  eden space 66560K, 0% used [0x00000000eab00000,0x00000000eab00000,0x00000000eec00000)
  from space 5120K, 99% used [0x00000000ef100000,0x00000000ef5ffd68,0x00000000ef600000)
  to   space 5120K, 0% used [0x00000000eec00000,0x00000000eec00000,0x00000000ef100000)
 ParOldGen       total 87552K, used 4954K [0x00000000c0000000, 0x00000000c5580000, 0x00000000eab00000)
  object space 87552K, 5% used [0x00000000c0000000,0x00000000c04d6910,0x00000000c5580000)
 Metaspace       used 6158K, capacity 7088K, committed 7296K, reserved 1056768K
  class space    used 602K, capacity 616K, committed 640K, reserved 1048576K
}
Event: 2.123 GC heap before
{Heap before GC invocations=3 (full 0):
 PSYoungGen      total 71680K, used 71679K [0x00000000eab00000, 0x00000000ef600000, 0x0000000100000000)
  eden space 66560K, 100% used [0x00000000eab00000,0x00000000eec00000,0x00000000eec00000)
  from space 5120K, 99% used [0x00000000ef100000,0x00000000ef5ffd68,0x00000000ef600000)
  to   space 5120K, 0% used [0x00000000eec00000,0x00000000eec00000,0x00000000ef100000)
 ParOldGen       total 87552K, used 4954K [0x00000000c0000000, 0x00000000c5580000, 0x00000000eab00000)
  object space 87552K, 5% used [0x00000000c0000000,0x00000000c04d6910,0x00000000c5580000)
 Metaspace       used 6250K, capacity 7152K, committed 7296K, reserved 1056768K
  class space    used 603K, capacity 616K, committed 640K, reserved 1048576K
Event: 2.153 GC heap after
Heap after GC invocations=3 (full 0):
 PSYoungGen      total 71680K, used 5097K [0x00000000eab00000, 0x00000000f3700000, 0x0000000100000000)
  eden space 66560K, 0% used [0x00000000eab00000,0x00000000eab00000,0x00000000eec00000)
  from space 5120K, 99% used [0x00000000eec00000,0x00000000ef0fa7a0,0x00000000ef100000)
  to   space 5120K, 0% used [0x00000000f3200000,0x00000000f3200000,0x00000000f3700000)
 ParOldGen       total 87552K, used 14670K [0x00000000c0000000, 0x00000000c5580000, 0x00000000eab00000)
  object space 87552K, 16% used [0x00000000c0000000,0x00000000c0e53938,0x00000000c5580000)
 Metaspace       used 6250K, capacity 7152K, committed 7296K, reserved 1056768K
  class space    used 603K, capacity 616K, committed 640K, reserved 1048576K
}

Deoptimization events (10 events):
Event: 1.284 Thread 0x000000001729a000 Uncommon trap: reason=unstable_if action=reinterpret pc=0x00000000025567a8 method=java.util.HashMap.getNode(ILjava/lang/Object;)Ljava/util/HashMap$Node; @ 62
Event: 1.405 Thread 0x0000000002220800 Uncommon trap: reason=unstable_if action=reinterpret pc=0x000000000257be5c method=com.android.dx.rop.cst.Constant.compareTo(Lcom/android/dx/rop/cst/Constant;)I @ 12
Event: 1.616 Thread 0x0000000002220800 Uncommon trap: reason=uninitialized action=reinterpret pc=0x00000000027fd6ac method=com.android.dx.cf.code.BytecodeArray.parseInstruction(ILcom/android/dx/cf/code/BytecodeArray$Visitor;)I @ 999
Event: 1.620 Thread 0x0000000002220800 Uncommon trap: reason=bimorphic action=maybe_recompile pc=0x00000000026bd19c method=java.util.HashMap.putVal(ILjava/lang/Object;Ljava/lang/Object;ZZ)Ljava/lang/Object; @ 203
Event: 1.652 Thread 0x0000000002220800 Uncommon trap: reason=unstable_if action=reinterpret pc=0x00000000026e41b8 method=com.android.dx.rop.cst.StdConstantPool.set(ILcom/android/dx/rop/cst/Constant;)V @ 12
Event: 1.734 Thread 0x0000000017215800 Uncommon trap: reason=unstable_if action=reinterpret pc=0x0000000002826450 method=com.android.dx.ssa.SCCP.simulateStmt(Lcom/android/dx/ssa/SsaInsn;)V @ 53
Event: 1.748 Thread 0x00000000172a3800 Uncommon trap: reason=unstable_if action=reinterpret pc=0x00000000026d797c method=com.android.dx.util.IntList.binarysearch(I)I @ 105
Event: 1.815 Thread 0x000000001729a000 Uncommon trap: reason=unstable_if action=reinterpret pc=0x00000000028cb77c method=com.android.dx.ssa.SCCP.simulateBranch(Lcom/android/dx/ssa/SsaInsn;)V @ 64
Event: 1.815 Thread 0x000000001729a000 Uncommon trap: reason=unstable_if action=reinterpret pc=0x00000000028fb75c method=com.android.dx.ssa.LiteralOpUpgrader$1.visitNonMoveInsn(Lcom/android/dx/ssa/NormalSsaInsn;)V @ 55
Event: 1.816 Thread 0x000000001729a000 Uncommon trap: reason=unstable_if action=reinterpret pc=0x00000000026b711c method=com.android.dx.ssa.SsaMethod.updateOneDefinition(Lcom/android/dx/ssa/SsaInsn;Lcom/android/dx/rop/code/RegisterSpec;)V @ 4

Internal exceptions (3 events):
Event: 0.243 Thread 0x0000000002220800 Exception <a 'java/lang/NoSuchMethodError': Method sun.misc.Unsafe.defineClass(Ljava/lang/String;[BII)Ljava/lang/Class; name or signature does not match> (0x00000000eab0d5c0) thrown at [C:\re\workspace\8-2-build-windows-amd64-cygwin\jdk8u60\4407\hotspot\srÄ0ÜÙÏ?
Event: 0.243 Thread 0x0000000002220800 Exception <a 'java/lang/NoSuchMethodError': Method sun.misc.Unsafe.prefetchRead(Ljava/lang/Object;J)V name or signature does not match> (0x00000000eab0d8a8) thrown at [C:\re\workspace\8-2-build-windows-amd64-cygwin\jdk8u60\4407\hotspot\src\share\vm\prims\j¾LX“
ó?
Event: 1.190 Thread 0x00000000172a2800 Implicit null exception at 0x0000000002612d3f to 0x0000000002614679

Events (10 events):
Event: 1.815 Thread 0x000000001729a000 DEOPT UNPACKING pc=0x000000000236582a sp=0x000000001862eac0 mode 2
Event: 1.815 loading class com/android/dx/rop/code/RegOps
Event: 1.815 loading class com/android/dx/rop/code/RegOps done
Event: 1.816 Thread 0x000000001729a000 Uncommon trap: trap_request=0xffffff65 fr.pc=0x00000000026b711c
Event: 1.816 Thread 0x000000001729a000 DEOPT PACKING pc=0x00000000026b711c sp=0x000000001862e920
Event: 1.816 Thread 0x000000001729a000 DEOPT UNPACKING pc=0x000000000236582a sp=0x000000001862e8c8 mode 2
Event: 2.012 Thread 0x0000000002220800 DEOPT PACKING pc=0x000000000296af69 sp=0x000000000221e820
Event: 2.012 Thread 0x0000000002220800 DEOPT UNPACKING pc=0x000000000236747f sp=0x000000000221e628 mode 0
Event: 2.122 Executing VM operation: ParallelGCFailedAllocation
Event: 2.154 Executing VM operation: ParallelGCFailedAllocation done


Dynamic libraries:
0x00007ff7b7250000 - 0x00007ff7b7287000 	C:\Program Files\Java\jdk1.8.0_60\bin\java.exe
0x00007ff82dc20000 - 0x00007ff82dde1000 	C:\WINDOWS\SYSTEM32\ntdll.dll
0x00007ff82d940000 - 0x00007ff82d9ed000 	C:\WINDOWS\system32\KERNEL32.DLL
0x00007ff82a9f0000 - 0x00007ff82abd8000 	C:\WINDOWS\system32\KERNELBASE.dll
0x00007ff82b180000 - 0x00007ff82b227000 	C:\WINDOWS\system32\ADVAPI32.dll
0x00007ff82cc50000 - 0x00007ff82cced000 	C:\WINDOWS\system32\msvcrt.dll
0x00007ff82cbb0000 - 0x00007ff82cc0b000 	C:\WINDOWS\system32\sechost.dll
0x00007ff82d9f0000 - 0x00007ff82db0c000 	C:\WINDOWS\system32\RPCRT4.dll
0x00007ff82b020000 - 0x00007ff82b176000 	C:\WINDOWS\system32\USER32.dll
0x00007ff82b4c0000 - 0x00007ff82b646000 	C:\WINDOWS\system32\GDI32.dll
0x00007ff8261d0000 - 0x00007ff826444000 	C:\WINDOWS\WinSxS\amd64_microsoft.windows.common-controls_6595b64144ccf1df_6.0.10586.0_none_8c15ae12515e1c22\COMCTL32.dll
0x00007ff82d660000 - 0x00007ff82d8dd000 	C:\WINDOWS\system32\combase.dll
0x00007ff82abe0000 - 0x00007ff82ac4a000 	C:\WINDOWS\system32\bcryptPrimitives.dll
0x00007ff82ccf0000 - 0x00007ff82cd2b000 	C:\WINDOWS\system32\IMM32.DLL
0x0000000053250000 - 0x0000000053322000 	C:\Program Files\Java\jdk1.8.0_60\jre\bin\msvcr100.dll
0x0000000053700000 - 0x0000000053f89000 	C:\Program Files\Java\jdk1.8.0_60\jre\bin\server\jvm.dll
0x00007ff82cc10000 - 0x00007ff82cc18000 	C:\WINDOWS\system32\PSAPI.DLL
0x00007ff81e2c0000 - 0x00007ff81e2c9000 	C:\WINDOWS\SYSTEM32\WSOCK32.dll
0x00007ff82cd30000 - 0x00007ff82cd9b000 	C:\WINDOWS\system32\WS2_32.dll
0x00007ff828580000 - 0x00007ff8285a3000 	C:\WINDOWS\SYSTEM32\WINMM.dll
0x00007ff8267e0000 - 0x00007ff8267ea000 	C:\WINDOWS\SYSTEM32\VERSION.dll
0x00007ff828520000 - 0x00007ff82854c000 	C:\WINDOWS\SYSTEM32\WINMMBASE.dll
0x00007ff82ad70000 - 0x00007ff82adb3000 	C:\WINDOWS\system32\cfgmgr32.dll
0x00000000536f0000 - 0x00000000536ff000 	C:\Program Files\Java\jdk1.8.0_60\jre\bin\verify.dll
0x00000000536c0000 - 0x00000000536e9000 	C:\Program Files\Java\jdk1.8.0_60\jre\bin\java.dll
0x00000000536a0000 - 0x00000000536b6000 	C:\Program Files\Java\jdk1.8.0_60\jre\bin\zip.dll
0x00007ff82b650000 - 0x00007ff82cbac000 	C:\WINDOWS\system32\SHELL32.dll
0x00007ff82a380000 - 0x00007ff82a9c4000 	C:\WINDOWS\system32\windows.storage.dll
0x00007ff82d390000 - 0x00007ff82d3e2000 	C:\WINDOWS\system32\shlwapi.dll
0x00007ff82a2a0000 - 0x00007ff82a2af000 	C:\WINDOWS\system32\kernel.appcore.dll
0x00007ff82ac50000 - 0x00007ff82ad05000 	C:\WINDOWS\system32\shcore.dll
0x00007ff82a240000 - 0x00007ff82a28b000 	C:\WINDOWS\system32\powrprof.dll
0x00007ff82a2b0000 - 0x00007ff82a2c4000 	C:\WINDOWS\system32\profapi.dll

VM Arguments:
jvm_args: -Djava.awt.headless=true -Xmx1024M -Dfile.encoding=windows-1252 -Duser.country=US -Duser.language=en -Duser.variant 
java_command: com.android.dx.command.Main --dex --force-jumbo --num-threads=4 --multi-dex --output C:\Users\Benny\workspace\ElegantErowid\app\build\intermediates\transforms\dex\debug\folders\1000\10\com.android.support-appcompat-v7-23.3.0_73ad6f6fea3e9f60832859fe48c49ad90b1b633b C:\Users\Benny\workspace\ElegantErowid\app\build\intermediates\exploded-aar\com.android.support\appcompat-v7\23.3.0\jars\classes.jar
java_class_path (initial): C:\Users\Benny\AppData\Local\Android\sdk\build-tools\23.0.3\lib\dx.jar
Launcher Type: SUN_STANDARD

Environment Variables:
CLASSPATH=.;
PATH=C:\ProgramData\Oracle\Java\javapath;C:\WINDOWS\system32;C:\WINDOWS;C:\WINDOWS\System32\Wbem;C:\WINDOWS\System32\WindowsPowerShell\v1.0\;C:\Program Files (x86)\GNU\GnuPG\pub;C:\Program Files\Java\jdk1.8.0_60\bin;C:\Program Files (x86)\NVIDIA Corporation\PhysX\Common;C:\WINDOWS\system32;C:\WINDOWS;C:\WINDOWS\System32\Wbem;C:\WINDOWS\System32\WindowsPowerShell\v1.0\;C:\Program Files (x86)\MySQL\MySQL Fabric 1.5 & MySQL Utilities 1.5\;C:\Program Files (x86)\MySQL\MySQL Fabric 1.5 & MySQL Utilities 1.5\Doctrine extensions for PHP\;C:\Program Files (x86)\Skype\Phone\
USERNAME=Benny
OS=Windows_NT
PROCESSOR_IDENTIFIER=AMD64 Family 21 Model 2 Stepping 0, AuthenticAMD



---------------  S Y S T E M  ---------------

OS: Windows 10.0 , 64 bit Build 10586 (10.0.10586.0)

CPU:total 8 (8 cores per cpu, 1 threads per core) family 21 model 2 stepping 0, cmov, cx8, fxsr, mmx, sse, sse2, sse3, ssse3, sse4.1, sse4.2, popcnt, avx, aes, clmul, mmxext, 3dnowpref, lzcnt, sse4a, tsc, tscinvbit, tscinv, bmi1

Memory: 4k page, physical 8370292k(1482960k free), swap 17139976k(5700k free)

vm_info: Java HotSpot(TM) 64-Bit Server VM (25.60-b23) for windows-amd64 JRE (1.8.0_60-b27), built on Aug  4 2015 11:06:27 by "java_re" with MS VC++ 10.0 (VS2010)

time: Thu May 19 20:39:28 2016
elapsed time: 2 seconds (0d 0h 0m 2s)

