#
# There is insufficient memory for the Java Runtime Environment to continue.
# Native memory allocation (malloc) failed to allocate 1048576 bytes for AllocateHeap
# Possible reasons:
#   The system is out of physical RAM or swap space
#   In 32 bit mode, the process size limit was hit
# Possible solutions:
#   Reduce memory load on the system
#   Increase physical memory or swap space
#   Check if swap backing store is full
#   Use 64 bit Java on a 64 bit OS
#   Decrease Java heap size (-Xmx/-Xms)
#   Decrease number of Java threads
#   Decrease Java thread stack sizes (-Xss)
#   Set larger code cache with -XX:ReservedCodeCacheSize=
# This output file may be truncated or incomplete.
#
#  Out of Memory Error (memory/allocation.inline.hpp:61), pid=9632, tid=16264
#
# JRE version:  (8.0_60-b27) (build )
# Java VM: Java HotSpot(TM) 64-Bit Server VM (25.60-b23 mixed mode windows-amd64 compressed oops)
# Failed to write core dump. Minidumps are not enabled by default on client versions of Windows
#

---------------  T H R E A D  ---------------

Current thread (0x0000000002150800):  JavaThread "Unknown thread" [_thread_in_vm, id=16264, stack(0x0000000002050000,0x0000000002150000)]

Stack: [0x0000000002050000,0x0000000002150000]
[error occurred during error reporting (printing stack bounds), id 0xc0000005]

Native frames: (J=compiled Java code, j=interpreted, Vv=VM code, C=native code)


---------------  P R O C E S S  ---------------

Java Threads: ( => current thread )

Other Threads:

=>0x0000000002150800 (exited) JavaThread "Unknown thread" [_thread_in_vm, id=16264, stack(0x0000000002050000,0x0000000002150000)]

VM state:not at safepoint (normal execution)

VM Mutex/Monitor currently owned by a thread: None

Heap:
 PSYoungGen      total 38400K, used 665K [0x00000000eab00000, 0x00000000ed580000, 0x0000000100000000)
  eden space 33280K, 2% used [0x00000000eab00000,0x00000000eaba6670,0x00000000ecb80000)
  from space 5120K, 0% used [0x00000000ed080000,0x00000000ed080000,0x00000000ed580000)
  to   space 5120K, 0% used [0x00000000ecb80000,0x00000000ecb80000,0x00000000ed080000)
 ParOldGen       total 87552K, used 0K [0x00000000c0000000, 0x00000000c5580000, 0x00000000eab00000)
  object space 87552K, 0% used [0x00000000c0000000,0x00000000c0000000,0x00000000c5580000)
 Metaspace       used 767K, capacity 4480K, committed 4480K, reserved 1056768K
  class space    used 75K, capacity 384K, committed 384K, reserved 1048576K

Card table byte_map: [0x0000000011610000,0x0000000011820000] byte_map_base: 0x0000000011010000

Marking Bits: (ParMarkBitMap*) 0x0000000053f0a5b0
 Begin Bits: [0x0000000012180000, 0x0000000013180000)
 End Bits:   [0x0000000013180000, 0x0000000014180000)

Polling page: 0x0000000000750000

CodeCache: size=245760Kb used=327Kb max_used=327Kb free=245432Kb
 bounds [0x0000000002250000, 0x00000000024c0000, 0x0000000011250000]
 total_blobs=56 nmethods=0 adapters=37
 compilation: enabled

Compilation events (0 events):
No events

GC Heap History (0 events):
No events

Deoptimization events (0 events):
No events

Internal exceptions (0 events):
No events

Events (10 events):
Event: 0.025 loading class java/lang/Short
Event: 0.025 loading class java/lang/Short done
Event: 0.025 loading class java/lang/Integer
Event: 0.025 loading class java/lang/Integer done
Event: 0.025 loading class java/lang/Long
Event: 0.025 loading class java/lang/Long done
Event: 0.025 loading class java/lang/NullPointerException
Event: 0.026 loading class java/lang/NullPointerException done
Event: 0.026 loading class java/lang/ArithmeticException
Event: 0.026 loading class java/lang/ArithmeticException done


Dynamic libraries:
0x00007ff7b7250000 - 0x00007ff7b7287000 	C:\Program Files\Java\jdk1.8.0_60\bin\java.exe
0x00007ff82dc20000 - 0x00007ff82dde1000 	C:\WINDOWS\SYSTEM32\ntdll.dll
0x00007ff82d940000 - 0x00007ff82d9ed000 	C:\WINDOWS\system32\KERNEL32.DLL
0x00007ff82a9f0000 - 0x00007ff82abd8000 	C:\WINDOWS\system32\KERNELBASE.dll
0x00007ff82b180000 - 0x00007ff82b227000 	C:\WINDOWS\system32\ADVAPI32.dll
0x00007ff82cc50000 - 0x00007ff82cced000 	C:\WINDOWS\system32\msvcrt.dll
0x00007ff82cbb0000 - 0x00007ff82cc0b000 	C:\WINDOWS\system32\sechost.dll
0x00007ff82d9f0000 - 0x00007ff82db0c000 	C:\WINDOWS\system32\RPCRT4.dll
0x00007ff82b020000 - 0x00007ff82b176000 	C:\WINDOWS\system32\USER32.dll
0x00007ff82b4c0000 - 0x00007ff82b646000 	C:\WINDOWS\system32\GDI32.dll
0x00007ff8261d0000 - 0x00007ff826444000 	C:\WINDOWS\WinSxS\amd64_microsoft.windows.common-controls_6595b64144ccf1df_6.0.10586.0_none_8c15ae12515e1c22\COMCTL32.dll
0x00007ff82d660000 - 0x00007ff82d8dd000 	C:\WINDOWS\system32\combase.dll
0x00007ff82abe0000 - 0x00007ff82ac4a000 	C:\WINDOWS\system32\bcryptPrimitives.dll
0x00007ff82ccf0000 - 0x00007ff82cd2b000 	C:\WINDOWS\system32\IMM32.DLL
0x0000000053250000 - 0x0000000053322000 	C:\Program Files\Java\jdk1.8.0_60\jre\bin\msvcr100.dll
0x0000000053700000 - 0x0000000053f89000 	C:\Program Files\Java\jdk1.8.0_60\jre\bin\server\jvm.dll
0x00007ff82cc10000 - 0x00007ff82cc18000 	C:\WINDOWS\system32\PSAPI.DLL
0x00007ff81e2c0000 - 0x00007ff81e2c9000 	C:\WINDOWS\SYSTEM32\WSOCK32.dll
0x00007ff82cd30000 - 0x00007ff82cd9b000 	C:\WINDOWS\system32\WS2_32.dll
0x00007ff828580000 - 0x00007ff8285a3000 	C:\WINDOWS\SYSTEM32\WINMM.dll
0x00007ff8267e0000 - 0x00007ff8267ea000 	C:\WINDOWS\SYSTEM32\VERSION.dll
0x00007ff828520000 - 0x00007ff82854c000 	C:\WINDOWS\SYSTEM32\WINMMBASE.dll
0x00007ff82ad70000 - 0x00007ff82adb3000 	C:\WINDOWS\system32\cfgmgr32.dll
0x00000000536f0000 - 0x00000000536ff000 	C:\Program Files\Java\jdk1.8.0_60\jre\bin\verify.dll
0x00000000536c0000 - 0x00000000536e9000 	C:\Program Files\Java\jdk1.8.0_60\jre\bin\java.dll
0x00000000536a0000 - 0x00000000536b6000 	C:\Program Files\Java\jdk1.8.0_60\jre\bin\zip.dll

VM Arguments:
jvm_args: -Djava.awt.headless=true -Xmx1024M -Dfile.encoding=windows-1252 -Duser.country=US -Duser.language=en -Duser.variant 
java_command: com.android.dx.command.Main --dex --force-jumbo --num-threads=4 --multi-dex --output C:\Users\Benny\workspace\ElegantErowid\app\build\intermediates\transforms\dex\debug\folders\1000\10\instant-run-bootstrap_46afba1be61a3af56b2dc03106337c1616b84780 C:\Users\Benny\workspace\ElegantErowid\app\build\intermediates\incremental-classes\debug\instant-run-bootstrap.jar
java_class_path (initial): C:\Users\Benny\AppData\Local\Android\sdk\build-tools\23.0.3\lib\dx.jar
Launcher Type: SUN_STANDARD

Environment Variables:
CLASSPATH=.;
PATH=C:\ProgramData\Oracle\Java\javapath;C:\WINDOWS\system32;C:\WINDOWS;C:\WINDOWS\System32\Wbem;C:\WINDOWS\System32\WindowsPowerShell\v1.0\;C:\Program Files (x86)\GNU\GnuPG\pub;C:\Program Files\Java\jdk1.8.0_60\bin;C:\Program Files (x86)\NVIDIA Corporation\PhysX\Common;C:\WINDOWS\system32;C:\WINDOWS;C:\WINDOWS\System32\Wbem;C:\WINDOWS\System32\WindowsPowerShell\v1.0\;C:\Program Files (x86)\MySQL\MySQL Fabric 1.5 & MySQL Utilities 1.5\;C:\Program Files (x86)\MySQL\MySQL Fabric 1.5 & MySQL Utilities 1.5\Doctrine extensions for PHP\;C:\Program Files (x86)\Skype\Phone\
USERNAME=Benny
OS=Windows_NT
PROCESSOR_IDENTIFIER=AMD64 Family 21 Model 2 Stepping 0, AuthenticAMD



---------------  S Y S T E M  ---------------

OS: Windows 10.0 , 64 bit Build 10586 (10.0.10586.0)

CPU:total 8 (8 cores per cpu, 1 threads per core) family 21 model 2 stepping 0, cmov, cx8, fxsr, mmx, sse, sse2, sse3, ssse3, sse4.1, sse4.2, popcnt, avx, aes, clmul, mmxext, 3dnowpref, lzcnt, sse4a, tsc, tscinvbit, tscinv, bmi1

Memory: 4k page, physical 8370292k(1622128k free), swap 17134620k(5576k free)

vm_info: Java HotSpot(TM) 64-Bit Server VM (25.60-b23) for windows-amd64 JRE (1.8.0_60-b27), built on Aug  4 2015 11:06:27 by "java_re" with MS VC++ 10.0 (VS2010)

time: Thu May 19 20:38:59 2016
elapsed time: 0 seconds (0d 0h 0m 0s)

