#
# There is insufficient memory for the Java Runtime Environment to continue.
# Native memory allocation (malloc) failed to allocate 629680 bytes for Chunk::new
# Possible reasons:
#   The system is out of physical RAM or swap space
#   In 32 bit mode, the process size limit was hit
# Possible solutions:
#   Reduce memory load on the system
#   Increase physical memory or swap space
#   Check if swap backing store is full
#   Use 64 bit Java on a 64 bit OS
#   Decrease Java heap size (-Xmx/-Xms)
#   Decrease number of Java threads
#   Decrease Java thread stack sizes (-Xss)
#   Set larger code cache with -XX:ReservedCodeCacheSize=
# This output file may be truncated or incomplete.
#
#  Out of Memory Error (allocation.cpp:390), pid=18088, tid=18056
#
# JRE version: Java(TM) SE Runtime Environment (8.0_60-b27) (build 1.8.0_60-b27)
# Java VM: Java HotSpot(TM) 64-Bit Server VM (25.60-b23 mixed mode windows-amd64 compressed oops)
# Failed to write core dump. Minidumps are not enabled by default on client versions of Windows
#

---------------  T H R E A D  ---------------

Current thread (0x0000000016e66000):  JavaThread "C2 CompilerThread0" daemon [_thread_in_native, id=18056, stack(0x0000000017440000,0x0000000017540000)]

Stack: [0x0000000017440000,0x0000000017540000]
[error occurred during error reporting (printing stack bounds), id 0xc0000005]

Native frames: (J=compiled Java code, j=interpreted, Vv=VM code, C=native code)


Current CompileTask:
C2:   1231  941   !   4       com.android.dx.cf.code.BytecodeArray::parseInstruction (2764 bytes)


---------------  P R O C E S S  ---------------

Java Threads: ( => current thread )
  0x0000000017132000 JavaThread "pool-2-thread-4" [_thread_blocked, id=9432, stack(0x0000000017e40000,0x0000000017f40000)]
  0x000000001711e000 JavaThread "pool-2-thread-3" [_thread_in_Java, id=18408, stack(0x0000000017d40000,0x0000000017e40000)]
  0x000000001711a000 JavaThread "pool-2-thread-2" [_thread_in_Java, id=18064, stack(0x0000000017c40000,0x0000000017d40000)]
  0x0000000016ffa000 JavaThread "pool-3-thread-1" [_thread_blocked, id=9208, stack(0x0000000017b40000,0x0000000017c40000)]
  0x0000000016ff9000 JavaThread "pool-2-thread-1" [_thread_in_Java, id=18084, stack(0x0000000017a40000,0x0000000017b40000)]
  0x0000000016f10000 JavaThread "Service Thread" daemon [_thread_blocked, id=16184, stack(0x0000000017840000,0x0000000017940000)]
  0x0000000016e92000 JavaThread "C1 CompilerThread3" daemon [_thread_in_native, id=2548, stack(0x0000000017740000,0x0000000017840000)]
  0x0000000016e6d800 JavaThread "C2 CompilerThread2" daemon [_thread_in_native, id=8144, stack(0x0000000017640000,0x0000000017740000)]
  0x0000000016e6a800 JavaThread "C2 CompilerThread1" daemon [_thread_in_native, id=4908, stack(0x0000000017540000,0x0000000017640000)]
=>0x0000000016e66000 JavaThread "C2 CompilerThread0" daemon [_thread_in_native, id=18056, stack(0x0000000017440000,0x0000000017540000)]
  0x0000000016e64000 JavaThread "Attach Listener" daemon [_thread_blocked, id=17876, stack(0x0000000017340000,0x0000000017440000)]
  0x0000000016e63800 JavaThread "Signal Dispatcher" daemon [_thread_blocked, id=16080, stack(0x0000000017240000,0x0000000017340000)]
  0x0000000002263000 JavaThread "Finalizer" daemon [_thread_blocked, id=2144, stack(0x0000000016c60000,0x0000000016d60000)]
  0x0000000002262000 JavaThread "Reference Handler" daemon [_thread_blocked, id=5564, stack(0x0000000016b60000,0x0000000016c60000)]
  0x0000000002170800 JavaThread "main" [_thread_blocked, id=15236, stack(0x0000000002070000,0x0000000002170000)]

Other Threads:
  0x0000000014d89800 VMThread [stack: 0x0000000016a60000,0x0000000016b60000] [id=7500]
  0x0000000016f12800 WatcherThread [stack: 0x0000000017940000,0x0000000017a40000] [id=11320]

VM state:not at safepoint (normal execution)

VM Mutex/Monitor currently owned by a thread: None

Heap:
 PSYoungGen      total 38400K, used 7432K [0x00000000eab00000, 0x00000000ef600000, 0x0000000100000000)
  eden space 33280K, 7% used [0x00000000eab00000,0x00000000ead49cd8,0x00000000ecb80000)
  from space 5120K, 99% used [0x00000000ecb80000,0x00000000ed0784d8,0x00000000ed080000)
  to   space 5120K, 0% used [0x00000000ef100000,0x00000000ef100000,0x00000000ef600000)
 ParOldGen       total 87552K, used 4377K [0x00000000c0000000, 0x00000000c5580000, 0x00000000eab00000)
  object space 87552K, 4% used [0x00000000c0000000,0x00000000c0446640,0x00000000c5580000)
 Metaspace       used 5689K, capacity 6832K, committed 7040K, reserved 1056768K
  class space    used 580K, capacity 616K, committed 640K, reserved 1048576K

Card table byte_map: [0x0000000011630000,0x0000000011840000] byte_map_base: 0x0000000011030000

Marking Bits: (ParMarkBitMap*) 0x0000000053f0a5b0
 Begin Bits: [0x00000000121a0000, 0x00000000131a0000)
 End Bits:   [0x00000000131a0000, 0x00000000141a0000)

Polling page: 0x0000000001fc0000

CodeCache: size=245760Kb used=4476Kb max_used=4476Kb free=241284Kb
 bounds [0x0000000002270000, 0x00000000026e0000, 0x0000000011270000]
 total_blobs=1373 nmethods=1112 adapters=175
 compilation: enabled

Compilation events (10 events):
Event: 1.229 Thread 0x0000000016e92000 nmethod 1109 0x00000000026ce490 code [0x00000000026ce5e0, 0x00000000026ce790]
Event: 1.229 Thread 0x0000000016e92000 1110   !   3       java.util.zip.ZipFile$ZipFileInflaterInputStream::close (67 bytes)
Event: 1.229 Thread 0x0000000016e92000 nmethod 1110 0x00000000026ceb90 code [0x00000000026ced60, 0x00000000026cf558]
Event: 1.229 Thread 0x0000000016e92000 1111       3       java.lang.ref.Reference::access$100 (4 bytes)
Event: 1.229 Thread 0x0000000016e92000 nmethod 1111 0x00000000026cf910 code [0x00000000026cfa60, 0x00000000026cfb90]
Event: 1.229 Thread 0x0000000016e92000 1113   !   3       java.lang.ref.ReferenceQueue::enqueue (119 bytes)
Event: 1.230 Thread 0x0000000016e92000 nmethod 1113 0x00000000026cfc10 code [0x00000000026cfda0, 0x00000000026d0508]
Event: 1.230 Thread 0x0000000016e92000 1117       3       java.lang.ref.ReferenceQueue::reallyPoll (66 bytes)
Event: 1.230 Thread 0x0000000016e92000 nmethod 1117 0x00000000026d0710 code [0x00000000026d0880, 0x00000000026d0cf0]
Event: 1.230 Thread 0x0000000016e92000 1114       3       java.lang.ref.Finalizer::access$000 (4 bytes)

GC Heap History (2 events):
Event: 1.195 GC heap before
{Heap before GC invocations=1 (full 0):
 PSYoungGen      total 38400K, used 33280K [0x00000000eab00000, 0x00000000ed580000, 0x0000000100000000)
  eden space 33280K, 100% used [0x00000000eab00000,0x00000000ecb80000,0x00000000ecb80000)
  from space 5120K, 0% used [0x00000000ed080000,0x00000000ed080000,0x00000000ed580000)
  to   space 5120K, 0% used [0x00000000ecb80000,0x00000000ecb80000,0x00000000ed080000)
 ParOldGen       total 87552K, used 0K [0x00000000c0000000, 0x00000000c5580000, 0x00000000eab00000)
  object space 87552K, 0% used [0x00000000c0000000,0x00000000c0000000,0x00000000c5580000)
 Metaspace       used 5681K, capacity 6832K, committed 7040K, reserved 1056768K
  class space    used 580K, capacity 616K, committed 640K, reserved 1048576K
Event: 1.228 GC heap after
Heap after GC invocations=1 (full 0):
 PSYoungGen      total 38400K, used 5089K [0x00000000eab00000, 0x00000000ef600000, 0x0000000100000000)
  eden space 33280K, 0% used [0x00000000eab00000,0x00000000eab00000,0x00000000ecb80000)
  from space 5120K, 99% used [0x00000000ecb80000,0x00000000ed0784d8,0x00000000ed080000)
  to   space 5120K, 0% used [0x00000000ef100000,0x00000000ef100000,0x00000000ef600000)
 ParOldGen       total 87552K, used 4377K [0x00000000c0000000, 0x00000000c5580000, 0x00000000eab00000)
  object space 87552K, 4% used [0x00000000c0000000,0x00000000c0446640,0x00000000c5580000)
 Metaspace       used 5681K, capacity 6832K, committed 7040K, reserved 1056768K
  class space    used 580K, capacity 616K, committed 640K, reserved 1048576K
}

Deoptimization events (8 events):
Event: 0.807 Thread 0x0000000016ff9000 Uncommon trap: reason=unstable_if action=reinterpret pc=0x000000000244fc28 method=java.util.HashMap.getNode(ILjava/lang/Object;)Ljava/util/HashMap$Node; @ 62
Event: 0.875 Thread 0x0000000017132000 Uncommon trap: reason=unstable_if action=reinterpret pc=0x00000000024c2ad8 method=com.android.dx.rop.code.RegisterSpec.equals(ILcom/android/dx/rop/type/TypeBearer;Lcom/android/dx/rop/code/LocalItem;)Z @ 16
Event: 0.875 Thread 0x0000000017132000 Uncommon trap: reason=unstable_if action=reinterpret pc=0x000000000248a2f0 method=java.util.BitSet.nextSetBit(I)I @ 87
Event: 0.933 Thread 0x0000000017132000 Uncommon trap: reason=unstable_if action=reinterpret pc=0x0000000002489f78 method=java.util.BitSet.ensureCapacity(I)V @ 6
Event: 0.933 Thread 0x0000000017132000 Uncommon trap: reason=unstable_if action=reinterpret pc=0x000000000248ae30 method=java.util.BitSet.ensureCapacity(I)V @ 6
Event: 0.939 Thread 0x0000000017132000 Uncommon trap: reason=null_check action=make_not_entrant pc=0x00000000025005a0 method=com.android.dx.ssa.SsaRenamer.getLocalForNewReg(I)Lcom/android/dx/rop/code/LocalItem; @ 19
Event: 1.037 Thread 0x0000000016ff9000 Uncommon trap: reason=unstable_if action=reinterpret pc=0x00000000025b192c method=com.android.dx.cf.code.LineNumberList.pcToLine(I)I @ 43
Event: 1.092 Thread 0x0000000017132000 Uncommon trap: reason=null_check action=make_not_entrant pc=0x000000000256c3dc method=com.android.dx.ssa.SsaRenamer.getLocalForNewReg(I)Lcom/android/dx/rop/code/LocalItem; @ 19

Internal exceptions (4 events):
Event: 0.276 Thread 0x0000000002170800 Exception <a 'java/lang/NoSuchMethodError': Method sun.misc.Unsafe.defineClass(Ljava/lang/String;[BII)Ljava/lang/Class; name or signature does not match> (0x00000000eab0d508) thrown at [C:\re\workspace\8-2-build-windows-amd64-cygwin\jdk8u60\4407\hotspot\srÅ|Ñ˜Ø•—?
Event: 0.276 Thread 0x0000000002170800 Exception <a 'java/lang/NoSuchMethodError': Method sun.misc.Unsafe.prefetchRead(Ljava/lang/Object;J)V name or signature does not match> (0x00000000eab0d7f0) thrown at [C:\re\workspace\8-2-build-windows-amd64-cygwin\jdk8u60\4407\hotspot\src\share\vm\prims\jÕÔ†iÓ?
Event: 0.939 Thread 0x0000000017132000 Implicit null exception at 0x00000000024fecb8 to 0x0000000002500585
Event: 1.092 Thread 0x0000000017132000 Implicit null exception at 0x000000000256aec4 to 0x000000000256c3ad

Events (10 events):
Event: 1.037 Thread 0x0000000016ff9000 Uncommon trap: trap_request=0xffffff65 fr.pc=0x00000000025b192c
Event: 1.037 Thread 0x0000000016ff9000 DEOPT PACKING pc=0x00000000025b192c sp=0x0000000017b3e280
Event: 1.037 Thread 0x0000000016ff9000 DEOPT UNPACKING pc=0x00000000022b582a sp=0x0000000017b3e200 mode 2
Event: 1.092 Thread 0x0000000017132000 Uncommon trap: trap_request=0xfffffff4 fr.pc=0x000000000256c3dc
Event: 1.092 Thread 0x0000000017132000 DEOPT PACKING pc=0x000000000256c3dc sp=0x0000000017f3e4c0
Event: 1.092 Thread 0x0000000017132000 DEOPT UNPACKING pc=0x00000000022b582a sp=0x0000000017f3e2f8 mode 2
Event: 1.124 Executing VM operation: ForceSafepoint
Event: 1.131 Executing VM operation: ForceSafepoint done
Event: 1.181 Executing VM operation: ParallelGCFailedAllocation
Event: 1.228 Executing VM operation: ParallelGCFailedAllocation done


Dynamic libraries:
0x00007ff7b7250000 - 0x00007ff7b7287000 	C:\Program Files\Java\jdk1.8.0_60\bin\java.exe
0x00007ff82dc20000 - 0x00007ff82dde1000 	C:\WINDOWS\SYSTEM32\ntdll.dll
0x00007ff82d940000 - 0x00007ff82d9ed000 	C:\WINDOWS\system32\KERNEL32.DLL
0x00007ff82a9f0000 - 0x00007ff82abd8000 	C:\WINDOWS\system32\KERNELBASE.dll
0x00007ff82b180000 - 0x00007ff82b227000 	C:\WINDOWS\system32\ADVAPI32.dll
0x00007ff82cc50000 - 0x00007ff82cced000 	C:\WINDOWS\system32\msvcrt.dll
0x00007ff82cbb0000 - 0x00007ff82cc0b000 	C:\WINDOWS\system32\sechost.dll
0x00007ff82d9f0000 - 0x00007ff82db0c000 	C:\WINDOWS\system32\RPCRT4.dll
0x00007ff82b020000 - 0x00007ff82b176000 	C:\WINDOWS\system32\USER32.dll
0x00007ff82b4c0000 - 0x00007ff82b646000 	C:\WINDOWS\system32\GDI32.dll
0x00007ff8261d0000 - 0x00007ff826444000 	C:\WINDOWS\WinSxS\amd64_microsoft.windows.common-controls_6595b64144ccf1df_6.0.10586.0_none_8c15ae12515e1c22\COMCTL32.dll
0x00007ff82d660000 - 0x00007ff82d8dd000 	C:\WINDOWS\system32\combase.dll
0x00007ff82abe0000 - 0x00007ff82ac4a000 	C:\WINDOWS\system32\bcryptPrimitives.dll
0x00007ff82ccf0000 - 0x00007ff82cd2b000 	C:\WINDOWS\system32\IMM32.DLL
0x0000000053250000 - 0x0000000053322000 	C:\Program Files\Java\jdk1.8.0_60\jre\bin\msvcr100.dll
0x0000000053700000 - 0x0000000053f89000 	C:\Program Files\Java\jdk1.8.0_60\jre\bin\server\jvm.dll
0x00007ff82cc10000 - 0x00007ff82cc18000 	C:\WINDOWS\system32\PSAPI.DLL
0x00007ff81e2c0000 - 0x00007ff81e2c9000 	C:\WINDOWS\SYSTEM32\WSOCK32.dll
0x00007ff82cd30000 - 0x00007ff82cd9b000 	C:\WINDOWS\system32\WS2_32.dll
0x00007ff828580000 - 0x00007ff8285a3000 	C:\WINDOWS\SYSTEM32\WINMM.dll
0x00007ff8267e0000 - 0x00007ff8267ea000 	C:\WINDOWS\SYSTEM32\VERSION.dll
0x00007ff828520000 - 0x00007ff82854c000 	C:\WINDOWS\SYSTEM32\WINMMBASE.dll
0x00007ff82ad70000 - 0x00007ff82adb3000 	C:\WINDOWS\system32\cfgmgr32.dll
0x00000000536f0000 - 0x00000000536ff000 	C:\Program Files\Java\jdk1.8.0_60\jre\bin\verify.dll
0x00000000536c0000 - 0x00000000536e9000 	C:\Program Files\Java\jdk1.8.0_60\jre\bin\java.dll
0x00000000536a0000 - 0x00000000536b6000 	C:\Program Files\Java\jdk1.8.0_60\jre\bin\zip.dll
0x00007ff82b650000 - 0x00007ff82cbac000 	C:\WINDOWS\system32\SHELL32.dll
0x00007ff82a380000 - 0x00007ff82a9c4000 	C:\WINDOWS\system32\windows.storage.dll
0x00007ff82d390000 - 0x00007ff82d3e2000 	C:\WINDOWS\system32\shlwapi.dll
0x00007ff82a2a0000 - 0x00007ff82a2af000 	C:\WINDOWS\system32\kernel.appcore.dll
0x00007ff82ac50000 - 0x00007ff82ad05000 	C:\WINDOWS\system32\shcore.dll
0x00007ff82a240000 - 0x00007ff82a28b000 	C:\WINDOWS\system32\powrprof.dll
0x00007ff82a2b0000 - 0x00007ff82a2c4000 	C:\WINDOWS\system32\profapi.dll

VM Arguments:
jvm_args: -Djava.awt.headless=true -Xmx1024M -Dfile.encoding=windows-1252 -Duser.country=US -Duser.language=en -Duser.variant 
java_command: com.android.dx.command.Main --dex --force-jumbo --num-threads=4 --multi-dex --output C:\Users\Benny\workspace\ElegantErowid\app\build\intermediates\transforms\dex\debug\folders\1000\5\slice_6 C:\Users\Benny\workspace\ElegantErowid\app\build\intermediates\transforms\instantRunSlicer\debug\folders\1\5\slice_6
java_class_path (initial): C:\Users\Benny\AppData\Local\Android\sdk\build-tools\23.0.3\lib\dx.jar
Launcher Type: SUN_STANDARD

Environment Variables:
CLASSPATH=.;
PATH=C:\ProgramData\Oracle\Java\javapath;C:\WINDOWS\system32;C:\WINDOWS;C:\WINDOWS\System32\Wbem;C:\WINDOWS\System32\WindowsPowerShell\v1.0\;C:\Program Files (x86)\GNU\GnuPG\pub;C:\Program Files\Java\jdk1.8.0_60\bin;C:\Program Files (x86)\NVIDIA Corporation\PhysX\Common;C:\WINDOWS\system32;C:\WINDOWS;C:\WINDOWS\System32\Wbem;C:\WINDOWS\System32\WindowsPowerShell\v1.0\;C:\Program Files (x86)\MySQL\MySQL Fabric 1.5 & MySQL Utilities 1.5\;C:\Program Files (x86)\MySQL\MySQL Fabric 1.5 & MySQL Utilities 1.5\Doctrine extensions for PHP\;C:\Program Files (x86)\Skype\Phone\
USERNAME=Benny
OS=Windows_NT
PROCESSOR_IDENTIFIER=AMD64 Family 21 Model 2 Stepping 0, AuthenticAMD



---------------  S Y S T E M  ---------------

OS: Windows 10.0 , 64 bit Build 10586 (10.0.10586.0)

CPU:total 8 (8 cores per cpu, 1 threads per core) family 21 model 2 stepping 0, cmov, cx8, fxsr, mmx, sse, sse2, sse3, ssse3, sse4.1, sse4.2, popcnt, avx, aes, clmul, mmxext, 3dnowpref, lzcnt, sse4a, tsc, tscinvbit, tscinv, bmi1

Memory: 4k page, physical 8370292k(1531220k free), swap 17134620k(5640k free)

vm_info: Java HotSpot(TM) 64-Bit Server VM (25.60-b23) for windows-amd64 JRE (1.8.0_60-b27), built on Aug  4 2015 11:06:27 by "java_re" with MS VC++ 10.0 (VS2010)

time: Thu May 19 20:38:58 2016
elapsed time: 1 seconds (0d 0h 0m 1s)

