#
# There is insufficient memory for the Java Runtime Environment to continue.
# Native memory allocation (malloc) failed to allocate 812896 bytes for Chunk::new
# Possible reasons:
#   The system is out of physical RAM or swap space
#   In 32 bit mode, the process size limit was hit
# Possible solutions:
#   Reduce memory load on the system
#   Increase physical memory or swap space
#   Check if swap backing store is full
#   Use 64 bit Java on a 64 bit OS
#   Decrease Java heap size (-Xmx/-Xms)
#   Decrease number of Java threads
#   Decrease Java thread stack sizes (-Xss)
#   Set larger code cache with -XX:ReservedCodeCacheSize=
# This output file may be truncated or incomplete.
#
#  Out of Memory Error (allocation.cpp:390), pid=17836, tid=12540
#
# JRE version: Java(TM) SE Runtime Environment (8.0_60-b27) (build 1.8.0_60-b27)
# Java VM: Java HotSpot(TM) 64-Bit Server VM (25.60-b23 mixed mode windows-amd64 compressed oops)
# Failed to write core dump. Minidumps are not enabled by default on client versions of Windows
#

---------------  T H R E A D  ---------------

Current thread (0x0000000016fb7800):  JavaThread "C2 CompilerThread0" daemon [_thread_in_native, id=12540, stack(0x0000000017590000,0x0000000017690000)]

Stack: [0x0000000017590000,0x0000000017690000]
[error occurred during error reporting (printing stack bounds), id 0xc0000005]

Native frames: (J=compiled Java code, j=interpreted, Vv=VM code, C=native code)


Current CompileTask:
C2:   1268 1503       4       com.android.dx.ssa.LocalVariableExtractor::processBlock (383 bytes)


---------------  P R O C E S S  ---------------

Java Threads: ( => current thread )
  0x0000000017310800 JavaThread "pool-2-thread-4" [_thread_in_Java, id=11468, stack(0x0000000018790000,0x0000000018890000)]
  0x0000000017315800 JavaThread "pool-2-thread-3" [_thread_blocked, id=5880, stack(0x0000000018690000,0x0000000018790000)]
  0x000000001730f000 JavaThread "pool-2-thread-2" [_thread_in_Java, id=15552, stack(0x0000000018590000,0x0000000018690000)]
  0x0000000017310000 JavaThread "pool-3-thread-1" [_thread_blocked, id=16200, stack(0x0000000018490000,0x0000000018590000)]
  0x000000001738e000 JavaThread "pool-2-thread-1" [_thread_blocked, id=17180, stack(0x0000000018390000,0x0000000018490000)]
  0x0000000017057800 JavaThread "Service Thread" daemon [_thread_blocked, id=17360, stack(0x0000000017990000,0x0000000017a90000)]
  0x0000000016fc8000 JavaThread "C1 CompilerThread3" daemon [_thread_blocked, id=12848, stack(0x0000000017890000,0x0000000017990000)]
  0x0000000016fc1000 JavaThread "C2 CompilerThread2" daemon [_thread_in_native, id=18224, stack(0x0000000017790000,0x0000000017890000)]
  0x0000000016fbe800 JavaThread "C2 CompilerThread1" daemon [_thread_in_native, id=9164, stack(0x0000000017690000,0x0000000017790000)]
=>0x0000000016fb7800 JavaThread "C2 CompilerThread0" daemon [_thread_in_native, id=12540, stack(0x0000000017590000,0x0000000017690000)]
  0x0000000016fb5800 JavaThread "Attach Listener" daemon [_thread_blocked, id=13100, stack(0x0000000017490000,0x0000000017590000)]
  0x0000000016fb4800 JavaThread "Signal Dispatcher" daemon [_thread_blocked, id=10416, stack(0x0000000017390000,0x0000000017490000)]
  0x000000000239b000 JavaThread "Finalizer" daemon [_thread_blocked, id=16528, stack(0x0000000016e90000,0x0000000016f90000)]
  0x0000000002394000 JavaThread "Reference Handler" daemon [_thread_blocked, id=16600, stack(0x0000000016d90000,0x0000000016e90000)]
  0x00000000022a0800 JavaThread "main" [_thread_in_Java, id=11320, stack(0x00000000020e0000,0x00000000021e0000)]

Other Threads:
  0x0000000014fba000 VMThread [stack: 0x0000000016c90000,0x0000000016d90000] [id=3464]
  0x0000000017073800 WatcherThread [stack: 0x0000000017a90000,0x0000000017b90000] [id=9416]

VM state:not at safepoint (normal execution)

VM Mutex/Monitor currently owned by a thread: None

Heap:
 PSYoungGen      total 71680K, used 9202K [0x00000000eab00000, 0x00000000ef600000, 0x0000000100000000)
  eden space 66560K, 6% used [0x00000000eab00000,0x00000000eaf02a28,0x00000000eec00000)
  from space 5120K, 99% used [0x00000000ef100000,0x00000000ef5fa0a8,0x00000000ef600000)
  to   space 5120K, 0% used [0x00000000eec00000,0x00000000eec00000,0x00000000ef100000)
 ParOldGen       total 87552K, used 6088K [0x00000000c0000000, 0x00000000c5580000, 0x00000000eab00000)
  object space 87552K, 6% used [0x00000000c0000000,0x00000000c05f22e0,0x00000000c5580000)
 Metaspace       used 6177K, capacity 7088K, committed 7296K, reserved 1056768K
  class space    used 601K, capacity 616K, committed 640K, reserved 1048576K

Card table byte_map: [0x0000000011860000,0x0000000011a70000] byte_map_base: 0x0000000011260000

Marking Bits: (ParMarkBitMap*) 0x0000000053f0a5b0
 Begin Bits: [0x00000000123d0000, 0x00000000133d0000)
 End Bits:   [0x00000000133d0000, 0x00000000143d0000)

Polling page: 0x0000000000b20000

CodeCache: size=245760Kb used=6330Kb max_used=6330Kb free=239429Kb
 bounds [0x00000000024a0000, 0x0000000002ae0000, 0x00000000114a0000]
 total_blobs=1776 nmethods=1508 adapters=182
 compilation: enabled

Compilation events (10 events):
Event: 1.263 Thread 0x0000000016fc8000 1509       3       com.android.dx.rop.code.RegisterSpec::getFrameType (10 bytes)
Event: 1.263 Thread 0x0000000016fc8000 nmethod 1509 0x0000000002ad1f10 code [0x0000000002ad2080, 0x0000000002ad22a8]
Event: 1.263 Thread 0x0000000016fc8000 1514   !   3       com.android.dx.cf.attrib.AttCode::<init> (144 bytes)
Event: 1.263 Thread 0x0000000016fc8000 nmethod 1514 0x0000000002ad2350 code [0x0000000002ad2580, 0x0000000002ad3028]
Event: 1.263 Thread 0x0000000016fc8000 1511       3       java.util.concurrent.locks.AbstractQueuedSynchronizer::compareAndSetState (13 bytes)
Event: 1.263 Thread 0x0000000016fc8000 nmethod 1511 0x0000000002ad3690 code [0x0000000002ad37e0, 0x0000000002ad3950]
Event: 1.263 Thread 0x0000000016fc8000 1512       3       java.util.concurrent.locks.AbstractQueuedSynchronizer::release (33 bytes)
Event: 1.264 Thread 0x0000000016fc8000 nmethod 1512 0x0000000002ad39d0 code [0x0000000002ad3b40, 0x0000000002ad3e58]
Event: 1.266 Thread 0x0000000016fc8000 1523       3       com.android.dx.ssa.NormalSsaInsn::isMoveException (20 bytes)
Event: 1.267 Thread 0x0000000016fc8000 nmethod 1523 0x0000000002ad3f50 code [0x0000000002ad40c0, 0x0000000002ad43b0]

GC Heap History (4 events):
Event: 0.714 GC heap before
{Heap before GC invocations=1 (full 0):
 PSYoungGen      total 38400K, used 33280K [0x00000000eab00000, 0x00000000ed580000, 0x0000000100000000)
  eden space 33280K, 100% used [0x00000000eab00000,0x00000000ecb80000,0x00000000ecb80000)
  from space 5120K, 0% used [0x00000000ed080000,0x00000000ed080000,0x00000000ed580000)
  to   space 5120K, 0% used [0x00000000ecb80000,0x00000000ecb80000,0x00000000ed080000)
 ParOldGen       total 87552K, used 0K [0x00000000c0000000, 0x00000000c5580000, 0x00000000eab00000)
  object space 87552K, 0% used [0x00000000c0000000,0x00000000c0000000,0x00000000c5580000)
 Metaspace       used 5949K, capacity 6896K, committed 7040K, reserved 1056768K
  class space    used 599K, capacity 616K, committed 640K, reserved 1048576K
Event: 0.758 GC heap after
Heap after GC invocations=1 (full 0):
 PSYoungGen      total 38400K, used 5092K [0x00000000eab00000, 0x00000000ef600000, 0x0000000100000000)
  eden space 33280K, 0% used [0x00000000eab00000,0x00000000eab00000,0x00000000ecb80000)
  from space 5120K, 99% used [0x00000000ecb80000,0x00000000ed079298,0x00000000ed080000)
  to   space 5120K, 0% used [0x00000000ef100000,0x00000000ef100000,0x00000000ef600000)
 ParOldGen       total 87552K, used 1145K [0x00000000c0000000, 0x00000000c5580000, 0x00000000eab00000)
  object space 87552K, 1% used [0x00000000c0000000,0x00000000c011e6d8,0x00000000c5580000)
 Metaspace       used 5949K, capacity 6896K, committed 7040K, reserved 1056768K
  class space    used 599K, capacity 616K, committed 640K, reserved 1048576K
}
Event: 1.181 GC heap before
{Heap before GC invocations=2 (full 0):
 PSYoungGen      total 38400K, used 38372K [0x00000000eab00000, 0x00000000ef600000, 0x0000000100000000)
  eden space 33280K, 100% used [0x00000000eab00000,0x00000000ecb80000,0x00000000ecb80000)
  from space 5120K, 99% used [0x00000000ecb80000,0x00000000ed079298,0x00000000ed080000)
  to   space 5120K, 0% used [0x00000000ef100000,0x00000000ef100000,0x00000000ef600000)
 ParOldGen       total 87552K, used 1145K [0x00000000c0000000, 0x00000000c5580000, 0x00000000eab00000)
  object space 87552K, 1% used [0x00000000c0000000,0x00000000c011e6d8,0x00000000c5580000)
 Metaspace       used 6175K, capacity 7088K, committed 7296K, reserved 1056768K
  class space    used 601K, capacity 616K, committed 640K, reserved 1048576K
Event: 1.257 GC heap after
Heap after GC invocations=2 (full 0):
 PSYoungGen      total 71680K, used 5096K [0x00000000eab00000, 0x00000000ef600000, 0x0000000100000000)
  eden space 66560K, 0% used [0x00000000eab00000,0x00000000eab00000,0x00000000eec00000)
  from space 5120K, 99% used [0x00000000ef100000,0x00000000ef5fa0a8,0x00000000ef600000)
  to   space 5120K, 0% used [0x00000000eec00000,0x00000000eec00000,0x00000000ef100000)
 ParOldGen       total 87552K, used 6088K [0x00000000c0000000, 0x00000000c5580000, 0x00000000eab00000)
  object space 87552K, 6% used [0x00000000c0000000,0x00000000c05f22e0,0x00000000c5580000)
 Metaspace       used 6175K, capacity 7088K, committed 7296K, reserved 1056768K
  class space    used 601K, capacity 616K, committed 640K, reserved 1048576K
}

Deoptimization events (10 events):
Event: 0.965 Thread 0x000000001730f000 Uncommon trap: reason=bimorphic action=maybe_recompile pc=0x00000000028f01d8 method=java.util.HashMap.getNode(ILjava/lang/Object;)Ljava/util/HashMap$Node; @ 126
Event: 1.032 Thread 0x000000001730f000 Uncommon trap: reason=bimorphic action=maybe_recompile pc=0x00000000028eeab0 method=java.util.HashMap.getNode(ILjava/lang/Object;)Ljava/util/HashMap$Node; @ 126
Event: 1.032 Thread 0x000000001730f000 Uncommon trap: reason=bimorphic action=maybe_recompile pc=0x00000000028f01d8 method=java.util.HashMap.getNode(ILjava/lang/Object;)Ljava/util/HashMap$Node; @ 126
Event: 1.144 Thread 0x0000000017315800 Uncommon trap: reason=bimorphic action=maybe_recompile pc=0x0000000002a36350 method=com.android.dx.cf.code.BytecodeArray.parseInstruction(ILcom/android/dx/cf/code/BytecodeArray$Visitor;)I @ 939
Event: 1.145 Thread 0x0000000017315800 Uncommon trap: reason=bimorphic action=maybe_recompile pc=0x0000000002a36350 method=com.android.dx.cf.code.BytecodeArray.parseInstruction(ILcom/android/dx/cf/code/BytecodeArray$Visitor;)I @ 939
Event: 1.158 Thread 0x000000001738e000 Uncommon trap: reason=unstable_if action=reinterpret pc=0x000000000274d424 method=com.android.dx.rop.code.RegisterSpecSet.put(Lcom/android/dx/rop/code/RegisterSpec;)V @ 77
Event: 1.158 Thread 0x000000001738e000 Uncommon trap: reason=unstable_if action=reinterpret pc=0x0000000002804fc0 method=com.android.dx.rop.code.RegisterSpecSet.put(Lcom/android/dx/rop/code/RegisterSpec;)V @ 77
Event: 1.162 Thread 0x0000000017310800 Uncommon trap: reason=unstable_if action=reinterpret pc=0x0000000002a389c8 method=com.android.dx.cf.code.ByteCatchList.listFor(I)Lcom/android/dx/cf/code/ByteCatchList; @ 19
Event: 1.263 Thread 0x0000000017310800 Uncommon trap: reason=class_check action=maybe_recompile pc=0x0000000002a6fe98 method=java.util.HashMap.putVal(ILjava/lang/Object;Ljava/lang/Object;ZZ)Ljava/lang/Object; @ 203
Event: 1.263 Thread 0x0000000017310800 Uncommon trap: reason=class_check action=maybe_recompile pc=0x0000000002a6fe98 method=java.util.HashMap.putVal(ILjava/lang/Object;Ljava/lang/Object;ZZ)Ljava/lang/Object; @ 203

Internal exceptions (4 events):
Event: 0.034 Thread 0x00000000022a0800 Exception <a 'java/lang/NoSuchMethodError': Method sun.misc.Unsafe.defineClass(Ljava/lang/String;[BII)Ljava/lang/Class; name or signature does not match> (0x00000000eab0d5a8) thrown at [C:\re\workspace\8-2-build-windows-amd64-cygwin\jdk8u60\4407\hotspot\sr³8{ž¡?
Event: 0.034 Thread 0x00000000022a0800 Exception <a 'java/lang/NoSuchMethodError': Method sun.misc.Unsafe.prefetchRead(Ljava/lang/Object;J)V name or signature does not match> (0x00000000eab0d890) thrown at [C:\re\workspace\8-2-build-windows-amd64-cygwin\jdk8u60\4407\hotspot\src\share\vm\prims\j"—Õä?
Event: 0.625 Thread 0x000000001730f000 Implicit null exception at 0x00000000027352a2 to 0x0000000002735392
Event: 0.870 Thread 0x000000001738e000 Implicit null exception at 0x000000000277afe3 to 0x000000000277c8d5

Events (10 events):
Event: 1.162 Thread 0x0000000017310800 DEOPT PACKING pc=0x0000000002a389c8 sp=0x000000001888e710
Event: 1.162 Thread 0x0000000017310800 DEOPT UNPACKING pc=0x00000000024e582a sp=0x000000001888e528 mode 2
Event: 1.174 Executing VM operation: ParallelGCFailedAllocation
Event: 1.257 Executing VM operation: ParallelGCFailedAllocation done
Event: 1.263 Thread 0x0000000017310800 Uncommon trap: trap_request=0xffffffde fr.pc=0x0000000002a6fe98
Event: 1.263 Thread 0x0000000017310800 DEOPT PACKING pc=0x0000000002a6fe98 sp=0x000000001888e690
Event: 1.263 Thread 0x0000000017310800 DEOPT UNPACKING pc=0x00000000024e582a sp=0x000000001888e608 mode 2
Event: 1.263 Thread 0x0000000017310800 Uncommon trap: trap_request=0xffffffde fr.pc=0x0000000002a6fe98
Event: 1.263 Thread 0x0000000017310800 DEOPT PACKING pc=0x0000000002a6fe98 sp=0x000000001888e690
Event: 1.263 Thread 0x0000000017310800 DEOPT UNPACKING pc=0x00000000024e582a sp=0x000000001888e608 mode 2


Dynamic libraries:
0x00007ff7b7250000 - 0x00007ff7b7287000 	C:\Program Files\Java\jdk1.8.0_60\bin\java.exe
0x00007ff82dc20000 - 0x00007ff82dde1000 	C:\WINDOWS\SYSTEM32\ntdll.dll
0x00007ff82d940000 - 0x00007ff82d9ed000 	C:\WINDOWS\system32\KERNEL32.DLL
0x00007ff82a9f0000 - 0x00007ff82abd8000 	C:\WINDOWS\system32\KERNELBASE.dll
0x00007ff82b180000 - 0x00007ff82b227000 	C:\WINDOWS\system32\ADVAPI32.dll
0x00007ff82cc50000 - 0x00007ff82cced000 	C:\WINDOWS\system32\msvcrt.dll
0x00007ff82cbb0000 - 0x00007ff82cc0b000 	C:\WINDOWS\system32\sechost.dll
0x00007ff82d9f0000 - 0x00007ff82db0c000 	C:\WINDOWS\system32\RPCRT4.dll
0x00007ff82b020000 - 0x00007ff82b176000 	C:\WINDOWS\system32\USER32.dll
0x00007ff82b4c0000 - 0x00007ff82b646000 	C:\WINDOWS\system32\GDI32.dll
0x00007ff8261d0000 - 0x00007ff826444000 	C:\WINDOWS\WinSxS\amd64_microsoft.windows.common-controls_6595b64144ccf1df_6.0.10586.0_none_8c15ae12515e1c22\COMCTL32.dll
0x00007ff82d660000 - 0x00007ff82d8dd000 	C:\WINDOWS\system32\combase.dll
0x00007ff82abe0000 - 0x00007ff82ac4a000 	C:\WINDOWS\system32\bcryptPrimitives.dll
0x00007ff82ccf0000 - 0x00007ff82cd2b000 	C:\WINDOWS\system32\IMM32.DLL
0x0000000053250000 - 0x0000000053322000 	C:\Program Files\Java\jdk1.8.0_60\jre\bin\msvcr100.dll
0x0000000053700000 - 0x0000000053f89000 	C:\Program Files\Java\jdk1.8.0_60\jre\bin\server\jvm.dll
0x00007ff82cc10000 - 0x00007ff82cc18000 	C:\WINDOWS\system32\PSAPI.DLL
0x00007ff8267e0000 - 0x00007ff8267ea000 	C:\WINDOWS\SYSTEM32\VERSION.dll
0x00007ff81e2c0000 - 0x00007ff81e2c9000 	C:\WINDOWS\SYSTEM32\WSOCK32.dll
0x00007ff828580000 - 0x00007ff8285a3000 	C:\WINDOWS\SYSTEM32\WINMM.dll
0x00007ff82cd30000 - 0x00007ff82cd9b000 	C:\WINDOWS\system32\WS2_32.dll
0x00007ff828520000 - 0x00007ff82854c000 	C:\WINDOWS\SYSTEM32\WINMMBASE.dll
0x00007ff82ad70000 - 0x00007ff82adb3000 	C:\WINDOWS\system32\cfgmgr32.dll
0x00000000536f0000 - 0x00000000536ff000 	C:\Program Files\Java\jdk1.8.0_60\jre\bin\verify.dll
0x00000000536c0000 - 0x00000000536e9000 	C:\Program Files\Java\jdk1.8.0_60\jre\bin\java.dll
0x00000000536a0000 - 0x00000000536b6000 	C:\Program Files\Java\jdk1.8.0_60\jre\bin\zip.dll
0x00007ff82b650000 - 0x00007ff82cbac000 	C:\WINDOWS\system32\SHELL32.dll
0x00007ff82a380000 - 0x00007ff82a9c4000 	C:\WINDOWS\system32\windows.storage.dll
0x00007ff82d390000 - 0x00007ff82d3e2000 	C:\WINDOWS\system32\shlwapi.dll
0x00007ff82a2a0000 - 0x00007ff82a2af000 	C:\WINDOWS\system32\kernel.appcore.dll
0x00007ff82ac50000 - 0x00007ff82ad05000 	C:\WINDOWS\system32\shcore.dll
0x00007ff82a240000 - 0x00007ff82a28b000 	C:\WINDOWS\system32\powrprof.dll
0x00007ff82a2b0000 - 0x00007ff82a2c4000 	C:\WINDOWS\system32\profapi.dll

VM Arguments:
jvm_args: -Djava.awt.headless=true -Xmx1024M -Dfile.encoding=windows-1252 -Duser.country=US -Duser.language=en -Duser.variant 
java_command: com.android.dx.command.Main --dex --force-jumbo --num-threads=4 --multi-dex --output C:\Users\Benny\workspace\ElegantErowid\app\build\intermediates\transforms\dex\debug\folders\1000\10\com.android.support-design-23.3.0_a3d9c40d4d4ceb3b139f658d2f1c21d7b932f623 C:\Users\Benny\workspace\ElegantErowid\app\build\intermediates\exploded-aar\com.android.support\design\23.3.0\jars\classes.jar
java_class_path (initial): C:\Users\Benny\AppData\Local\Android\sdk\build-tools\23.0.3\lib\dx.jar
Launcher Type: SUN_STANDARD

Environment Variables:
CLASSPATH=.;
PATH=C:\ProgramData\Oracle\Java\javapath;C:\WINDOWS\system32;C:\WINDOWS;C:\WINDOWS\System32\Wbem;C:\WINDOWS\System32\WindowsPowerShell\v1.0\;C:\Program Files (x86)\GNU\GnuPG\pub;C:\Program Files\Java\jdk1.8.0_60\bin;C:\Program Files (x86)\NVIDIA Corporation\PhysX\Common;C:\WINDOWS\system32;C:\WINDOWS;C:\WINDOWS\System32\Wbem;C:\WINDOWS\System32\WindowsPowerShell\v1.0\;C:\Program Files (x86)\MySQL\MySQL Fabric 1.5 & MySQL Utilities 1.5\;C:\Program Files (x86)\MySQL\MySQL Fabric 1.5 & MySQL Utilities 1.5\Doctrine extensions for PHP\;C:\Program Files (x86)\Skype\Phone\
USERNAME=Benny
OS=Windows_NT
PROCESSOR_IDENTIFIER=AMD64 Family 21 Model 2 Stepping 0, AuthenticAMD



---------------  S Y S T E M  ---------------

OS: Windows 10.0 , 64 bit Build 10586 (10.0.10586.0)

CPU:total 8 (8 cores per cpu, 1 threads per core) family 21 model 2 stepping 0, cmov, cx8, fxsr, mmx, sse, sse2, sse3, ssse3, sse4.1, sse4.2, popcnt, avx, aes, clmul, mmxext, 3dnowpref, lzcnt, sse4a, tsc, tscinvbit, tscinv, bmi1

Memory: 4k page, physical 8370292k(745180k free), swap 17129048k(5900k free)

vm_info: Java HotSpot(TM) 64-Bit Server VM (25.60-b23) for windows-amd64 JRE (1.8.0_60-b27), built on Aug  4 2015 11:06:27 by "java_re" with MS VC++ 10.0 (VS2010)

time: Thu May 19 20:36:21 2016
elapsed time: 1 seconds (0d 0h 0m 1s)

