#
# There is insufficient memory for the Java Runtime Environment to continue.
# Native memory allocation (malloc) failed to allocate 294416 bytes for Chunk::new
# Possible reasons:
#   The system is out of physical RAM or swap space
#   In 32 bit mode, the process size limit was hit
# Possible solutions:
#   Reduce memory load on the system
#   Increase physical memory or swap space
#   Check if swap backing store is full
#   Use 64 bit Java on a 64 bit OS
#   Decrease Java heap size (-Xmx/-Xms)
#   Decrease number of Java threads
#   Decrease Java thread stack sizes (-Xss)
#   Set larger code cache with -XX:ReservedCodeCacheSize=
# This output file may be truncated or incomplete.
#
#  Out of Memory Error (allocation.cpp:390), pid=16996, tid=9024
#
# JRE version: Java(TM) SE Runtime Environment (8.0_60-b27) (build 1.8.0_60-b27)
# Java VM: Java HotSpot(TM) 64-Bit Server VM (25.60-b23 mixed mode windows-amd64 compressed oops)
# Failed to write core dump. Minidumps are not enabled by default on client versions of Windows
#

---------------  T H R E A D  ---------------

Current thread (0x0000000016f62800):  JavaThread "C2 CompilerThread2" daemon [_thread_in_native, id=9024, stack(0x00000000176e0000,0x00000000177e0000)]

Stack: [0x00000000176e0000,0x00000000177e0000]
[error occurred during error reporting (printing stack bounds), id 0xc0000005]

Native frames: (J=compiled Java code, j=interpreted, Vv=VM code, C=native code)


Current CompileTask:
C2:   1945  939 %     4       com.android.dx.ssa.SsaMethod::deleteInsns @ 8 (239 bytes)


---------------  P R O C E S S  ---------------

Java Threads: ( => current thread )
  0x0000000017109000 JavaThread "pool-2-thread-4" [_thread_in_vm, id=13804, stack(0x0000000017ee0000,0x0000000017fe0000)]
  0x0000000017101800 JavaThread "pool-2-thread-3" [_thread_in_Java, id=15584, stack(0x0000000017de0000,0x0000000017ee0000)]
  0x00000000170fe800 JavaThread "pool-2-thread-2" [_thread_blocked, id=14912, stack(0x0000000017ce0000,0x0000000017de0000)]
  0x00000000170f6000 JavaThread "pool-3-thread-1" [_thread_blocked, id=14052, stack(0x0000000017be0000,0x0000000017ce0000)]
  0x00000000170f5000 JavaThread "pool-2-thread-1" [_thread_in_Java, id=10528, stack(0x0000000017ae0000,0x0000000017be0000)]
  0x0000000016f73800 JavaThread "Service Thread" daemon [_thread_blocked, id=1340, stack(0x00000000178e0000,0x00000000179e0000)]
  0x0000000016f6c800 JavaThread "C1 CompilerThread3" daemon [_thread_blocked, id=13048, stack(0x00000000177e0000,0x00000000178e0000)]
=>0x0000000016f62800 JavaThread "C2 CompilerThread2" daemon [_thread_in_native, id=9024, stack(0x00000000176e0000,0x00000000177e0000)]
  0x0000000016f5f800 JavaThread "C2 CompilerThread1" daemon [_thread_in_native, id=15760, stack(0x00000000175e0000,0x00000000176e0000)]
  0x0000000016f06000 JavaThread "C2 CompilerThread0" daemon [_thread_blocked, id=15272, stack(0x00000000174e0000,0x00000000175e0000)]
  0x0000000016f04800 JavaThread "Attach Listener" daemon [_thread_blocked, id=14200, stack(0x00000000173e0000,0x00000000174e0000)]
  0x0000000016f03800 JavaThread "Signal Dispatcher" daemon [_thread_blocked, id=17116, stack(0x00000000172e0000,0x00000000173e0000)]
  0x0000000002313000 JavaThread "Finalizer" daemon [_thread_blocked, id=4444, stack(0x0000000016d00000,0x0000000016e00000)]
  0x0000000002312000 JavaThread "Reference Handler" daemon [_thread_blocked, id=18220, stack(0x0000000016c00000,0x0000000016d00000)]
  0x0000000002220800 JavaThread "main" [_thread_blocked, id=17276, stack(0x0000000002120000,0x0000000002220000)]

Other Threads:
  0x0000000014e3a000 VMThread [stack: 0x0000000016b00000,0x0000000016c00000] [id=15604]
  0x0000000016f87000 WatcherThread [stack: 0x00000000179e0000,0x0000000017ae0000] [id=17492]

VM state:not at safepoint (normal execution)

VM Mutex/Monitor currently owned by a thread: None

Heap:
 PSYoungGen      total 38400K, used 10958K [0x00000000eab00000, 0x00000000ed580000, 0x0000000100000000)
  eden space 33280K, 17% used [0x00000000eab00000,0x00000000eb0b5478,0x00000000ecb80000)
  from space 5120K, 99% used [0x00000000ecb80000,0x00000000ed07e628,0x00000000ed080000)
  to   space 5120K, 0% used [0x00000000ed080000,0x00000000ed080000,0x00000000ed580000)
 ParOldGen       total 87552K, used 1392K [0x00000000c0000000, 0x00000000c5580000, 0x00000000eab00000)
  object space 87552K, 1% used [0x00000000c0000000,0x00000000c015c1e0,0x00000000c5580000)
 Metaspace       used 5809K, capacity 6768K, committed 7040K, reserved 1056768K
  class space    used 595K, capacity 616K, committed 640K, reserved 1048576K

Card table byte_map: [0x00000000116e0000,0x00000000118f0000] byte_map_base: 0x00000000110e0000

Marking Bits: (ParMarkBitMap*) 0x0000000053f0a5b0
 Begin Bits: [0x0000000012250000, 0x0000000013250000)
 End Bits:   [0x0000000013250000, 0x0000000014250000)

Polling page: 0x0000000001ef0000

CodeCache: size=245760Kb used=3355Kb max_used=3368Kb free=242404Kb
 bounds [0x0000000002320000, 0x0000000002670000, 0x0000000011320000]
 total_blobs=1193 nmethods=924 adapters=182
 compilation: disabled (not enough contiguous free space left)

Compilation events (10 events):
Event: 1.926 Thread 0x0000000016f6c800  985       2       com.android.dx.ssa.InterferenceRegisterMapper::addInterfence (62 bytes)
Event: 1.927 Thread 0x0000000016f6c800 nmethod 985 0x00000000026640d0 code [0x00000000026642e0, 0x0000000002664ae8]
Event: 1.927 Thread 0x0000000016f6c800  958   !   3       com.android.dx.cf.code.RopperMachine::run (1550 bytes)
Event: 1.933 Thread 0x0000000016f5f800 nmethod 942 0x0000000002668dd0 code [0x0000000002669060, 0x0000000002669cc0]
Event: 1.933 Thread 0x0000000016f5f800  995       4       com.android.dx.util.LabeledList::addLabelIndex (43 bytes)
Event: 1.934 Thread 0x0000000016f62800 nmethod 943 0x000000000266b890 code [0x000000000266ba40, 0x000000000266c3b8]
Event: 1.934 Thread 0x0000000016f62800  939 %     4       com.android.dx.ssa.SsaMethod::deleteInsns @ 8 (239 bytes)
Event: 1.939 Thread 0x0000000016f5f800 nmethod 995 0x0000000002654510 code [0x0000000002654660, 0x0000000002654b38]
Event: 1.940 Thread 0x0000000016f5f800  922       4       com.android.dx.ssa.SsaMethod::onSourcesChanged (69 bytes)
Event: 1.943 Thread 0x0000000016f6c800 


GC Heap History (2 events):
Event: 1.545 GC heap before
{Heap before GC invocations=1 (full 0):
 PSYoungGen      total 38400K, used 33280K [0x00000000eab00000, 0x00000000ed580000, 0x0000000100000000)
  eden space 33280K, 100% used [0x00000000eab00000,0x00000000ecb80000,0x00000000ecb80000)
  from space 5120K, 0% used [0x00000000ed080000,0x00000000ed080000,0x00000000ed580000)
  to   space 5120K, 0% used [0x00000000ecb80000,0x00000000ecb80000,0x00000000ed080000)
 ParOldGen       total 87552K, used 0K [0x00000000c0000000, 0x00000000c5580000, 0x00000000eab00000)
  object space 87552K, 0% used [0x00000000c0000000,0x00000000c0000000,0x00000000c5580000)
 Metaspace       used 5785K, capacity 6768K, committed 7040K, reserved 1056768K
  class space    used 594K, capacity 616K, committed 640K, reserved 1048576K
Event: 1.832 GC heap after
Heap after GC invocations=1 (full 0):
 PSYoungGen      total 38400K, used 5113K [0x00000000eab00000, 0x00000000ed580000, 0x0000000100000000)
  eden space 33280K, 0% used [0x00000000eab00000,0x00000000eab00000,0x00000000ecb80000)
  from space 5120K, 99% used [0x00000000ecb80000,0x00000000ed07e628,0x00000000ed080000)
  to   space 5120K, 0% used [0x00000000ed080000,0x00000000ed080000,0x00000000ed580000)
 ParOldGen       total 87552K, used 1392K [0x00000000c0000000, 0x00000000c5580000, 0x00000000eab00000)
  object space 87552K, 1% used [0x00000000c0000000,0x00000000c015c1e0,0x00000000c5580000)
 Metaspace       used 5785K, capacity 6768K, committed 7040K, reserved 1056768K
  class space    used 594K, capacity 616K, committed 640K, reserved 1048576K
}

Deoptimization events (4 events):
Event: 1.030 Thread 0x00000000170f5000 Uncommon trap: reason=unstable_if action=reinterpret pc=0x0000000002523670 method=java.util.BitSet.nextSetBit(I)I @ 87
Event: 1.371 Thread 0x0000000002220800 Uncommon trap: reason=unstable_if action=reinterpret pc=0x00000000025fa09c method=com.android.dx.rop.code.RegisterSpec.equals(ILcom/android/dx/rop/type/TypeBearer;Lcom/android/dx/rop/code/LocalItem;)Z @ 42
Event: 1.449 Thread 0x0000000017101800 Uncommon trap: reason=null_check action=make_not_entrant pc=0x00000000025ca46c method=com.android.dx.ssa.SsaRenamer.getLocalForNewReg(I)Lcom/android/dx/rop/code/LocalItem; @ 19
Event: 1.471 Thread 0x00000000170f5000 Uncommon trap: reason=bimorphic action=maybe_recompile pc=0x000000000252514c method=java.util.HashMap.getNode(ILjava/lang/Object;)Ljava/util/HashMap$Node; @ 126

Internal exceptions (3 events):
Event: 0.126 Thread 0x0000000002220800 Exception <a 'java/lang/NoSuchMethodError': Method sun.misc.Unsafe.defineClass(Ljava/lang/String;[BII)Ljava/lang/Class; name or signature does not match> (0x00000000eab0d560) thrown at [C:\re\workspace\8-2-build-windows-amd64-cygwin\jdk8u60\4407\hotspot\sr¿)å‚ç&¿?
Event: 0.126 Thread 0x0000000002220800 Exception <a 'java/lang/NoSuchMethodError': Method sun.misc.Unsafe.prefetchRead(Ljava/lang/Object;J)V name or signature does not match> (0x00000000eab0d848) thrown at [C:\re\workspace\8-2-build-windows-amd64-cygwin\jdk8u60\4407\hotspot\src\share\vm\prims\jåºîï-˜?
Event: 1.449 Thread 0x0000000017101800 Implicit null exception at 0x00000000025c8afe to 0x00000000025ca449

Events (10 events):
Event: 1.449 Thread 0x0000000017101800 DEOPT UNPACKING pc=0x000000000236582a sp=0x0000000017ede568 mode 2
Event: 1.471 Thread 0x00000000170f5000 Uncommon trap: trap_request=0xffffffc6 fr.pc=0x000000000252514c
Event: 1.471 Thread 0x00000000170f5000 DEOPT PACKING pc=0x000000000252514c sp=0x0000000017bde710
Event: 1.471 Thread 0x00000000170f5000 DEOPT UNPACKING pc=0x000000000236582a sp=0x0000000017bde628 mode 2
Event: 1.537 Executing VM operation: ParallelGCFailedAllocation
Event: 1.832 Executing VM operation: ParallelGCFailedAllocation done
Event: 1.836 loading class java/util/concurrent/locks/LockSupport
Event: 1.836 loading class java/util/concurrent/locks/LockSupport done
Event: 1.836 loading class sun/nio/ch/Interruptible
Event: 1.836 loading class sun/nio/ch/Interruptible done


Dynamic libraries:
0x00007ff7b7250000 - 0x00007ff7b7287000 	C:\Program Files\Java\jdk1.8.0_60\bin\java.exe
0x00007ff82dc20000 - 0x00007ff82dde1000 	C:\WINDOWS\SYSTEM32\ntdll.dll
0x00007ff82d940000 - 0x00007ff82d9ed000 	C:\WINDOWS\system32\KERNEL32.DLL
0x00007ff82a9f0000 - 0x00007ff82abd8000 	C:\WINDOWS\system32\KERNELBASE.dll
0x00007ff82b180000 - 0x00007ff82b227000 	C:\WINDOWS\system32\ADVAPI32.dll
0x00007ff82cc50000 - 0x00007ff82cced000 	C:\WINDOWS\system32\msvcrt.dll
0x00007ff82cbb0000 - 0x00007ff82cc0b000 	C:\WINDOWS\system32\sechost.dll
0x00007ff82d9f0000 - 0x00007ff82db0c000 	C:\WINDOWS\system32\RPCRT4.dll
0x00007ff82b020000 - 0x00007ff82b176000 	C:\WINDOWS\system32\USER32.dll
0x00007ff82b4c0000 - 0x00007ff82b646000 	C:\WINDOWS\system32\GDI32.dll
0x00007ff8261d0000 - 0x00007ff826444000 	C:\WINDOWS\WinSxS\amd64_microsoft.windows.common-controls_6595b64144ccf1df_6.0.10586.0_none_8c15ae12515e1c22\COMCTL32.dll
0x00007ff82d660000 - 0x00007ff82d8dd000 	C:\WINDOWS\system32\combase.dll
0x00007ff82abe0000 - 0x00007ff82ac4a000 	C:\WINDOWS\system32\bcryptPrimitives.dll
0x00007ff82ccf0000 - 0x00007ff82cd2b000 	C:\WINDOWS\system32\IMM32.DLL
0x0000000053250000 - 0x0000000053322000 	C:\Program Files\Java\jdk1.8.0_60\jre\bin\msvcr100.dll
0x0000000053700000 - 0x0000000053f89000 	C:\Program Files\Java\jdk1.8.0_60\jre\bin\server\jvm.dll
0x00007ff82cc10000 - 0x00007ff82cc18000 	C:\WINDOWS\system32\PSAPI.DLL
0x00007ff81e2c0000 - 0x00007ff81e2c9000 	C:\WINDOWS\SYSTEM32\WSOCK32.dll
0x00007ff82cd30000 - 0x00007ff82cd9b000 	C:\WINDOWS\system32\WS2_32.dll
0x00007ff828580000 - 0x00007ff8285a3000 	C:\WINDOWS\SYSTEM32\WINMM.dll
0x00007ff8267e0000 - 0x00007ff8267ea000 	C:\WINDOWS\SYSTEM32\VERSION.dll
0x0000000001e80000 - 0x0000000001eac000 	C:\WINDOWS\SYSTEM32\WINMMBASE.dll
0x00007ff82ad70000 - 0x00007ff82adb3000 	C:\WINDOWS\system32\cfgmgr32.dll
0x00000000536f0000 - 0x00000000536ff000 	C:\Program Files\Java\jdk1.8.0_60\jre\bin\verify.dll
0x00000000536c0000 - 0x00000000536e9000 	C:\Program Files\Java\jdk1.8.0_60\jre\bin\java.dll
0x00000000536a0000 - 0x00000000536b6000 	C:\Program Files\Java\jdk1.8.0_60\jre\bin\zip.dll
0x00007ff82b650000 - 0x00007ff82cbac000 	C:\WINDOWS\system32\SHELL32.dll
0x00007ff82a380000 - 0x00007ff82a9c4000 	C:\WINDOWS\system32\windows.storage.dll
0x00007ff82d390000 - 0x00007ff82d3e2000 	C:\WINDOWS\system32\shlwapi.dll
0x00007ff82a2a0000 - 0x00007ff82a2af000 	C:\WINDOWS\system32\kernel.appcore.dll
0x00007ff82ac50000 - 0x00007ff82ad05000 	C:\WINDOWS\system32\shcore.dll
0x00007ff82a240000 - 0x00007ff82a28b000 	C:\WINDOWS\system32\powrprof.dll
0x00007ff82a2b0000 - 0x00007ff82a2c4000 	C:\WINDOWS\system32\profapi.dll

VM Arguments:
jvm_args: -Djava.awt.headless=true -Xmx1024M -Dfile.encoding=windows-1252 -Duser.country=US -Duser.language=en -Duser.variant 
java_command: com.android.dx.command.Main --dex --force-jumbo --num-threads=4 --multi-dex --output C:\Users\Benny\workspace\ElegantErowid\app\build\intermediates\transforms\dex\debug\folders\1000\10\instant-run_48736ec8c1a86850dd99032cc05d26878cb4f23d C:\Users\Benny\workspace\ElegantErowid\app\build\intermediates\incremental-runtime-classes\debug\instant-run.jar
java_class_path (initial): C:\Users\Benny\AppData\Local\Android\sdk\build-tools\23.0.3\lib\dx.jar
Launcher Type: SUN_STANDARD

Environment Variables:
CLASSPATH=.;
PATH=C:\ProgramData\Oracle\Java\javapath;C:\WINDOWS\system32;C:\WINDOWS;C:\WINDOWS\System32\Wbem;C:\WINDOWS\System32\WindowsPowerShell\v1.0\;C:\Program Files (x86)\GNU\GnuPG\pub;C:\Program Files\Java\jdk1.8.0_60\bin;C:\Program Files (x86)\NVIDIA Corporation\PhysX\Common;C:\WINDOWS\system32;C:\WINDOWS;C:\WINDOWS\System32\Wbem;C:\WINDOWS\System32\WindowsPowerShell\v1.0\;C:\Program Files (x86)\MySQL\MySQL Fabric 1.5 & MySQL Utilities 1.5\;C:\Program Files (x86)\MySQL\MySQL Fabric 1.5 & MySQL Utilities 1.5\Doctrine extensions for PHP\;C:\Program Files (x86)\Skype\Phone\
USERNAME=Benny
OS=Windows_NT
PROCESSOR_IDENTIFIER=AMD64 Family 21 Model 2 Stepping 0, AuthenticAMD



---------------  S Y S T E M  ---------------

OS: Windows 10.0 , 64 bit Build 10586 (10.0.10586.0)

CPU:total 8 (8 cores per cpu, 1 threads per core) family 21 model 2 stepping 0, cmov, cx8, fxsr, mmx, sse, sse2, sse3, ssse3, sse4.1, sse4.2, popcnt, avx, aes, clmul, mmxext, 3dnowpref, lzcnt, sse4a, tsc, tscinvbit, tscinv, bmi1

Memory: 4k page, physical 8370292k(1439928k free), swap 17134620k(5172k free)

vm_info: Java HotSpot(TM) 64-Bit Server VM (25.60-b23) for windows-amd64 JRE (1.8.0_60-b27), built on Aug  4 2015 11:06:27 by "java_re" with MS VC++ 10.0 (VS2010)

time: Thu May 19 20:39:01 2016
elapsed time: 1 seconds (0d 0h 0m 1s)

